2023-03-11 14:39:22,339 | INFO | Script Execution start at : 2023-03-11 14:39:22.338998
2023-03-11 14:39:22,817 | INFO | Module Description :  Flipkart PLA reports download module.

2023-03-11 14:39:22,817 | INFO | PyCon: “Code is more often read than written.” — Guido van Rossum
2023-03-11 14:39:22,817 | INFO | “Code tells you how; Comments tell you why.” — Jeff Atwood (aka Coding Horror)

2023-03-11 14:39:22,817 | INFO | Python Version : 3.10.6 (main, Nov 14 2022, 16:10:14) [GCC 11.3.0]
2023-03-11 14:39:22,817 | INFO | Platform : Linux
2023-03-11 14:39:22,817 | INFO | author :  AGL 
2023-03-11 14:39:22,817 | INFO | copyright : Copyright 2022, AGL
2023-03-11 14:39:22,817 | INFO | credits : ['Shubham Jangid']
2023-03-11 14:39:22,817 | INFO | license : AGL PVT LIMITED
2023-03-11 14:39:22,817 | INFO | version : 1.0.0
2023-03-11 14:39:22,817 | INFO | maintainer : Shubham Jangid
2023-03-11 14:39:22,817 | INFO | contact_email : jangid.shubham@adglobal360.com
2023-03-11 14:39:22,817 | INFO | status : dev

2023-03-11 14:39:26,113 | INFO | Email inserted.
2023-03-11 14:39:26,327 | INFO | Password inserted.
2023-03-11 14:39:36,394 | INFO | login button clicked.
2023-03-11 14:39:36,394 | INFO | logged in successfully.
2023-03-11 14:39:36,394 | INFO | Process start for PlacementPerformanceReport
2023-03-11 14:39:36,395 | INFO | Process start for SearchTeamReport
2023-03-11 14:39:47,617 | INFO | pop up box removed..
2023-03-11 14:39:53,678 | INFO | ad product dropdown clicked
2023-03-11 14:39:59,818 | INFO | PLA option selected.
2023-03-11 14:40:02,880 | ERROR | Error clicking report type box for pla NoSuchElementException('no such element: Unable to locate element: {"method":"xpath","selector":"//*[@id="app"]/div[1]/div[1]/div/div[2]/div/div[2]/div[2]/div[1]/div[2]/div[2]/div"}\n  (Session info: chrome=111.0.5563.64)', None, None)
2023-03-11 14:40:05,925 | ERROR | error selecting option NoSuchElementException('no such element: Unable to locate element: {"method":"xpath","selector":"//*[@id="popover-content"]/div/div[2]"}\n  (Session info: chrome=111.0.5563.64)', None, None)
2023-03-11 14:40:11,050 | INFO | report type drop down cliked
2023-03-11 14:40:17,068 | ERROR | Error selecting report type NoSuchWindowException('no such window: target window already closed\nfrom unknown error: web view not found\n  (Session info: chrome=111.0.5563.64)', None, None)
2023-03-11 14:40:17,069 | INFO | Search Team Report type selected
2023-03-11 14:40:19,078 | ERROR |  Date div not found NoSuchWindowException('no such window: target window already closed\nfrom unknown error: web view not found\n  (Session info: chrome=111.0.5563.64)', None, None)
2023-03-11 14:40:21,086 | ERROR | Range not clicked or element not found NoSuchWindowException('no such window: target window already closed\nfrom unknown error: web view not found\n  (Session info: chrome=111.0.5563.64)', None, None)
2023-03-11 14:40:23,096 | ERROR | Error downloading selected report.
2023-03-11 14:40:28,099 | INFO | Downloaded file name : downloaded.csv
2023-03-11 14:40:28,099 | INFO | changed file name : /home/shubh/Desktop/AGL/chrome-headless/plaReports/downloaded.csv
2023-03-11 14:40:28,099 | INFO | file name changed..
