2023-03-15 14:12:27,776 | INFO | Script Execution start at : 2023-03-15 14:12:27.773448
2023-03-15 14:12:28,472 | INFO | Module Description :  Flipkart Campaign|AdGroup|Creative|FSN automation script.

2023-03-15 14:12:28,472 | INFO | PyCon: “Code is more often read than written.” — Guido van Rossum
2023-03-15 14:12:28,472 | INFO | “Code tells you how; Comments tell you why.” — Jeff Atwood (aka Coding Horror)

2023-03-15 14:12:28,472 | INFO | Python Version : 3.10.6 (main, Nov 14 2022, 16:10:14) [GCC 11.3.0]
2023-03-15 14:12:28,472 | INFO | Platform : Linux
2023-03-15 14:12:28,472 | INFO | author :  AGL 
2023-03-15 14:12:28,472 | INFO | copyright : Copyright 2022, AGL
2023-03-15 14:12:28,472 | INFO | credits : ['Shubham Jangid']
2023-03-15 14:12:28,473 | INFO | license : AGL PVT LIMITED
2023-03-15 14:12:28,473 | INFO | version : 1.0.0
2023-03-15 14:12:28,473 | INFO | maintainer : Shubham Jangid
2023-03-15 14:12:28,473 | INFO | contact_email : jangid.shubham@adglobal360.com
2023-03-15 14:12:28,473 | INFO | status : dev

2023-03-15 14:12:29,744 | INFO | Logging in ...
2023-03-15 14:12:30,936 | INFO | Email inserted.
2023-03-15 14:12:31,117 | INFO | Password inserted.
2023-03-15 14:12:41,239 | INFO | login button clicked.
2023-03-15 14:12:41,239 | INFO | logged in successfully.
2023-03-15 14:12:50,027 | INFO | Segment PLA and campaign_id 5WTD9PU15QX0 selected.
2023-03-15 14:12:52,071 | INFO | pop up box removed..
2023-03-15 14:12:55,072 | INFO | Pop up box removed...
2023-03-15 14:13:00,128 | INFO | campaign state changed successfully
