2023-03-15 10:21:05,922 | INFO | Script Execution start at : 2023-03-15 10:21:05.922144
2023-03-15 10:21:06,275 | ERROR | Module not found error : ModuleNotFoundError("No module named 'rich'")
2023-03-15 10:21:06,275 | INFO | Module Description :  Flipkart Campaign|AdGroup|Creative|FSN automation script.

2023-03-15 10:21:06,275 | INFO | PyCon: “Code is more often read than written.” — Guido van Rossum
2023-03-15 10:21:06,275 | INFO | “Code tells you how; Comments tell you why.” — Jeff Atwood (aka Coding Horror)

2023-03-15 10:21:06,275 | INFO | Python Version : 3.10.6 (main, Nov 14 2022, 16:10:14) [GCC 11.3.0]
2023-03-15 10:21:06,275 | INFO | Platform : Linux
2023-03-15 10:21:06,275 | INFO | author :  AGL 
2023-03-15 10:21:06,275 | INFO | copyright : Copyright 2022, AGL
2023-03-15 10:21:06,275 | INFO | credits : ['Shubham Jangid']
2023-03-15 10:21:06,275 | INFO | license : AGL PVT LIMITED
2023-03-15 10:21:06,275 | INFO | version : 1.0.0
2023-03-15 10:21:06,275 | INFO | maintainer : Shubham Jangid
2023-03-15 10:21:06,275 | INFO | contact_email : jangid.shubham@adglobal360.com
2023-03-15 10:21:06,275 | INFO | status : dev

2023-03-15 10:21:07,496 | INFO | Logging in ...
2023-03-15 10:21:08,684 | INFO | Email inserted.
2023-03-15 10:21:08,871 | INFO | Password inserted.
2023-03-15 10:21:18,927 | INFO | login button clicked.
2023-03-15 10:21:18,927 | INFO | logged in successfully.
2023-03-15 10:21:29,882 | INFO | pop up box removed..
2023-03-15 10:21:35,956 | INFO | continue btn clicked
2023-03-15 10:21:41,133 | INFO | current val of budget is : 1002
2023-03-15 10:21:43,337 | INFO | New budget : 1002.0
2023-03-15 10:21:48,519 | INFO | final continue btn clicked
2023-03-15 10:21:54,583 | INFO | submit btn clicked
2023-03-15 10:22:08,067 | INFO | pop up box removed..
2023-03-15 10:22:14,163 | INFO | current val of budget is : 1002
2023-03-15 10:22:16,330 | INFO | New budget : 1002.0
2023-03-15 10:22:21,419 | INFO | final continue btn clicked
2023-03-15 10:22:27,520 | INFO | submit btn clicked
