2023-03-10 12:26:28,545 | INFO | Script Execution start at : 2023-03-10 12:26:28.545455
2023-03-10 12:26:28,915 | ERROR | Module not found error : ModuleNotFoundError("No module named 'iteration_utilities'")
2023-03-10 12:26:28,915 | INFO | Module Description :  Flipkart PCA/PLA Supermart reports download module.

2023-03-10 12:26:28,915 | INFO | PyCon: “Code is more often read than written.” — Guido van Rossum
2023-03-10 12:26:28,915 | INFO | “Code tells you how; Comments tell you why.” — Jeff Atwood (aka Coding Horror)

2023-03-10 12:26:28,915 | INFO | Python Version : 3.10.6 (main, Nov 14 2022, 16:10:14) [GCC 11.3.0]
2023-03-10 12:26:28,915 | INFO | Platform : Linux
2023-03-10 12:26:28,915 | INFO | author :  AGL 
2023-03-10 12:26:28,915 | INFO | copyright : Copyright 2022, AGL
2023-03-10 12:26:28,916 | INFO | credits : ['Shubham Jangid']
2023-03-10 12:26:28,916 | INFO | license : AGL PVT LIMITED
2023-03-10 12:26:28,916 | INFO | version : 1.0.0
2023-03-10 12:26:28,916 | INFO | maintainer : Shubham Jangid
2023-03-10 12:26:28,916 | INFO | contact_email : jangid.shubham@adglobal360.com
2023-03-10 12:26:28,916 | INFO | status : dev

2023-03-10 12:26:31,315 | INFO | Email inserted.
2023-03-10 12:26:31,493 | INFO | Password inserted.
2023-03-10 12:26:41,598 | INFO | login button clicked.
2023-03-10 12:26:41,598 | INFO | logged in successfully.
2023-03-10 12:26:41,599 | INFO | Report downloading and inserting data for supermart pla campaign
2023-03-10 12:26:48,841 | INFO | pop up box removed..
2023-03-10 12:26:54,898 | INFO | drop down clicked
2023-03-10 12:27:03,046 | INFO | supermart option selected...
2023-03-10 12:27:14,267 | INFO | Download btn clicked! Report downloaded
2023-03-10 12:27:19,271 | INFO | Downloaded file name : 3qqakiuusve.csv
2023-03-10 12:27:19,271 | INFO | changed file name : /home/shubh/Desktop/AGL/chrome-headless/pcaPlaReports/downloaded.csv
2023-03-10 12:27:19,272 | INFO | file name changed..
2023-03-10 12:27:19,272 | INFO | Downloaded file name : downloaded.csv
2023-03-10 12:27:19,272 | INFO | changed file name : /home/shubh/Desktop/AGL/chrome-headless/pcaPlaReports/downloaded.csv
2023-03-10 12:27:19,273 | INFO | file name changed..
