2023-03-14 11:51:45,697 | INFO | Script Execution start at : 2023-03-14 11:51:45.697583
2023-03-14 11:51:46,053 | ERROR | Module not found error : ModuleNotFoundError("No module named 'rich'")
2023-03-14 11:51:46,053 | INFO | Module Description :  Flipkart Campaign|AdGroup|Creative|FSN automation script.

2023-03-14 11:51:46,053 | INFO | PyCon: “Code is more often read than written.” — Guido van Rossum
2023-03-14 11:51:46,053 | INFO | “Code tells you how; Comments tell you why.” — Jeff Atwood (aka Coding Horror)

2023-03-14 11:51:46,053 | INFO | Python Version : 3.10.6 (main, Nov 14 2022, 16:10:14) [GCC 11.3.0]
2023-03-14 11:51:46,053 | INFO | Platform : Linux
2023-03-14 11:51:46,053 | INFO | author :  AGL 
2023-03-14 11:51:46,053 | INFO | copyright : Copyright 2022, AGL
2023-03-14 11:51:46,053 | INFO | credits : ['Shubham Jangid']
2023-03-14 11:51:46,053 | INFO | license : AGL PVT LIMITED
2023-03-14 11:51:46,053 | INFO | version : 1.0.0
2023-03-14 11:51:46,053 | INFO | maintainer : Shubham Jangid
2023-03-14 11:51:46,053 | INFO | contact_email : jangid.shubham@adglobal360.com
2023-03-14 11:51:46,054 | INFO | status : dev

2023-03-14 11:51:47,245 | INFO | Logging in ...
2023-03-14 11:51:54,514 | INFO | Email inserted.
2023-03-14 11:51:54,729 | INFO | Password inserted.
2023-03-14 11:52:04,816 | INFO | login button clicked.
2023-03-14 11:52:04,816 | INFO | logged in successfully.
