2023-03-20 18:14:30,558 | INFO | Script Execution start at : 2023-03-20 18:14:30.558258
2023-03-20 18:14:31,077 | INFO | Module Description :  Flipkart Campaign set bit PLA automation script.

2023-03-20 18:14:31,077 | INFO | PyCon: “Code is more often read than written.” — Guido van Rossum
2023-03-20 18:14:31,077 | INFO | “Code tells you how; Comments tell you why.” — Jeff Atwood (aka Coding Horror)

2023-03-20 18:14:31,077 | INFO | Python Version : 3.10.6 (main, Nov 14 2022, 16:10:14) [GCC 11.3.0]
2023-03-20 18:14:31,078 | INFO | Platform : Linux
2023-03-20 18:14:31,078 | INFO | author :  AGL 
2023-03-20 18:14:31,078 | INFO | copyright : Copyright 2022, AGL
2023-03-20 18:14:31,078 | INFO | credits : ['Shubham Jangid']
2023-03-20 18:14:31,078 | INFO | license : AGL PVT LIMITED
2023-03-20 18:14:31,078 | INFO | version : 1.0.0
2023-03-20 18:14:31,078 | INFO | maintainer : Shubham Jangid
2023-03-20 18:14:31,078 | INFO | contact_email : jangid.shubham@adglobal360.com
2023-03-20 18:14:31,078 | INFO | status : dev

2023-03-20 18:14:32,373 | INFO | Logging in ...
2023-03-20 18:14:33,438 | INFO | Email inserted.
2023-03-20 18:14:33,623 | INFO | Password inserted.
2023-03-20 18:14:43,729 | INFO | login button clicked.
2023-03-20 18:14:43,729 | INFO | logged in successfully.
2023-03-20 18:14:54,561 | INFO | pop up box removed..
2023-03-20 18:14:59,657 | INFO | pop up box removed..
2023-03-20 18:15:07,804 | INFO | current val of bid is : 8
2023-03-20 18:15:10,029 | INFO | New bid value : 8.0
2023-03-20 18:15:15,113 | INFO | final continue btn clicked
2023-03-20 18:15:21,232 | INFO | submit btn clicked
2023-03-20 18:15:32,057 | INFO | pop up box removed..
2023-03-20 18:15:35,069 | ERROR | Error removing pop up box
