2023-02-24 14:40:33,606 | INFO | Script Execution start at : 2023-02-24 14:40:33.606057
2023-02-24 14:40:34,031 | ERROR | Module not found error : ModuleNotFoundError("No module named 'pymysql'")
2023-02-24 14:40:34,031 | INFO | Module Description :  Flipkart PCA/PLA reports download module.

2023-02-24 14:40:34,031 | INFO | PyCon: “Code is more often read than written.” — Guido van Rossum
2023-02-24 14:40:34,031 | INFO | “Code tells you how; Comments tell you why.” — Jeff Atwood (aka Coding Horror)

2023-02-24 14:40:34,031 | INFO | Python Version : 3.10.4 (main, Apr  2 2022, 09:04:19) [GCC 11.2.0]
2023-02-24 14:40:34,032 | INFO | Platform : Linux
2023-02-24 14:40:34,032 | INFO | author :  AGL 
2023-02-24 14:40:34,032 | INFO | copyright : Copyright 2022, AGL
2023-02-24 14:40:34,032 | INFO | credits : ['Shubham Jangid']
2023-02-24 14:40:34,032 | INFO | license : AGL PVT LIMITED
2023-02-24 14:40:34,032 | INFO | version : 1.0.0
2023-02-24 14:40:34,032 | INFO | maintainer : Shubham Jangid
2023-02-24 14:40:34,032 | INFO | contact_email : jangid.shubham@adglobal360.com
2023-02-24 14:40:34,032 | INFO | status : dev

2023-02-24 14:40:36,772 | INFO | Email inserted.
2023-02-24 14:40:37,006 | INFO | Password inserted.
2023-02-24 14:40:52,073 | INFO | login button clicked.
2023-02-24 14:40:52,073 | INFO | logged in successfully.
2023-02-24 14:40:57,889 | ERROR | No element found ElementClickInterceptedException()
2023-02-24 14:40:57,904 | ERROR | Error selecting PCA option NoSuchElementException()
2023-02-24 14:41:00,970 | INFO | report type drop down cliked
2023-02-24 14:41:10,028 | INFO | Report type selected
2023-02-24 14:41:10,028 | ERROR | Error downloading selected report.
