2023-03-14 17:10:10,937 | INFO | Script Execution start at : 2023-03-14 17:10:10.937839
2023-03-14 17:10:11,461 | ERROR | Module not found error : ModuleNotFoundError("No module named 'rich'")
2023-03-14 17:10:11,461 | INFO | Module Description :  Flipkart Campaign|AdGroup|Creative|FSN automation script.

2023-03-14 17:10:11,461 | INFO | PyCon: “Code is more often read than written.” — Guido van Rossum
2023-03-14 17:10:11,461 | INFO | “Code tells you how; Comments tell you why.” — Jeff Atwood (aka Coding Horror)

2023-03-14 17:10:11,461 | INFO | Python Version : 3.10.6 (main, Nov 14 2022, 16:10:14) [GCC 11.3.0]
2023-03-14 17:10:11,461 | INFO | Platform : Linux
2023-03-14 17:10:11,461 | INFO | author :  AGL 
2023-03-14 17:10:11,461 | INFO | copyright : Copyright 2022, AGL
2023-03-14 17:10:11,461 | INFO | credits : ['Shubham Jangid']
2023-03-14 17:10:11,461 | INFO | license : AGL PVT LIMITED
2023-03-14 17:10:11,461 | INFO | version : 1.0.0
2023-03-14 17:10:11,461 | INFO | maintainer : Shubham Jangid
2023-03-14 17:10:11,461 | INFO | contact_email : jangid.shubham@adglobal360.com
2023-03-14 17:10:11,461 | INFO | status : dev

2023-03-14 17:10:12,830 | INFO | Logging in ...
2023-03-14 17:10:14,138 | INFO | Email inserted.
2023-03-14 17:10:14,342 | INFO | Password inserted.
2023-03-14 17:10:24,397 | INFO | login button clicked.
2023-03-14 17:10:24,397 | INFO | logged in successfully.
2023-03-14 17:10:35,347 | INFO | pop up box removed..
2023-03-14 17:10:41,425 | INFO | continue btn clicked
2023-03-14 17:10:46,524 | INFO | current val of budget is : 1002
2023-03-14 17:10:48,770 | INFO | New budget : 1002.0
2023-03-14 17:10:53,865 | INFO | final continue btn clicked
2023-03-14 17:10:59,928 | INFO | submit btn clicked
2023-03-14 17:11:11,106 | INFO | pop up box removed..
2023-03-14 17:11:17,206 | INFO | current val of budget is : 1002
2023-03-14 17:11:19,371 | INFO | New budget : 1002.0
2023-03-14 17:11:24,456 | INFO | final continue btn clicked
2023-03-14 17:11:30,532 | INFO | submit btn clicked
