2023-03-11 16:07:45,922 | INFO | Script Execution start at : 2023-03-11 16:07:45.922308
2023-03-11 16:07:46,502 | INFO | Module Description :  Flipkart PLA reports download module.

2023-03-11 16:07:46,503 | INFO | PyCon: “Code is more often read than written.” — Guido van Rossum
2023-03-11 16:07:46,503 | INFO | “Code tells you how; Comments tell you why.” — Jeff Atwood (aka Coding Horror)

2023-03-11 16:07:46,503 | INFO | Python Version : 3.10.6 (main, Nov 14 2022, 16:10:14) [GCC 11.3.0]
2023-03-11 16:07:46,503 | INFO | Platform : Linux
2023-03-11 16:07:46,503 | INFO | author :  AGL 
2023-03-11 16:07:46,503 | INFO | copyright : Copyright 2022, AGL
2023-03-11 16:07:46,503 | INFO | credits : ['Shubham Jangid']
2023-03-11 16:07:46,503 | INFO | license : AGL PVT LIMITED
2023-03-11 16:07:46,503 | INFO | version : 1.0.0
2023-03-11 16:07:46,503 | INFO | maintainer : Shubham Jangid
2023-03-11 16:07:46,503 | INFO | contact_email : jangid.shubham@adglobal360.com
2023-03-11 16:07:46,503 | INFO | status : dev

2023-03-11 16:07:49,706 | INFO | Email inserted.
2023-03-11 16:07:49,919 | INFO | Password inserted.
2023-03-11 16:07:59,982 | INFO | login button clicked.
2023-03-11 16:07:59,982 | INFO | logged in successfully.
2023-03-11 16:07:59,982 | INFO | Process start for PlacementPerformanceReport
2023-03-11 16:07:59,983 | INFO | Process start for SearchTeamReport
2023-03-11 16:07:59,983 | INFO | Process start for Consolidated FSN  Report
2023-03-11 16:07:59,983 | INFO | Process start for Keyword Report
2023-03-11 16:08:11,122 | INFO | pop up box removed..
2023-03-11 16:08:17,182 | INFO | ad product dropdown clicked
2023-03-11 16:08:23,242 | INFO | PLA option selected
2023-03-11 16:08:25,411 | INFO | click report for box clicked
2023-03-11 16:08:27,475 | INFO | flipkart supermart option selected
2023-03-11 16:08:31,600 | INFO | report type drop down cliked
2023-03-11 16:08:39,698 | INFO | Report type selected
2023-03-11 16:08:39,699 | INFO | Keyword Report  type selected
2023-03-11 16:08:45,866 | INFO | date div box clicked
2023-03-11 16:08:52,101 | INFO | Range selected..
2023-03-11 16:08:57,161 | INFO | Download button clicked
2023-03-11 16:09:02,166 | INFO | Report download completed...
2023-03-11 16:09:07,170 | INFO | Downloaded file name : i1a5w1g04le.csv
2023-03-11 16:09:07,171 | INFO | changed file name : /home/shubh/Desktop/AGL/chrome-headless/plaReports/downloaded.csv
2023-03-11 16:09:07,171 | INFO | file name changed..
2023-03-11 16:09:07,171 | INFO | Downloaded file name : 5rf0sd2f1h7.csv
2023-03-11 16:09:07,171 | INFO | changed file name : /home/shubh/Desktop/AGL/chrome-headless/plaReports/downloaded.csv
2023-03-11 16:09:07,171 | INFO | file name changed..
