2023-02-27 08:26:27,751 | INFO | Script Execution start at : 2023-02-27 08:26:27.751576
2023-02-27 08:26:28,107 | ERROR | Module not found error : ModuleNotFoundError("No module named 'rich'")
2023-02-27 08:26:28,108 | INFO | Module Description :  Flipkart PCA/PLA reports download module.

2023-02-27 08:26:28,108 | INFO | PyCon: “Code is more often read than written.” — Guido van Rossum
2023-02-27 08:26:28,108 | INFO | “Code tells you how; Comments tell you why.” — Jeff Atwood (aka Coding Horror)

2023-02-27 08:26:28,108 | INFO | Python Version : 3.10.4 (main, Apr  2 2022, 09:04:19) [GCC 11.2.0]
2023-02-27 08:26:28,108 | INFO | Platform : Linux
2023-02-27 08:26:28,108 | INFO | author :  AGL 
2023-02-27 08:26:28,108 | INFO | copyright : Copyright 2022, AGL
2023-02-27 08:26:28,108 | INFO | credits : ['Shubham Jangid']
2023-02-27 08:26:28,108 | INFO | license : AGL PVT LIMITED
2023-02-27 08:26:28,108 | INFO | version : 1.0.0
2023-02-27 08:26:28,108 | INFO | maintainer : Shubham Jangid
2023-02-27 08:26:28,108 | INFO | contact_email : jangid.shubham@adglobal360.com
2023-02-27 08:26:28,108 | INFO | status : dev

2023-02-27 08:26:30,717 | INFO | Email inserted.
2023-02-27 08:26:30,942 | INFO | Password inserted.
2023-02-27 08:26:41,000 | INFO | login button clicked.
2023-02-27 08:26:41,000 | INFO | logged in successfully.
2023-02-27 08:26:48,930 | INFO | pop up box removed..
2023-02-27 08:26:55,090 | INFO | ad product dropdown clicked
2023-02-27 08:27:01,234 | INFO | PCA option selected.
2023-02-27 08:27:05,349 | INFO | report type drop down cliked
2023-02-27 08:27:13,504 | INFO | Report type selected
2023-02-27 08:27:19,744 | INFO | date div box clicked
2023-02-27 08:27:25,864 | INFO | Range selected..
2023-02-27 08:27:30,940 | INFO | Download button clicked
2023-02-27 08:27:35,945 | INFO | Report download completed...
2023-02-27 08:27:37,947 | INFO | Downloaded file name : 8hm4a5xj09.csv
2023-02-27 08:27:40,527 | INFO | inserting data...
2023-02-27 08:27:40,528 | INFO | data inserted in flipkart_supermart_campaign_report_pca table.
