2023-03-06 12:48:09,473 | INFO | Script Execution start at : 2023-03-06 12:48:09.473441
2023-03-06 12:48:09,940 | INFO | Module Description :  Flipkart Campaign automation script.

2023-03-06 12:48:09,940 | INFO | PyCon: “Code is more often read than written.” — Guido van Rossum
2023-03-06 12:48:09,940 | INFO | “Code tells you how; Comments tell you why.” — Jeff Atwood (aka Coding Horror)

2023-03-06 12:48:09,940 | INFO | Python Version : 3.10.4 (main, Apr  2 2022, 09:04:19) [GCC 11.2.0]
2023-03-06 12:48:09,940 | INFO | Platform : Linux
2023-03-06 12:48:09,940 | INFO | author :  AGL 
2023-03-06 12:48:09,940 | INFO | copyright : Copyright 2022, AGL
2023-03-06 12:48:09,940 | INFO | credits : ['Shubham Jangid']
2023-03-06 12:48:09,940 | INFO | license : AGL PVT LIMITED
2023-03-06 12:48:09,940 | INFO | version : 1.0.0
2023-03-06 12:48:09,940 | INFO | maintainer : Shubham Jangid
2023-03-06 12:48:09,940 | INFO | contact_email : jangid.shubham@adglobal360.com
2023-03-06 12:48:09,940 | INFO | status : dev

2023-03-06 12:48:18,010 | INFO | Email inserted.
2023-03-06 12:48:18,188 | INFO | Password inserted.
2023-03-06 12:48:28,258 | INFO | login button clicked.
2023-03-06 12:48:28,258 | INFO | logged in successfully.
2023-03-06 12:48:34,546 | ERROR | Error removing pop up box
2023-03-06 12:48:38,997 | ERROR | Error removing pop up box
