2023-03-10 16:17:58,375 | INFO | Script Execution start at : 2023-03-10 16:17:58.370990
2023-03-10 16:17:59,126 | INFO | Module Description :  Flipkart PLA reports download module.

2023-03-10 16:17:59,126 | INFO | PyCon: “Code is more often read than written.” — Guido van Rossum
2023-03-10 16:17:59,126 | INFO | “Code tells you how; Comments tell you why.” — Jeff Atwood (aka Coding Horror)

2023-03-10 16:17:59,126 | INFO | Python Version : 3.10.6 (main, Nov 14 2022, 16:10:14) [GCC 11.3.0]
2023-03-10 16:17:59,126 | INFO | Platform : Linux
2023-03-10 16:17:59,127 | INFO | author :  AGL 
2023-03-10 16:17:59,127 | INFO | copyright : Copyright 2022, AGL
2023-03-10 16:17:59,127 | INFO | credits : ['Shubham Jangid']
2023-03-10 16:17:59,127 | INFO | license : AGL PVT LIMITED
2023-03-10 16:17:59,127 | INFO | version : 1.0.0
2023-03-10 16:17:59,127 | INFO | maintainer : Shubham Jangid
2023-03-10 16:17:59,127 | INFO | contact_email : jangid.shubham@adglobal360.com
2023-03-10 16:17:59,127 | INFO | status : dev

2023-03-10 16:18:04,974 | INFO | Email inserted.
2023-03-10 16:18:05,185 | INFO | Password inserted.
2023-03-10 16:18:15,246 | INFO | login button clicked.
2023-03-10 16:18:15,246 | INFO | logged in successfully.
2023-03-10 16:18:15,246 | INFO | Process start for PlacementPerformanceReport
2023-03-10 16:18:24,438 | INFO | pop up box removed..
2023-03-10 16:18:30,491 | INFO | ad product dropdown clicked
2023-03-10 16:18:36,574 | INFO | PLA option selected.
2023-03-10 16:18:38,627 | INFO | click report for box clicked
2023-03-10 16:18:40,686 | INFO | flipkart supermart option selected
2023-03-10 16:18:44,758 | INFO | report type drop down cliked
2023-03-10 16:18:52,865 | INFO | Report type selected
2023-03-10 16:18:52,865 | INFO | Placement Report type selected
2023-03-10 16:18:58,985 | INFO | date div box clicked
2023-03-10 16:19:05,074 | INFO | Range selected..
2023-03-10 16:19:10,215 | INFO | Download button clicked
2023-03-10 16:19:15,218 | INFO | Report download completed...
2023-03-10 16:19:20,222 | INFO | Downloaded file name : 8jfv2ww98s9.csv
2023-03-10 16:19:20,223 | INFO | changed file name : /home/shubh/Desktop/AGL/chrome-headless/plaReports/downloaded.csv
2023-03-10 16:19:20,223 | INFO | file name changed..
2023-03-10 16:19:20,223 | INFO | Downloaded file name : downloaded.csv
2023-03-10 16:19:20,223 | INFO | changed file name : /home/shubh/Desktop/AGL/chrome-headless/plaReports/downloaded.csv
2023-03-10 16:19:20,223 | INFO | file name changed..
2023-03-10 16:19:30,728 | INFO | inserting data...
2023-03-10 16:19:45,743 | INFO | file removed..
2023-03-10 16:19:45,744 | INFO | Process done for PlacementPerformanceReport
