2023-03-11 16:21:01,766 | INFO | Script Execution start at : 2023-03-11 16:21:01.766008
2023-03-11 16:21:02,348 | INFO | Module Description :  Flipkart PLA reports download module.

2023-03-11 16:21:02,348 | INFO | PyCon: “Code is more often read than written.” — Guido van Rossum
2023-03-11 16:21:02,348 | INFO | “Code tells you how; Comments tell you why.” — Jeff Atwood (aka Coding Horror)

2023-03-11 16:21:02,348 | INFO | Python Version : 3.10.6 (main, Nov 14 2022, 16:10:14) [GCC 11.3.0]
2023-03-11 16:21:02,348 | INFO | Platform : Linux
2023-03-11 16:21:02,348 | INFO | author :  AGL 
2023-03-11 16:21:02,348 | INFO | copyright : Copyright 2022, AGL
2023-03-11 16:21:02,348 | INFO | credits : ['Shubham Jangid']
2023-03-11 16:21:02,348 | INFO | license : AGL PVT LIMITED
2023-03-11 16:21:02,348 | INFO | version : 1.0.0
2023-03-11 16:21:02,348 | INFO | maintainer : Shubham Jangid
2023-03-11 16:21:02,348 | INFO | contact_email : jangid.shubham@adglobal360.com
2023-03-11 16:21:02,348 | INFO | status : dev

2023-03-11 16:21:05,718 | INFO | Email inserted.
2023-03-11 16:21:05,898 | INFO | Password inserted.
2023-03-11 16:21:15,958 | INFO | login button clicked.
2023-03-11 16:21:15,959 | INFO | logged in successfully.
2023-03-11 16:21:15,959 | INFO | Process start for PlacementPerformanceReport
2023-03-11 16:21:15,959 | INFO | Process start for SearchTeamReport
2023-03-11 16:21:15,960 | INFO | Process start for Consolidated FSN  Report
2023-03-11 16:21:15,960 | INFO | Process start for Keyword Report
2023-03-11 16:21:27,430 | INFO | pop up box removed..
2023-03-11 16:21:33,498 | INFO | ad product dropdown clicked
2023-03-11 16:21:39,550 | INFO | PLA option selected
2023-03-11 16:21:41,601 | INFO | click report for box clicked
2023-03-11 16:21:43,661 | INFO | flipkart supermart option selected
2023-03-11 16:21:47,727 | INFO | report type drop down cliked
2023-03-11 16:21:55,850 | INFO | Report type selected
2023-03-11 16:21:55,851 | INFO | Keyword Report  type selected
2023-03-11 16:22:02,050 | INFO | date div box clicked
2023-03-11 16:22:08,122 | INFO | Range selected..
2023-03-11 16:22:13,173 | INFO | Download button clicked
2023-03-11 16:22:18,178 | INFO | Report download completed...
2023-03-11 16:22:23,184 | INFO | Downloaded file name : w0o6zogge6n.csv
2023-03-11 16:22:23,184 | INFO | changed file name : /home/shubh/Desktop/AGL/chrome-headless/plaReports/downloaded.csv
2023-03-11 16:22:23,185 | INFO | file name changed..
2023-03-11 16:22:23,185 | INFO | Downloaded file name : downloaded.csv
2023-03-11 16:22:23,185 | INFO | changed file name : /home/shubh/Desktop/AGL/chrome-headless/plaReports/downloaded.csv
2023-03-11 16:22:23,186 | INFO | file name changed..
