2023-03-08 22:08:00,171 | INFO | Script Execution start at : 2023-03-08 22:08:00.170900
2023-03-08 22:08:00,732 | INFO | Module Description :  Flipkart Campaign automation script.

2023-03-08 22:08:00,732 | INFO | PyCon: “Code is more often read than written.” — Guido van Rossum
2023-03-08 22:08:00,732 | INFO | “Code tells you how; Comments tell you why.” — Jeff Atwood (aka Coding Horror)

2023-03-08 22:08:00,732 | INFO | Python Version : 3.10.6 (main, Nov 14 2022, 16:10:14) [GCC 11.3.0]
2023-03-08 22:08:00,732 | INFO | Platform : Linux
2023-03-08 22:08:00,732 | INFO | author :  AGL 
2023-03-08 22:08:00,732 | INFO | copyright : Copyright 2022, AGL
2023-03-08 22:08:00,732 | INFO | credits : ['Shubham Jangid']
2023-03-08 22:08:00,732 | INFO | license : AGL PVT LIMITED
2023-03-08 22:08:00,732 | INFO | version : 1.0.0
2023-03-08 22:08:00,732 | INFO | maintainer : Shubham Jangid
2023-03-08 22:08:00,732 | INFO | contact_email : jangid.shubham@adglobal360.com
2023-03-08 22:08:00,732 | INFO | status : dev

2023-03-08 22:08:03,885 | INFO | Email inserted.
2023-03-08 22:08:04,068 | INFO | Password inserted.
2023-03-08 22:08:14,166 | INFO | login button clicked.
2023-03-08 22:08:14,167 | INFO | logged in successfully.
2023-03-08 22:08:24,217 | INFO | pop up box removed..
2023-03-08 22:08:37,121 | INFO | pop up box removed..
