2023-03-11 15:45:35,741 | INFO | Script Execution start at : 2023-03-11 15:45:35.741555
2023-03-11 15:45:36,251 | INFO | Module Description :  Flipkart PLA reports download module.

2023-03-11 15:45:36,251 | INFO | PyCon: “Code is more often read than written.” — Guido van Rossum
2023-03-11 15:45:36,251 | INFO | “Code tells you how; Comments tell you why.” — Jeff Atwood (aka Coding Horror)

2023-03-11 15:45:36,251 | INFO | Python Version : 3.10.6 (main, Nov 14 2022, 16:10:14) [GCC 11.3.0]
2023-03-11 15:45:36,251 | INFO | Platform : Linux
2023-03-11 15:45:36,251 | INFO | author :  AGL 
2023-03-11 15:45:36,251 | INFO | copyright : Copyright 2022, AGL
2023-03-11 15:45:36,251 | INFO | credits : ['Shubham Jangid']
2023-03-11 15:45:36,251 | INFO | license : AGL PVT LIMITED
2023-03-11 15:45:36,251 | INFO | version : 1.0.0
2023-03-11 15:45:36,251 | INFO | maintainer : Shubham Jangid
2023-03-11 15:45:36,251 | INFO | contact_email : jangid.shubham@adglobal360.com
2023-03-11 15:45:36,251 | INFO | status : dev

2023-03-11 15:45:39,594 | INFO | Email inserted.
2023-03-11 15:45:39,774 | INFO | Password inserted.
2023-03-11 15:45:49,866 | INFO | login button clicked.
2023-03-11 15:45:49,866 | INFO | logged in successfully.
2023-03-11 15:45:49,867 | INFO | Process start for PlacementPerformanceReport
2023-03-11 15:45:49,867 | INFO | Process start for SearchTeamReport
2023-03-11 15:45:49,867 | INFO | Process start for Consolidated FSN  Report
2023-03-11 15:46:01,202 | INFO | pop up box removed..
2023-03-11 15:46:07,322 | INFO | ad product dropdown clicked
2023-03-11 15:46:13,396 | INFO | PLA option selected
2023-03-11 15:46:15,450 | INFO | click report for box clicked
2023-03-11 15:46:17,581 | INFO | flipkart supermart option selected
2023-03-11 15:46:21,665 | INFO | report type drop down cliked
2023-03-11 15:46:29,731 | INFO | Report type selected
2023-03-11 15:46:29,732 | INFO | Consolidated FSN  Report type selected
2023-03-11 15:46:35,962 | INFO | date div box clicked
2023-03-11 15:46:42,072 | INFO | Range selected..
2023-03-11 15:46:47,206 | INFO | Download button clicked
2023-03-11 15:46:52,210 | INFO | Report download completed...
2023-03-11 15:46:57,216 | INFO | Downloaded file name : ho346mf6xhr.csv
2023-03-11 15:46:57,216 | INFO | changed file name : /home/shubh/Desktop/AGL/chrome-headless/plaReports/downloaded.csv
2023-03-11 15:46:57,216 | INFO | file name changed..
2023-03-11 15:46:57,216 | INFO | Downloaded file name : downloaded.csv
2023-03-11 15:46:57,216 | INFO | changed file name : /home/shubh/Desktop/AGL/chrome-headless/plaReports/downloaded.csv
2023-03-11 15:46:57,216 | INFO | file name changed..
2023-03-11 15:47:07,688 | INFO | inserting data...
2023-03-11 15:47:37,720 | INFO | file removed..
2023-03-11 15:47:37,721 | INFO | Process done for Consolidated FSN  Report for PLA
