2023-03-09 12:26:24,142 | INFO | Script Execution start at : 2023-03-09 12:26:24.142019
2023-03-09 12:26:24,623 | INFO | Module Description :  Flipkart PCA/PLA Supermart reports download module.

2023-03-09 12:26:24,623 | INFO | PyCon: “Code is more often read than written.” — Guido van Rossum
2023-03-09 12:26:24,623 | INFO | “Code tells you how; Comments tell you why.” — Jeff Atwood (aka Coding Horror)

2023-03-09 12:26:24,623 | INFO | Python Version : 3.10.6 (main, Nov 14 2022, 16:10:14) [GCC 11.3.0]
2023-03-09 12:26:24,623 | INFO | Platform : Linux
2023-03-09 12:26:24,623 | INFO | author :  AGL 
2023-03-09 12:26:24,623 | INFO | copyright : Copyright 2022, AGL
2023-03-09 12:26:24,623 | INFO | credits : ['Shubham Jangid']
2023-03-09 12:26:24,623 | INFO | license : AGL PVT LIMITED
2023-03-09 12:26:24,623 | INFO | version : 1.0.0
2023-03-09 12:26:24,623 | INFO | maintainer : Shubham Jangid
2023-03-09 12:26:24,623 | INFO | contact_email : jangid.shubham@adglobal360.com
2023-03-09 12:26:24,623 | INFO | status : dev

2023-03-09 12:26:27,548 | INFO | Email inserted.
2023-03-09 12:26:27,728 | INFO | Password inserted.
2023-03-09 12:26:37,783 | INFO | login button clicked.
2023-03-09 12:26:37,783 | INFO | logged in successfully.
2023-03-09 12:26:41,266 | INFO | pop up box removed..
2023-03-09 12:26:44,371 | INFO | drop down clicked
2023-03-09 12:26:50,579 | INFO | supermart option selected...
2023-03-09 12:26:53,604 | ERROR | Error downloading report AttributeError("'function' object has no attribute 'click'")
2023-03-09 12:26:53,604 | INFO | Process start for ConsolidatedDailyReport
