2023-03-15 10:23:42,998 | INFO | Script Execution start at : 2023-03-15 10:23:42.997962
2023-03-15 10:23:43,354 | ERROR | Module not found error : ModuleNotFoundError("No module named 'rich'")
2023-03-15 10:23:43,354 | INFO | Module Description :  Flipkart Campaign|AdGroup|Creative|FSN automation script.

2023-03-15 10:23:43,354 | INFO | PyCon: “Code is more often read than written.” — Guido van Rossum
2023-03-15 10:23:43,354 | INFO | “Code tells you how; Comments tell you why.” — Jeff Atwood (aka Coding Horror)

2023-03-15 10:23:43,354 | INFO | Python Version : 3.10.6 (main, Nov 14 2022, 16:10:14) [GCC 11.3.0]
2023-03-15 10:23:43,354 | INFO | Platform : Linux
2023-03-15 10:23:43,354 | INFO | author :  AGL 
2023-03-15 10:23:43,354 | INFO | copyright : Copyright 2022, AGL
2023-03-15 10:23:43,354 | INFO | credits : ['Shubham Jangid']
2023-03-15 10:23:43,354 | INFO | license : AGL PVT LIMITED
2023-03-15 10:23:43,355 | INFO | version : 1.0.0
2023-03-15 10:23:43,355 | INFO | maintainer : Shubham Jangid
2023-03-15 10:23:43,355 | INFO | contact_email : jangid.shubham@adglobal360.com
2023-03-15 10:23:43,355 | INFO | status : dev

2023-03-15 10:23:44,574 | INFO | Logging in ...
2023-03-15 10:23:45,861 | INFO | Email inserted.
2023-03-15 10:23:46,048 | INFO | Password inserted.
2023-03-15 10:23:56,135 | INFO | login button clicked.
2023-03-15 10:23:56,135 | INFO | logged in successfully.
2023-03-15 10:24:07,090 | INFO | pop up box removed..
2023-03-15 10:24:13,175 | INFO | continue btn clicked
2023-03-15 10:24:18,387 | INFO | current val of budget is : 1002
2023-03-15 10:24:20,587 | INFO | New budget : 1002.0
2023-03-15 10:24:25,687 | INFO | final continue btn clicked
2023-03-15 10:24:31,839 | INFO | submit btn clicked
2023-03-15 10:24:42,811 | INFO | pop up box removed..
2023-03-15 10:24:48,911 | INFO | current val of budget is : 1002
2023-03-15 10:24:51,085 | INFO | New budget : 1002.0
2023-03-15 10:24:56,167 | INFO | final continue btn clicked
2023-03-15 10:25:02,239 | INFO | submit btn clicked
