2023-03-13 11:52:55,162 | INFO | Script Execution start at : 2023-03-13 11:52:55.161975
2023-03-13 11:52:56,041 | INFO | Module Description :  Flipkart Campaign|AdGroup|Creative|FSN automation script.

2023-03-13 11:52:56,041 | INFO | PyCon: “Code is more often read than written.” — Guido van Rossum
2023-03-13 11:52:56,041 | INFO | “Code tells you how; Comments tell you why.” — Jeff Atwood (aka Coding Horror)

2023-03-13 11:52:56,041 | INFO | Python Version : 3.10.6 (main, Nov 14 2022, 16:10:14) [GCC 11.3.0]
2023-03-13 11:52:56,041 | INFO | Platform : Linux
2023-03-13 11:52:56,041 | INFO | author :  AGL 
2023-03-13 11:52:56,041 | INFO | copyright : Copyright 2022, AGL
2023-03-13 11:52:56,041 | INFO | credits : ['Shubham Jangid']
2023-03-13 11:52:56,041 | INFO | license : AGL PVT LIMITED
2023-03-13 11:52:56,041 | INFO | version : 1.0.0
2023-03-13 11:52:56,041 | INFO | maintainer : Shubham Jangid
2023-03-13 11:52:56,041 | INFO | contact_email : jangid.shubham@adglobal360.com
2023-03-13 11:52:56,042 | INFO | status : dev

2023-03-13 11:52:57,906 | INFO | Logging in ...
2023-03-13 11:52:59,343 | INFO | Email inserted.
2023-03-13 11:52:59,512 | INFO | Password inserted.
2023-03-13 11:53:09,577 | INFO | login button clicked.
2023-03-13 11:53:09,577 | INFO | logged in successfully.
2023-03-13 11:53:15,454 | INFO | Segment pla and campaign_id 11A55Y8T1P73 selected.
2023-03-13 11:53:20,468 | ERROR | Error changing state of campaign NoSuchElementException('no such element: Unable to locate element: {"method":"xpath","selector":"//*[@id="app"]/div[1]/div[1]/div/div[2]/div/div[2]/header/section/div[2]/div/span[3]/div"}\n  (Session info: chrome=111.0.5563.64)', None, None)
2023-03-13 11:53:26,418 | INFO | Segment pca and campaign_id 3DQQ674515LR selected.
2023-03-13 11:53:31,479 | INFO | campaign state changed successfully
2023-03-13 11:53:40,337 | INFO | Segment pla and campaign_id 11A55Y8T1P73 selected.
2023-03-13 11:53:45,372 | ERROR | Error changing state of campaign NoSuchElementException('no such element: Unable to locate element: {"method":"xpath","selector":"//*[@id="app"]/div[1]/div[1]/div/div[2]/div/div[2]/header/section/div[2]/div/span[3]/div"}\n  (Session info: chrome=111.0.5563.64)', None, None)
2023-03-13 11:53:52,293 | INFO | Segment pca and campaign_id 3DQQ674515LR selected.
2023-03-13 11:53:57,420 | INFO | campaign state changed successfully
2023-03-13 11:54:06,525 | INFO | Segment pca and campaign_id 3DQQ674515LR selected.
2023-03-13 11:54:11,530 | ERROR | Error changing state of campaign NoSuchWindowException('no such window: target window already closed\nfrom unknown error: web view not found\n  (Session info: chrome=111.0.5563.64)', None, None)
