2023-02-24 14:07:28,088 | INFO | Script Execution start at : 2023-02-24 14:07:28.088626
2023-02-24 14:07:28,449 | ERROR | Module not found error : ModuleNotFoundError("No module named 'pymysql'")
2023-02-24 14:07:28,449 | INFO | Module Description :  Flipkart PCA/PLA reports download module.

2023-02-24 14:07:28,449 | INFO | PyCon: “Code is more often read than written.” — Guido van Rossum
2023-02-24 14:07:28,449 | INFO | “Code tells you how; Comments tell you why.” — Jeff Atwood (aka Coding Horror)

2023-02-24 14:07:28,449 | INFO | Python Version : 3.10.4 (main, Apr  2 2022, 09:04:19) [GCC 11.2.0]
2023-02-24 14:07:28,449 | INFO | Platform : Linux
2023-02-24 14:07:28,449 | INFO | author :  AGL 
2023-02-24 14:07:28,449 | INFO | copyright : Copyright 2022, AGL
2023-02-24 14:07:28,449 | INFO | credits : ['Shubham Jangid']
2023-02-24 14:07:28,449 | INFO | license : AGL PVT LIMITED
2023-02-24 14:07:28,449 | INFO | version : 1.0.0
2023-02-24 14:07:28,449 | INFO | maintainer : Shubham Jangid
2023-02-24 14:07:28,449 | INFO | contact_email : jangid.shubham@adglobal360.com
2023-02-24 14:07:28,449 | INFO | status : dev

2023-02-24 14:07:30,641 | INFO | Email inserted.
2023-02-24 14:07:30,822 | INFO | Password inserted.
2023-02-24 14:07:30,866 | INFO | login button clicked.
2023-02-24 14:07:30,867 | INFO | logged in successfully.
2023-02-24 14:07:31,743 | ERROR | No element found NoSuchElementException()
2023-02-24 14:07:31,757 | ERROR | Error selecting PCA option NoSuchElementException()
2023-02-24 14:07:31,770 | ERROR | Error click report type drop down NoSuchElementException()
2023-02-24 14:07:31,781 | ERROR | Error selecting report type NoSuchElementException()
2023-02-24 14:07:31,794 | ERROR | Error downloading selected report.
