2023-03-06 19:18:06,241 | INFO | Script Execution start at : 2023-03-06 19:18:06.241592
2023-03-06 19:18:06,765 | INFO | Module Description :  Flipkart Campaign automation script.

2023-03-06 19:18:06,765 | INFO | PyCon: “Code is more often read than written.” — Guido van Rossum
2023-03-06 19:18:06,765 | INFO | “Code tells you how; Comments tell you why.” — Jeff Atwood (aka Coding Horror)

2023-03-06 19:18:06,765 | INFO | Python Version : 3.10.4 (main, Apr  2 2022, 09:04:19) [GCC 11.2.0]
2023-03-06 19:18:06,765 | INFO | Platform : Linux
2023-03-06 19:18:06,765 | INFO | author :  AGL 
2023-03-06 19:18:06,765 | INFO | copyright : Copyright 2022, AGL
2023-03-06 19:18:06,765 | INFO | credits : ['Shubham Jangid']
2023-03-06 19:18:06,765 | INFO | license : AGL PVT LIMITED
2023-03-06 19:18:06,765 | INFO | version : 1.0.0
2023-03-06 19:18:06,765 | INFO | maintainer : Shubham Jangid
2023-03-06 19:18:06,765 | INFO | contact_email : jangid.shubham@adglobal360.com
2023-03-06 19:18:06,765 | INFO | status : dev

2023-03-06 19:18:09,778 | INFO | Email inserted.
2023-03-06 19:18:09,983 | INFO | Password inserted.
2023-03-06 19:18:20,090 | INFO | login button clicked.
2023-03-06 19:18:20,090 | INFO | logged in successfully.
2023-03-06 19:18:26,112 | ERROR | Error removing pop up box
2023-03-06 19:18:30,277 | ERROR | Error removing pop up box
