2023-03-06 19:31:44,907 | INFO | Script Execution start at : 2023-03-06 19:31:44.906974
2023-03-06 19:31:45,402 | INFO | Module Description :  Flipkart Campaign automation script.

2023-03-06 19:31:45,403 | INFO | PyCon: “Code is more often read than written.” — Guido van Rossum
2023-03-06 19:31:45,403 | INFO | “Code tells you how; Comments tell you why.” — Jeff Atwood (aka Coding Horror)

2023-03-06 19:31:45,403 | INFO | Python Version : 3.10.4 (main, Apr  2 2022, 09:04:19) [GCC 11.2.0]
2023-03-06 19:31:45,403 | INFO | Platform : Linux
2023-03-06 19:31:45,403 | INFO | author :  AGL 
2023-03-06 19:31:45,403 | INFO | copyright : Copyright 2022, AGL
2023-03-06 19:31:45,403 | INFO | credits : ['Shubham Jangid']
2023-03-06 19:31:45,403 | INFO | license : AGL PVT LIMITED
2023-03-06 19:31:45,404 | INFO | version : 1.0.0
2023-03-06 19:31:45,404 | INFO | maintainer : Shubham Jangid
2023-03-06 19:31:45,404 | INFO | contact_email : jangid.shubham@adglobal360.com
2023-03-06 19:31:45,404 | INFO | status : dev

2023-03-06 19:31:48,565 | INFO | Email inserted.
2023-03-06 19:31:48,779 | INFO | Password inserted.
2023-03-06 19:31:58,910 | INFO | login button clicked.
2023-03-06 19:31:58,910 | INFO | logged in successfully.
2023-03-06 19:32:10,104 | INFO | pop up box removed..
2023-03-06 19:32:13,171 | INFO | DropDown clicked 
2023-03-06 19:32:18,384 | INFO |  PCA option is selected
2023-03-06 19:32:23,530 | INFO | Changes applied option set successfully..
2023-03-06 19:32:29,806 | INFO | pop up box removed..
