2023-02-24 20:35:18,596 | INFO | Script Execution start at : 2023-02-24 20:35:18.596253
2023-02-24 20:35:18,943 | ERROR | Module not found error : ModuleNotFoundError("No module named 'pymysql'")
2023-02-24 20:35:18,943 | INFO | Module Description :  Flipkart PCA/PLA reports download module.

2023-02-24 20:35:18,943 | INFO | PyCon: “Code is more often read than written.” — Guido van Rossum
2023-02-24 20:35:18,944 | INFO | “Code tells you how; Comments tell you why.” — Jeff Atwood (aka Coding Horror)

2023-02-24 20:35:18,944 | INFO | Python Version : 3.10.4 (main, Apr  2 2022, 09:04:19) [GCC 11.2.0]
2023-02-24 20:35:18,944 | INFO | Platform : Linux
2023-02-24 20:35:18,944 | INFO | author :  AGL 
2023-02-24 20:35:18,944 | INFO | copyright : Copyright 2022, AGL
2023-02-24 20:35:18,944 | INFO | credits : ['Shubham Jangid']
2023-02-24 20:35:18,944 | INFO | license : AGL PVT LIMITED
2023-02-24 20:35:18,944 | INFO | version : 1.0.0
2023-02-24 20:35:18,944 | INFO | maintainer : Shubham Jangid
2023-02-24 20:35:18,944 | INFO | contact_email : jangid.shubham@adglobal360.com
2023-02-24 20:35:18,944 | INFO | status : dev

2023-02-24 20:35:22,406 | INFO | Email inserted.
2023-02-24 20:35:22,620 | INFO | Password inserted.
2023-02-24 20:35:37,681 | INFO | login button clicked.
2023-02-24 20:35:37,681 | INFO | logged in successfully.
2023-02-24 20:35:46,370 | INFO | pop up box removed..
2023-02-24 20:36:06,441 | INFO | ad product dropdown clicked
2023-02-24 20:36:26,577 | INFO | PCA option selected.
2023-02-24 20:36:36,703 | INFO | report type drop down cliked
2023-02-24 20:37:06,781 | INFO | Report type selected
2023-02-24 20:37:26,933 | INFO | date div box clicked
2023-02-24 20:37:47,013 | INFO | Range selected or yesterday date selected
2023-02-24 20:37:52,074 | INFO | Download button clicked
