2023-03-14 12:58:15,387 | INFO | Script Execution start at : 2023-03-14 12:58:15.387026
2023-03-14 12:58:15,749 | ERROR | Module not found error : ModuleNotFoundError("No module named 'rich'")
2023-03-14 12:58:15,749 | INFO | Module Description :  Flipkart Campaign|AdGroup|Creative|FSN automation script.

2023-03-14 12:58:15,750 | INFO | PyCon: “Code is more often read than written.” — Guido van Rossum
2023-03-14 12:58:15,750 | INFO | “Code tells you how; Comments tell you why.” — Jeff Atwood (aka Coding Horror)

2023-03-14 12:58:15,750 | INFO | Python Version : 3.10.6 (main, Nov 14 2022, 16:10:14) [GCC 11.3.0]
2023-03-14 12:58:15,750 | INFO | Platform : Linux
2023-03-14 12:58:15,750 | INFO | author :  AGL 
2023-03-14 12:58:15,750 | INFO | copyright : Copyright 2022, AGL
2023-03-14 12:58:15,750 | INFO | credits : ['Shubham Jangid']
2023-03-14 12:58:15,750 | INFO | license : AGL PVT LIMITED
2023-03-14 12:58:15,750 | INFO | version : 1.0.0
2023-03-14 12:58:15,750 | INFO | maintainer : Shubham Jangid
2023-03-14 12:58:15,750 | INFO | contact_email : jangid.shubham@adglobal360.com
2023-03-14 12:58:15,750 | INFO | status : dev

2023-03-14 12:58:17,008 | INFO | Logging in ...
2023-03-14 12:58:18,213 | INFO | Email inserted.
2023-03-14 12:58:18,421 | INFO | Password inserted.
2023-03-14 12:58:28,492 | INFO | login button clicked.
2023-03-14 12:58:28,492 | INFO | logged in successfully.
2023-03-14 12:58:39,656 | INFO | pop up box removed..
2023-03-14 12:58:45,795 | INFO | continue btn clicked
2023-03-14 12:58:51,003 | INFO | current val of budget is : 1001
2023-03-14 12:58:53,411 | INFO | New budget : 1002.0
2023-03-14 12:58:58,492 | INFO | final continue btn clicked
2023-03-14 12:59:04,604 | INFO | submit btn clicked
2023-03-14 12:59:15,561 | INFO | pop up box removed..
2023-03-14 12:59:21,744 | INFO | continue btn clicked
2023-03-14 12:59:23,784 | ERROR | Error in set budget.. NoSuchElementException()
2023-03-14 12:59:28,900 | INFO | final continue btn clicked
2023-03-14 12:59:35,036 | INFO | submit btn clicked
