2023-03-14 12:09:59,856 | INFO | Script Execution start at : 2023-03-14 12:09:59.856096
2023-03-14 12:10:00,278 | ERROR | Module not found error : ModuleNotFoundError("No module named 'rich'")
2023-03-14 12:10:00,278 | INFO | Module Description :  Flipkart Campaign|AdGroup|Creative|FSN automation script.

2023-03-14 12:10:00,278 | INFO | PyCon: “Code is more often read than written.” — Guido van Rossum
2023-03-14 12:10:00,279 | INFO | “Code tells you how; Comments tell you why.” — Jeff Atwood (aka Coding Horror)

2023-03-14 12:10:00,279 | INFO | Python Version : 3.10.6 (main, Nov 14 2022, 16:10:14) [GCC 11.3.0]
2023-03-14 12:10:00,279 | INFO | Platform : Linux
2023-03-14 12:10:00,279 | INFO | author :  AGL 
2023-03-14 12:10:00,279 | INFO | copyright : Copyright 2022, AGL
2023-03-14 12:10:00,279 | INFO | credits : ['Shubham Jangid']
2023-03-14 12:10:00,279 | INFO | license : AGL PVT LIMITED
2023-03-14 12:10:00,279 | INFO | version : 1.0.0
2023-03-14 12:10:00,279 | INFO | maintainer : Shubham Jangid
2023-03-14 12:10:00,279 | INFO | contact_email : jangid.shubham@adglobal360.com
2023-03-14 12:10:00,279 | INFO | status : dev

2023-03-14 12:10:01,574 | INFO | Logging in ...
2023-03-14 12:10:02,798 | INFO | Email inserted.
2023-03-14 12:10:03,083 | INFO | Password inserted.
2023-03-14 12:10:13,148 | INFO | login button clicked.
2023-03-14 12:10:13,148 | INFO | logged in successfully.
2023-03-14 12:10:24,328 | INFO | pop up box removed..
