2023-03-06 19:27:03,245 | INFO | Script Execution start at : 2023-03-06 19:27:03.245599
2023-03-06 19:27:03,723 | INFO | Module Description :  Flipkart Campaign automation script.

2023-03-06 19:27:03,723 | INFO | PyCon: “Code is more often read than written.” — Guido van Rossum
2023-03-06 19:27:03,723 | INFO | “Code tells you how; Comments tell you why.” — Jeff Atwood (aka Coding Horror)

2023-03-06 19:27:03,723 | INFO | Python Version : 3.10.4 (main, Apr  2 2022, 09:04:19) [GCC 11.2.0]
2023-03-06 19:27:03,723 | INFO | Platform : Linux
2023-03-06 19:27:03,723 | INFO | author :  AGL 
2023-03-06 19:27:03,723 | INFO | copyright : Copyright 2022, AGL
2023-03-06 19:27:03,724 | INFO | credits : ['Shubham Jangid']
2023-03-06 19:27:03,724 | INFO | license : AGL PVT LIMITED
2023-03-06 19:27:03,724 | INFO | version : 1.0.0
2023-03-06 19:27:03,724 | INFO | maintainer : Shubham Jangid
2023-03-06 19:27:03,724 | INFO | contact_email : jangid.shubham@adglobal360.com
2023-03-06 19:27:03,724 | INFO | status : dev

2023-03-06 19:27:06,619 | INFO | Email inserted.
2023-03-06 19:27:06,810 | INFO | Password inserted.
2023-03-06 19:27:16,866 | INFO | login button clicked.
2023-03-06 19:27:16,866 | INFO | logged in successfully.
2023-03-06 19:27:28,184 | INFO | pop up box removed..
2023-03-06 19:27:31,274 | INFO | DropDown clicked 
2023-03-06 19:27:36,486 | INFO |  PCA option is selected
2023-03-06 19:27:41,646 | INFO | Changes applied option set successfully..
