2023-02-25 12:43:46,949 | INFO | Script Execution start at : 2023-02-25 12:43:46.949517
2023-02-25 12:43:47,302 | ERROR | Module not found error : ModuleNotFoundError("No module named 'pymysql'")
2023-02-25 12:43:47,302 | INFO | Module Description :  Flipkart PCA/PLA reports download module.

2023-02-25 12:43:47,303 | INFO | PyCon: “Code is more often read than written.” — Guido van Rossum
2023-02-25 12:43:47,303 | INFO | “Code tells you how; Comments tell you why.” — Jeff Atwood (aka Coding Horror)

2023-02-25 12:43:47,303 | INFO | Python Version : 3.10.4 (main, Apr  2 2022, 09:04:19) [GCC 11.2.0]
2023-02-25 12:43:47,303 | INFO | Platform : Linux
2023-02-25 12:43:47,303 | INFO | author :  AGL 
2023-02-25 12:43:47,303 | INFO | copyright : Copyright 2022, AGL
2023-02-25 12:43:47,303 | INFO | credits : ['Shubham Jangid']
2023-02-25 12:43:47,303 | INFO | license : AGL PVT LIMITED
2023-02-25 12:43:47,303 | INFO | version : 1.0.0
2023-02-25 12:43:47,303 | INFO | maintainer : Shubham Jangid
2023-02-25 12:43:47,303 | INFO | contact_email : jangid.shubham@adglobal360.com
2023-02-25 12:43:47,303 | INFO | status : dev

2023-02-25 12:43:49,573 | INFO | Email inserted.
2023-02-25 12:43:49,792 | INFO | Password inserted.
2023-02-25 12:44:04,861 | INFO | login button clicked.
2023-02-25 12:44:04,861 | INFO | logged in successfully.
2023-02-25 12:44:17,255 | INFO | pop up box removed..
2023-02-25 12:44:25,325 | INFO | ad product dropdown clicked
2023-02-25 12:44:33,433 | INFO | PCA option selected.
2023-02-25 12:44:38,493 | INFO | report type drop down cliked
2023-02-25 12:44:55,567 | INFO | Report type selected
2023-02-25 12:44:57,585 | ERROR |  Date div not found NoSuchElementException()
2023-02-25 12:44:59,599 | ERROR | Range not clicked or found NoSuchElementException()
2023-02-25 12:45:01,636 | ERROR | Error downloading selected report.
