2023-03-09 12:29:32,566 | INFO | Script Execution start at : 2023-03-09 12:29:32.565808
2023-03-09 12:29:33,093 | INFO | Module Description :  Flipkart PCA/PLA Supermart reports download module.

2023-03-09 12:29:33,093 | INFO | PyCon: “Code is more often read than written.” — Guido van Rossum
2023-03-09 12:29:33,093 | INFO | “Code tells you how; Comments tell you why.” — Jeff Atwood (aka Coding Horror)

2023-03-09 12:29:33,093 | INFO | Python Version : 3.10.6 (main, Nov 14 2022, 16:10:14) [GCC 11.3.0]
2023-03-09 12:29:33,093 | INFO | Platform : Linux
2023-03-09 12:29:33,093 | INFO | author :  AGL 
2023-03-09 12:29:33,093 | INFO | copyright : Copyright 2022, AGL
2023-03-09 12:29:33,093 | INFO | credits : ['Shubham Jangid']
2023-03-09 12:29:33,093 | INFO | license : AGL PVT LIMITED
2023-03-09 12:29:33,093 | INFO | version : 1.0.0
2023-03-09 12:29:33,093 | INFO | maintainer : Shubham Jangid
2023-03-09 12:29:33,094 | INFO | contact_email : jangid.shubham@adglobal360.com
2023-03-09 12:29:33,094 | INFO | status : dev

2023-03-09 12:29:36,376 | INFO | Email inserted.
2023-03-09 12:29:36,562 | INFO | Password inserted.
2023-03-09 12:29:46,675 | INFO | login button clicked.
2023-03-09 12:29:46,676 | INFO | logged in successfully.
2023-03-09 12:29:50,023 | INFO | pop up box removed..
2023-03-09 12:29:53,078 | INFO | drop down clicked
2023-03-09 12:29:59,243 | INFO | supermart option selected...
2023-03-09 12:30:07,384 | INFO | Download btn clicked! Report downloaded
