2023-03-09 15:13:32,659 | INFO | Script Execution start at : 2023-03-09 15:13:32.658583
2023-03-09 15:13:33,121 | INFO | Module Description :  Flipkart PCA reports download module.

2023-03-09 15:13:33,121 | INFO | PyCon: “Code is more often read than written.” — Guido van Rossum
2023-03-09 15:13:33,121 | INFO | “Code tells you how; Comments tell you why.” — Jeff Atwood (aka Coding Horror)

2023-03-09 15:13:33,121 | INFO | Python Version : 3.10.6 (main, Nov 14 2022, 16:10:14) [GCC 11.3.0]
2023-03-09 15:13:33,122 | INFO | Platform : Linux
2023-03-09 15:13:33,122 | INFO | author :  AGL 
2023-03-09 15:13:33,122 | INFO | copyright : Copyright 2022, AGL
2023-03-09 15:13:33,122 | INFO | credits : ['Shubham Jangid']
2023-03-09 15:13:33,122 | INFO | license : AGL PVT LIMITED
2023-03-09 15:13:33,122 | INFO | version : 1.0.0
2023-03-09 15:13:33,122 | INFO | maintainer : Shubham Jangid
2023-03-09 15:13:33,122 | INFO | contact_email : jangid.shubham@adglobal360.com
2023-03-09 15:13:33,122 | INFO | status : dev

2023-03-09 15:13:36,008 | INFO | Email inserted.
2023-03-09 15:13:36,225 | INFO | Password inserted.
2023-03-09 15:13:46,299 | INFO | login button clicked.
2023-03-09 15:13:46,299 | INFO | logged in successfully.
2023-03-09 15:13:46,299 | INFO | Process start for PlacementPerformanceReport
2023-03-09 15:13:57,702 | INFO | pop up box removed..
2023-03-09 15:14:03,767 | INFO | ad product dropdown clicked
2023-03-09 15:14:09,919 | INFO | PCA option selected.
2023-03-09 15:14:13,993 | INFO | report type drop down cliked
2023-03-09 15:14:22,098 | INFO | Report type selected
2023-03-09 15:14:22,098 | INFO | PlacementPerformanceReport Selected...
2023-03-09 15:14:28,226 | INFO | date div box clicked
2023-03-09 15:14:34,392 | INFO | Range selected..
2023-03-09 15:14:39,446 | INFO | Download button clicked
2023-03-09 15:14:44,451 | INFO | Report download completed...
2023-03-09 15:14:47,455 | INFO | Downloaded file name : l4rl1ut2lh.csv
2023-03-09 15:14:47,455 | INFO | changed file name : /home/shubh/Desktop/AGL/chrome-headless/pcaReports/downloaded.csv
2023-03-09 15:14:47,455 | INFO | file name changed..
