2023-02-27 10:14:56,060 | INFO | Script Execution start at : 2023-02-27 10:14:56.060915
2023-02-27 10:14:56,448 | ERROR | Module not found error : ModuleNotFoundError("No module named 'rich'")
2023-02-27 10:14:56,448 | INFO | Module Description :  Flipkart PCA/PLA reports download module.

2023-02-27 10:14:56,448 | INFO | PyCon: “Code is more often read than written.” — Guido van Rossum
2023-02-27 10:14:56,449 | INFO | “Code tells you how; Comments tell you why.” — Jeff Atwood (aka Coding Horror)

2023-02-27 10:14:56,449 | INFO | Python Version : 3.10.4 (main, Apr  2 2022, 09:04:19) [GCC 11.2.0]
2023-02-27 10:14:56,449 | INFO | Platform : Linux
2023-02-27 10:14:56,449 | INFO | author :  AGL 
2023-02-27 10:14:56,449 | INFO | copyright : Copyright 2022, AGL
2023-02-27 10:14:56,449 | INFO | credits : ['Shubham Jangid']
2023-02-27 10:14:56,449 | INFO | license : AGL PVT LIMITED
2023-02-27 10:14:56,449 | INFO | version : 1.0.0
2023-02-27 10:14:56,449 | INFO | maintainer : Shubham Jangid
2023-02-27 10:14:56,449 | INFO | contact_email : jangid.shubham@adglobal360.com
2023-02-27 10:14:56,449 | INFO | status : dev

2023-02-27 10:14:59,201 | INFO | Email inserted.
2023-02-27 10:14:59,409 | INFO | Password inserted.
2023-02-27 10:15:09,480 | INFO | login button clicked.
2023-02-27 10:15:09,480 | INFO | logged in successfully.
2023-02-27 10:15:09,480 | INFO | Process start for ConsolidatedDailyReport
2023-02-27 10:15:09,480 | INFO | Process done for ConsolidatedDailyReport
2023-02-27 10:15:14,483 | INFO | Process start for PlacementPerformanceReport
2023-02-27 10:15:14,484 | INFO | Process done for PlacementPerformanceReport
2023-02-27 10:15:19,488 | INFO | Process start for SearchTeamReport
2023-02-27 10:15:19,488 | INFO | Process done for SearchTeamReport
2023-02-27 10:15:24,491 | INFO | Process start for Attributed FSN Report
2023-02-27 10:15:24,492 | INFO | Process done for Attributed FSN Report
2023-02-27 10:15:29,496 | INFO | Process start for flipkart_supermart_keyword_report_pca
2023-02-27 10:15:40,480 | INFO | pop up box removed..
2023-02-27 10:15:46,559 | INFO | ad product dropdown clicked
2023-02-27 10:15:52,710 | INFO | PCA option selected.
2023-02-27 10:15:56,773 | INFO | report type drop down cliked
2023-02-27 10:16:04,883 | INFO | Report type selected
2023-02-27 10:16:04,883 | INFO | Attributed Keyword Report...
2023-02-27 10:16:11,038 | INFO | date div box clicked
2023-02-27 10:16:17,104 | INFO | Range selected..
2023-02-27 10:16:22,203 | INFO | Download button clicked
2023-02-27 10:16:27,208 | INFO | Report download completed...
2023-02-27 10:16:29,211 | INFO | Downloaded file name : yoesyi0drn.csv
2023-02-27 10:16:29,211 | INFO | changed file name : /home/shubh/Desktop/AGL/chrome-headless/pcaReports/downloaded.csv
2023-02-27 10:16:29,212 | INFO | file name changed..
2023-02-27 10:16:34,925 | INFO | inserting data...
2023-02-27 10:16:34,925 | INFO | data inserted in flipkart_supermart_campaign_report_pca table.
2023-02-27 10:16:44,938 | INFO | file removed..
2023-02-27 10:16:44,939 | INFO | Process done for Keyword Report
