2023-03-11 16:14:38,226 | INFO | Script Execution start at : 2023-03-11 16:14:38.226182
2023-03-11 16:14:38,710 | INFO | Module Description :  Flipkart PLA reports download module.

2023-03-11 16:14:38,710 | INFO | PyCon: “Code is more often read than written.” — Guido van Rossum
2023-03-11 16:14:38,711 | INFO | “Code tells you how; Comments tell you why.” — Jeff Atwood (aka Coding Horror)

2023-03-11 16:14:38,711 | INFO | Python Version : 3.10.6 (main, Nov 14 2022, 16:10:14) [GCC 11.3.0]
2023-03-11 16:14:38,711 | INFO | Platform : Linux
2023-03-11 16:14:38,711 | INFO | author :  AGL 
2023-03-11 16:14:38,711 | INFO | copyright : Copyright 2022, AGL
2023-03-11 16:14:38,711 | INFO | credits : ['Shubham Jangid']
2023-03-11 16:14:38,711 | INFO | license : AGL PVT LIMITED
2023-03-11 16:14:38,711 | INFO | version : 1.0.0
2023-03-11 16:14:38,711 | INFO | maintainer : Shubham Jangid
2023-03-11 16:14:38,711 | INFO | contact_email : jangid.shubham@adglobal360.com
2023-03-11 16:14:38,711 | INFO | status : dev

2023-03-11 16:14:41,968 | INFO | Email inserted.
2023-03-11 16:14:42,180 | INFO | Password inserted.
2023-03-11 16:14:52,238 | INFO | login button clicked.
2023-03-11 16:14:52,238 | INFO | logged in successfully.
2023-03-11 16:14:52,238 | INFO | Process start for PlacementPerformanceReport
2023-03-11 16:14:52,238 | INFO | Process start for SearchTeamReport
2023-03-11 16:14:52,239 | INFO | Process start for Consolidated FSN  Report
2023-03-11 16:14:52,239 | INFO | Process start for Keyword Report
2023-03-11 16:15:03,758 | INFO | pop up box removed..
2023-03-11 16:15:09,818 | INFO | ad product dropdown clicked
2023-03-11 16:15:15,954 | INFO | PLA option selected
2023-03-11 16:15:18,005 | INFO | click report for box clicked
2023-03-11 16:15:20,066 | INFO | flipkart supermart option selected
2023-03-11 16:15:24,127 | INFO | report type drop down cliked
2023-03-11 16:15:32,190 | INFO | Report type selected
2023-03-11 16:15:32,191 | INFO | Keyword Report  type selected
2023-03-11 16:15:38,294 | INFO | date div box clicked
2023-03-11 16:15:44,357 | INFO | Range selected..
2023-03-11 16:15:49,467 | INFO | Download button clicked
2023-03-11 16:15:54,471 | INFO | Report download completed...
2023-03-11 16:15:59,474 | INFO | Downloaded file name : 4ifz386in9m.csv
2023-03-11 16:15:59,475 | INFO | changed file name : /home/shubh/Desktop/AGL/chrome-headless/plaReports/downloaded.csv
2023-03-11 16:15:59,475 | INFO | file name changed..
2023-03-11 16:15:59,475 | INFO | Downloaded file name : downloaded.csv
2023-03-11 16:15:59,475 | INFO | changed file name : /home/shubh/Desktop/AGL/chrome-headless/plaReports/downloaded.csv
2023-03-11 16:15:59,475 | INFO | file name changed..
