2023-03-09 13:37:10,949 | INFO | Script Execution start at : 2023-03-09 13:37:10.947932
2023-03-09 13:37:11,641 | INFO | Module Description :  Flipkart PCA/PLA Supermart reports download module.

2023-03-09 13:37:11,641 | INFO | PyCon: “Code is more often read than written.” — Guido van Rossum
2023-03-09 13:37:11,642 | INFO | “Code tells you how; Comments tell you why.” — Jeff Atwood (aka Coding Horror)

2023-03-09 13:37:11,642 | INFO | Python Version : 3.10.6 (main, Nov 14 2022, 16:10:14) [GCC 11.3.0]
2023-03-09 13:37:11,642 | INFO | Platform : Linux
2023-03-09 13:37:11,642 | INFO | author :  AGL 
2023-03-09 13:37:11,643 | INFO | copyright : Copyright 2022, AGL
2023-03-09 13:37:11,643 | INFO | credits : ['Shubham Jangid']
2023-03-09 13:37:11,643 | INFO | license : AGL PVT LIMITED
2023-03-09 13:37:11,644 | INFO | version : 1.0.0
2023-03-09 13:37:11,644 | INFO | maintainer : Shubham Jangid
2023-03-09 13:37:11,644 | INFO | contact_email : jangid.shubham@adglobal360.com
2023-03-09 13:37:11,644 | INFO | status : dev

2023-03-09 13:37:18,359 | INFO | Email inserted.
2023-03-09 13:37:18,560 | INFO | Password inserted.
2023-03-09 13:37:28,633 | INFO | login button clicked.
2023-03-09 13:37:28,633 | INFO | logged in successfully.
2023-03-09 13:37:28,633 | INFO | Report downloading and inserting data for supermart pca campaign
2023-03-09 13:37:35,163 | INFO | pop up box removed..
2023-03-09 13:37:41,291 | INFO | drop down clicked
2023-03-09 13:37:49,499 | INFO | supermart option selected...
2023-03-09 13:38:00,607 | INFO | Download btn clicked! Report downloaded
2023-03-09 13:38:05,611 | INFO | Downloaded file name : q4csnc0cfi.csv
2023-03-09 13:38:05,612 | INFO | changed file name : /home/shubh/Desktop/AGL/chrome-headless/pcaPlaReports/downloaded.csv
2023-03-09 13:38:05,612 | INFO | file name changed..
2023-03-09 13:38:05,612 | INFO | Downloaded file name : downloaded.csv
2023-03-09 13:38:05,612 | INFO | changed file name : /home/shubh/Desktop/AGL/chrome-headless/pcaPlaReports/downloaded.csv
2023-03-09 13:38:05,612 | INFO | file name changed..
