2023-03-10 14:41:18,536 | INFO | Script Execution start at : 2023-03-10 14:41:18.536406
2023-03-10 14:41:18,950 | ERROR | Module not found error : ModuleNotFoundError("No module named 'iteration_utilities'")
2023-03-10 14:41:18,951 | INFO | Module Description :  Flipkart PCA/PLA Supermart reports download module.

2023-03-10 14:41:18,951 | INFO | PyCon: “Code is more often read than written.” — Guido van Rossum
2023-03-10 14:41:18,951 | INFO | “Code tells you how; Comments tell you why.” — Jeff Atwood (aka Coding Horror)

2023-03-10 14:41:18,951 | INFO | Python Version : 3.10.6 (main, Nov 14 2022, 16:10:14) [GCC 11.3.0]
2023-03-10 14:41:18,951 | INFO | Platform : Linux
2023-03-10 14:41:18,951 | INFO | author :  AGL 
2023-03-10 14:41:18,951 | INFO | copyright : Copyright 2022, AGL
2023-03-10 14:41:18,951 | INFO | credits : ['Shubham Jangid']
2023-03-10 14:41:18,951 | INFO | license : AGL PVT LIMITED
2023-03-10 14:41:18,951 | INFO | version : 1.0.0
2023-03-10 14:41:18,951 | INFO | maintainer : Shubham Jangid
2023-03-10 14:41:18,951 | INFO | contact_email : jangid.shubham@adglobal360.com
2023-03-10 14:41:18,951 | INFO | status : dev

2023-03-10 14:41:21,486 | INFO | Email inserted.
2023-03-10 14:41:21,676 | INFO | Password inserted.
2023-03-10 14:41:31,782 | INFO | login button clicked.
2023-03-10 14:41:31,782 | INFO | logged in successfully.
2023-03-10 14:41:31,782 | INFO | Report downloading and inserting data for supermart pca campaign
2023-03-10 14:41:38,233 | INFO | pop up box removed..
2023-03-10 14:41:44,289 | INFO | drop down clicked
2023-03-10 14:41:52,414 | INFO | supermart option selected...
2023-03-10 14:42:03,618 | INFO | Download btn clicked! Report downloaded
2023-03-10 14:42:08,623 | INFO | Downloaded file name : izx09r59nel.csv
2023-03-10 14:42:08,623 | INFO | changed file name : /home/shubh/Desktop/AGL/chrome-headless/pcaPlaReports/downloaded.csv
2023-03-10 14:42:08,624 | INFO | file name changed..
2023-03-10 14:42:08,624 | INFO | Downloaded file name : downloaded.csv
2023-03-10 14:42:08,624 | INFO | changed file name : /home/shubh/Desktop/AGL/chrome-headless/pcaPlaReports/downloaded.csv
2023-03-10 14:42:08,625 | INFO | file name changed..
2023-03-10 14:42:12,117 | INFO | inserting data...
2023-03-10 14:42:22,130 | INFO | file removed..
2023-03-10 14:42:24,133 | INFO | done for PCA
2023-03-10 14:42:24,133 | INFO | Report downloading and inserting data for supermart pla campaign
