2023-03-11 16:26:48,218 | INFO | Script Execution start at : 2023-03-11 16:26:48.218615
2023-03-11 16:26:49,064 | INFO | Module Description :  Flipkart PLA reports download module.

2023-03-11 16:26:49,065 | INFO | PyCon: “Code is more often read than written.” — Guido van Rossum
2023-03-11 16:26:49,065 | INFO | “Code tells you how; Comments tell you why.” — Jeff Atwood (aka Coding Horror)

2023-03-11 16:26:49,065 | INFO | Python Version : 3.10.6 (main, Nov 14 2022, 16:10:14) [GCC 11.3.0]
2023-03-11 16:26:49,066 | INFO | Platform : Linux
2023-03-11 16:26:49,066 | INFO | author :  AGL 
2023-03-11 16:26:49,067 | INFO | copyright : Copyright 2022, AGL
2023-03-11 16:26:49,067 | INFO | credits : ['Shubham Jangid']
2023-03-11 16:26:49,068 | INFO | license : AGL PVT LIMITED
2023-03-11 16:26:49,068 | INFO | version : 1.0.0
2023-03-11 16:26:49,068 | INFO | maintainer : Shubham Jangid
2023-03-11 16:26:49,069 | INFO | contact_email : jangid.shubham@adglobal360.com
2023-03-11 16:26:49,069 | INFO | status : dev

2023-03-11 16:26:53,027 | INFO | Email inserted.
2023-03-11 16:26:53,272 | INFO | Password inserted.
2023-03-11 16:27:03,346 | INFO | login button clicked.
2023-03-11 16:27:03,346 | INFO | logged in successfully.
2023-03-11 16:27:03,346 | INFO | Process start for PlacementPerformanceReport
2023-03-11 16:27:03,347 | INFO | Process start for SearchTeamReport
2023-03-11 16:27:03,347 | INFO | Process start for Consolidated FSN  Report
2023-03-11 16:27:03,347 | INFO | Process start for Keyword Report
2023-03-11 16:27:14,642 | INFO | pop up box removed..
2023-03-11 16:27:20,698 | INFO | ad product dropdown clicked
2023-03-11 16:27:26,750 | INFO | PLA option selected
2023-03-11 16:27:28,801 | INFO | click report for box clicked
2023-03-11 16:27:30,888 | INFO | flipkart supermart option selected
2023-03-11 16:27:34,950 | INFO | report type drop down cliked
2023-03-11 16:27:43,038 | INFO | Report type selected
2023-03-11 16:27:43,039 | INFO | Keyword Report  type selected
2023-03-11 16:27:49,166 | INFO | date div box clicked
2023-03-11 16:27:55,225 | INFO | Range selected..
2023-03-11 16:28:00,290 | INFO | Download button clicked
2023-03-11 16:28:05,294 | INFO | Report download completed...
2023-03-11 16:28:10,298 | INFO | Downloaded file name : 8eoqnkcmvvk.csv
2023-03-11 16:28:10,299 | INFO | changed file name : /home/shubh/Desktop/AGL/chrome-headless/plaReports/downloaded.csv
2023-03-11 16:28:10,299 | INFO | file name changed..
2023-03-11 16:28:10,299 | INFO | Downloaded file name : downloaded.csv
2023-03-11 16:28:10,299 | INFO | changed file name : /home/shubh/Desktop/AGL/chrome-headless/plaReports/downloaded.csv
2023-03-11 16:28:10,299 | INFO | file name changed..
2023-03-11 16:28:20,830 | INFO | inserting data...
2023-03-11 16:28:50,859 | INFO | file removed..
2023-03-11 16:28:50,860 | INFO | Process done for Keyword Report for PLA
