2023-02-27 12:01:02,659 | INFO | Script Execution start at : 2023-02-27 12:01:02.659394
2023-02-27 12:01:03,021 | ERROR | Module not found error : ModuleNotFoundError("No module named 'rich'")
2023-02-27 12:01:03,021 | INFO | Module Description :  Flipkart PLA reports download module.

2023-02-27 12:01:03,021 | INFO | PyCon: “Code is more often read than written.” — Guido van Rossum
2023-02-27 12:01:03,022 | INFO | “Code tells you how; Comments tell you why.” — Jeff Atwood (aka Coding Horror)

2023-02-27 12:01:03,022 | INFO | Python Version : 3.10.4 (main, Apr  2 2022, 09:04:19) [GCC 11.2.0]
2023-02-27 12:01:03,022 | INFO | Platform : Linux
2023-02-27 12:01:03,022 | INFO | author :  AGL 
2023-02-27 12:01:03,022 | INFO | copyright : Copyright 2022, AGL
2023-02-27 12:01:03,022 | INFO | credits : ['Shubham Jangid']
2023-02-27 12:01:03,022 | INFO | license : AGL PVT LIMITED
2023-02-27 12:01:03,022 | INFO | version : 1.0.0
2023-02-27 12:01:03,022 | INFO | maintainer : Shubham Jangid
2023-02-27 12:01:03,022 | INFO | contact_email : jangid.shubham@adglobal360.com
2023-02-27 12:01:03,022 | INFO | status : dev

2023-02-27 12:01:05,446 | INFO | Email inserted.
2023-02-27 12:01:05,634 | INFO | Password inserted.
2023-02-27 12:01:15,692 | INFO | login button clicked.
2023-02-27 12:01:15,692 | INFO | logged in successfully.
2023-02-27 12:01:15,692 | INFO | Process start for ConsolidatedDailyReport
2023-02-27 12:01:15,693 | INFO | Process start for PlacementPerformanceReport
2023-02-27 12:01:26,576 | INFO | pop up box removed..
2023-02-27 12:01:32,706 | INFO | ad product dropdown clicked
2023-02-27 12:01:38,782 | INFO | PLA option selected.
2023-02-27 12:01:40,888 | INFO | click report for box clicked
2023-02-27 12:01:42,987 | INFO | flipkart supermart option selected
2023-02-27 12:01:47,038 | INFO | report type drop down cliked
2023-02-27 12:01:55,127 | INFO | Report type selected
2023-02-27 12:01:55,128 | INFO | Placement Report type selected
2023-02-27 12:02:01,375 | INFO | date div box clicked
2023-02-27 12:02:07,472 | INFO | Range selected..
2023-02-27 12:02:12,528 | INFO | Download button clicked
2023-02-27 12:02:17,532 | INFO | Report download completed...
2023-02-27 12:02:22,536 | INFO | Downloaded file name : hpx1x4i8o5.csv
2023-02-27 12:02:22,536 | INFO | changed file name : /home/shubh/Desktop/AGL/chrome-headless/plaReports/downloaded.csv
2023-02-27 12:02:22,536 | INFO | file name changed..
2023-02-27 12:02:33,423 | INFO | inserting data...
2023-02-27 12:02:43,434 | INFO | file removed..
2023-02-27 12:02:43,435 | INFO | Process done for PlacementPerformanceReport
