2023-02-24 20:30:50,477 | INFO | Script Execution start at : 2023-02-24 20:30:50.477453
2023-02-24 20:30:50,828 | ERROR | Module not found error : ModuleNotFoundError("No module named 'pymysql'")
2023-02-24 20:30:50,828 | INFO | Module Description :  Flipkart PCA/PLA reports download module.

2023-02-24 20:30:50,828 | INFO | PyCon: “Code is more often read than written.” — Guido van Rossum
2023-02-24 20:30:50,828 | INFO | “Code tells you how; Comments tell you why.” — Jeff Atwood (aka Coding Horror)

2023-02-24 20:30:50,828 | INFO | Python Version : 3.10.4 (main, Apr  2 2022, 09:04:19) [GCC 11.2.0]
2023-02-24 20:30:50,828 | INFO | Platform : Linux
2023-02-24 20:30:50,828 | INFO | author :  AGL 
2023-02-24 20:30:50,828 | INFO | copyright : Copyright 2022, AGL
2023-02-24 20:30:50,828 | INFO | credits : ['Shubham Jangid']
2023-02-24 20:30:50,828 | INFO | license : AGL PVT LIMITED
2023-02-24 20:30:50,828 | INFO | version : 1.0.0
2023-02-24 20:30:50,828 | INFO | maintainer : Shubham Jangid
2023-02-24 20:30:50,828 | INFO | contact_email : jangid.shubham@adglobal360.com
2023-02-24 20:30:50,828 | INFO | status : dev

2023-02-24 20:30:53,586 | INFO | Email inserted.
2023-02-24 20:30:53,772 | INFO | Password inserted.
2023-02-24 20:31:08,829 | INFO | login button clicked.
2023-02-24 20:31:08,829 | INFO | logged in successfully.
2023-02-24 20:31:20,839 | ERROR | No element found ElementClickInterceptedException()
2023-02-24 20:31:20,853 | ERROR | Error selecting PCA option NoSuchElementException()
2023-02-24 20:31:31,956 | ERROR | Error click report type drop down ElementClickInterceptedException()
2023-02-24 20:31:31,970 | ERROR | Error selecting report type NoSuchElementException()
