2023-03-20 22:38:35,100 | INFO | Script Execution start at : 2023-03-20 22:38:35.100870
2023-03-20 22:38:35,634 | INFO | Module Description :  Flipkart Campaign set bit PLA automation script.

2023-03-20 22:38:35,634 | INFO | PyCon: “Code is more often read than written.” — Guido van Rossum
2023-03-20 22:38:35,634 | INFO | “Code tells you how; Comments tell you why.” — Jeff Atwood (aka Coding Horror)

2023-03-20 22:38:35,634 | INFO | Python Version : 3.10.6 (main, Nov 14 2022, 16:10:14) [GCC 11.3.0]
2023-03-20 22:38:35,634 | INFO | Platform : Linux
2023-03-20 22:38:35,634 | INFO | author :  AGL 
2023-03-20 22:38:35,634 | INFO | copyright : Copyright 2022, AGL
2023-03-20 22:38:35,635 | INFO | credits : ['Shubham Jangid']
2023-03-20 22:38:35,635 | INFO | license : AGL PVT LIMITED
2023-03-20 22:38:35,635 | INFO | version : 1.0.0
2023-03-20 22:38:35,635 | INFO | maintainer : Shubham Jangid
2023-03-20 22:38:35,635 | INFO | contact_email : jangid.shubham@adglobal360.com
2023-03-20 22:38:35,635 | INFO | status : dev

2023-03-20 22:38:36,957 | INFO | Logging in ...
2023-03-20 22:38:38,529 | INFO | Email inserted.
2023-03-20 22:38:38,698 | INFO | Password inserted.
2023-03-20 22:38:48,762 | INFO | login button clicked.
2023-03-20 22:38:48,762 | INFO | logged in successfully.
2023-03-20 22:38:59,658 | INFO | pop up box removed..
2023-03-20 22:39:02,691 | ERROR | Error removing pop up box
2023-03-20 22:39:08,815 | INFO | continue btn clicked
2023-03-20 22:39:13,926 | INFO | next btn click...
2023-03-20 22:39:19,138 | INFO | next btn click...
2023-03-20 22:39:25,349 | INFO | current val of bid is : 11
2023-03-20 22:39:27,605 | INFO | New bid value : 11.0
2023-03-20 22:39:31,794 | INFO | save ad group  btn click...
2023-03-20 22:39:37,946 | INFO | final continue btn clicked
2023-03-20 22:39:44,000 | INFO | submit btn clicked
