2023-03-13 15:47:16,279 | INFO | Script Execution start at : 2023-03-13 15:47:16.279759
2023-03-13 15:47:16,639 | ERROR | Module not found error : ModuleNotFoundError("No module named 'rich'")
2023-03-13 15:47:16,640 | INFO | Module Description :  Flipkart Campaign|AdGroup|Creative|FSN automation script.

2023-03-13 15:47:16,640 | INFO | PyCon: “Code is more often read than written.” — Guido van Rossum
2023-03-13 15:47:16,640 | INFO | “Code tells you how; Comments tell you why.” — Jeff Atwood (aka Coding Horror)

2023-03-13 15:47:16,640 | INFO | Python Version : 3.10.6 (main, Nov 14 2022, 16:10:14) [GCC 11.3.0]
2023-03-13 15:47:16,640 | INFO | Platform : Linux
2023-03-13 15:47:16,640 | INFO | author :  AGL 
2023-03-13 15:47:16,640 | INFO | copyright : Copyright 2022, AGL
2023-03-13 15:47:16,640 | INFO | credits : ['Shubham Jangid']
2023-03-13 15:47:16,640 | INFO | license : AGL PVT LIMITED
2023-03-13 15:47:16,640 | INFO | version : 1.0.0
2023-03-13 15:47:16,640 | INFO | maintainer : Shubham Jangid
2023-03-13 15:47:16,640 | INFO | contact_email : jangid.shubham@adglobal360.com
2023-03-13 15:47:16,640 | INFO | status : dev

2023-03-13 15:47:17,824 | INFO | Logging in ...
2023-03-13 15:47:22,899 | INFO | Email inserted.
2023-03-13 15:47:23,081 | INFO | Password inserted.
2023-03-13 15:47:33,160 | INFO | login button clicked.
2023-03-13 15:47:33,160 | INFO | logged in successfully.
