2023-02-24 14:37:59,073 | INFO | Script Execution start at : 2023-02-24 14:37:59.073325
2023-02-24 14:37:59,481 | ERROR | Module not found error : ModuleNotFoundError("No module named 'pymysql'")
2023-02-24 14:37:59,481 | INFO | Module Description :  Flipkart PCA/PLA reports download module.

2023-02-24 14:37:59,481 | INFO | PyCon: “Code is more often read than written.” — Guido van Rossum
2023-02-24 14:37:59,481 | INFO | “Code tells you how; Comments tell you why.” — Jeff Atwood (aka Coding Horror)

2023-02-24 14:37:59,482 | INFO | Python Version : 3.10.4 (main, Apr  2 2022, 09:04:19) [GCC 11.2.0]
2023-02-24 14:37:59,482 | INFO | Platform : Linux
2023-02-24 14:37:59,482 | INFO | author :  AGL 
2023-02-24 14:37:59,482 | INFO | copyright : Copyright 2022, AGL
2023-02-24 14:37:59,482 | INFO | credits : ['Shubham Jangid']
2023-02-24 14:37:59,482 | INFO | license : AGL PVT LIMITED
2023-02-24 14:37:59,482 | INFO | version : 1.0.0
2023-02-24 14:37:59,482 | INFO | maintainer : Shubham Jangid
2023-02-24 14:37:59,482 | INFO | contact_email : jangid.shubham@adglobal360.com
2023-02-24 14:37:59,482 | INFO | status : dev

2023-02-24 14:38:01,993 | INFO | Email inserted.
2023-02-24 14:38:02,242 | INFO | Password inserted.
2023-02-24 14:38:17,305 | INFO | login button clicked.
2023-02-24 14:38:17,305 | INFO | logged in successfully.
2023-02-24 14:38:22,082 | ERROR | No element found NoSuchElementException()
2023-02-24 14:38:22,103 | ERROR | Error selecting PCA option NoSuchElementException()
2023-02-24 14:38:22,118 | ERROR | Error click report type drop down NoSuchElementException()
2023-02-24 14:38:22,137 | ERROR | Error selecting report type NoSuchElementException()
2023-02-24 14:38:22,137 | ERROR | Error downloading selected report.
