2023-03-15 15:55:31,661 | INFO | Script Execution start at : 2023-03-15 15:55:31.660672
2023-03-15 15:55:32,228 | INFO | Module Description :  Flipkart Campaign|AdGroup|Creative|FSN automation script.

2023-03-15 15:55:32,228 | INFO | PyCon: “Code is more often read than written.” — Guido van Rossum
2023-03-15 15:55:32,228 | INFO | “Code tells you how; Comments tell you why.” — Jeff Atwood (aka Coding Horror)

2023-03-15 15:55:32,228 | INFO | Python Version : 3.10.6 (main, Nov 14 2022, 16:10:14) [GCC 11.3.0]
2023-03-15 15:55:32,228 | INFO | Platform : Linux
2023-03-15 15:55:32,228 | INFO | author :  AGL 
2023-03-15 15:55:32,228 | INFO | copyright : Copyright 2022, AGL
2023-03-15 15:55:32,228 | INFO | credits : ['Shubham Jangid']
2023-03-15 15:55:32,228 | INFO | license : AGL PVT LIMITED
2023-03-15 15:55:32,228 | INFO | version : 1.0.0
2023-03-15 15:55:32,228 | INFO | maintainer : Shubham Jangid
2023-03-15 15:55:32,228 | INFO | contact_email : jangid.shubham@adglobal360.com
2023-03-15 15:55:32,228 | INFO | status : dev

2023-03-15 15:55:33,286 | INFO | Logging in ...
2023-03-15 15:55:34,606 | INFO | Email inserted.
2023-03-15 15:55:34,777 | INFO | Password inserted.
2023-03-15 15:55:44,833 | INFO | login button clicked.
2023-03-15 15:55:44,833 | INFO | logged in successfully.
2023-03-15 15:55:53,744 | INFO | Segment PCA and campaign_id 2XN9CE8LNN7U selected.
2023-03-15 15:55:55,803 | INFO | pop up box removed..
2023-03-15 15:55:58,805 | INFO | Pop up box removed...
2023-03-15 15:56:03,819 | ERROR | Error changing state of campaign or no such box to clickNoSuchElementException()
