2023-03-11 14:42:34,840 | INFO | Script Execution start at : 2023-03-11 14:42:34.840874
2023-03-11 14:42:35,292 | INFO | Module Description :  Flipkart PLA reports download module.

2023-03-11 14:42:35,292 | INFO | PyCon: “Code is more often read than written.” — Guido van Rossum
2023-03-11 14:42:35,292 | INFO | “Code tells you how; Comments tell you why.” — Jeff Atwood (aka Coding Horror)

2023-03-11 14:42:35,292 | INFO | Python Version : 3.10.6 (main, Nov 14 2022, 16:10:14) [GCC 11.3.0]
2023-03-11 14:42:35,292 | INFO | Platform : Linux
2023-03-11 14:42:35,292 | INFO | author :  AGL 
2023-03-11 14:42:35,292 | INFO | copyright : Copyright 2022, AGL
2023-03-11 14:42:35,292 | INFO | credits : ['Shubham Jangid']
2023-03-11 14:42:35,292 | INFO | license : AGL PVT LIMITED
2023-03-11 14:42:35,292 | INFO | version : 1.0.0
2023-03-11 14:42:35,292 | INFO | maintainer : Shubham Jangid
2023-03-11 14:42:35,293 | INFO | contact_email : jangid.shubham@adglobal360.com
2023-03-11 14:42:35,293 | INFO | status : dev

2023-03-11 14:42:38,453 | INFO | Email inserted.
2023-03-11 14:42:38,631 | INFO | Password inserted.
2023-03-11 14:42:48,718 | INFO | login button clicked.
2023-03-11 14:42:48,718 | INFO | logged in successfully.
2023-03-11 14:42:48,719 | INFO | Process start for PlacementPerformanceReport
2023-03-11 14:42:48,719 | INFO | Process start for SearchTeamReport
2023-03-11 14:43:00,746 | INFO | pop up box removed..
2023-03-11 14:43:06,829 | INFO | ad product dropdown clicked
2023-03-11 14:43:12,877 | INFO | PLA option selected.
2023-03-11 14:43:15,926 | INFO | click report for box clicked
2023-03-11 14:43:18,969 | ERROR | error selecting option NoSuchElementException('no such element: Unable to locate element: {"method":"xpath","selector":"//*[@id="popover-content"]/div/div[2]"}\n  (Session info: chrome=111.0.5563.64)', None, None)
2023-03-11 14:43:24,053 | INFO | report type drop down cliked
2023-03-11 14:43:28,061 | ERROR | Error selecting report type NoSuchWindowException('no such window: target window already closed\nfrom unknown error: web view not found\n  (Session info: chrome=111.0.5563.64)', None, None)
2023-03-11 14:43:28,061 | INFO | Search Team Report type selected
2023-03-11 14:43:30,065 | ERROR |  Date div not found NoSuchWindowException('no such window: target window already closed\nfrom unknown error: web view not found\n  (Session info: chrome=111.0.5563.64)', None, None)
2023-03-11 14:43:32,069 | ERROR | Range not clicked or element not found NoSuchWindowException('no such window: target window already closed\nfrom unknown error: web view not found\n  (Session info: chrome=111.0.5563.64)', None, None)
2023-03-11 14:43:34,074 | ERROR | Error downloading selected report.
2023-03-11 14:43:39,078 | INFO | Downloaded file name : downloaded.csv
2023-03-11 14:43:39,079 | INFO | changed file name : /home/shubh/Desktop/AGL/chrome-headless/plaReports/downloaded.csv
2023-03-11 14:43:39,079 | INFO | file name changed..
