2023-03-13 17:13:23,137 | INFO | Script Execution start at : 2023-03-13 17:13:23.137107
2023-03-13 17:13:23,497 | ERROR | Module not found error : ModuleNotFoundError("No module named 'rich'")
2023-03-13 17:13:23,497 | INFO | Module Description :  Flipkart Campaign|AdGroup|Creative|FSN automation script.

2023-03-13 17:13:23,497 | INFO | PyCon: “Code is more often read than written.” — Guido van Rossum
2023-03-13 17:13:23,497 | INFO | “Code tells you how; Comments tell you why.” — Jeff Atwood (aka Coding Horror)

2023-03-13 17:13:23,497 | INFO | Python Version : 3.10.6 (main, Nov 14 2022, 16:10:14) [GCC 11.3.0]
2023-03-13 17:13:23,497 | INFO | Platform : Linux
2023-03-13 17:13:23,497 | INFO | author :  AGL 
2023-03-13 17:13:23,497 | INFO | copyright : Copyright 2022, AGL
2023-03-13 17:13:23,498 | INFO | credits : ['Shubham Jangid']
2023-03-13 17:13:23,498 | INFO | license : AGL PVT LIMITED
2023-03-13 17:13:23,498 | INFO | version : 1.0.0
2023-03-13 17:13:23,498 | INFO | maintainer : Shubham Jangid
2023-03-13 17:13:23,498 | INFO | contact_email : jangid.shubham@adglobal360.com
2023-03-13 17:13:23,498 | INFO | status : dev

2023-03-13 17:13:24,669 | INFO | Logging in ...
2023-03-13 17:13:26,023 | INFO | Email inserted.
2023-03-13 17:13:26,198 | INFO | Password inserted.
2023-03-13 17:13:36,253 | INFO | login button clicked.
2023-03-13 17:13:36,253 | INFO | logged in successfully.
2023-03-13 17:13:47,112 | INFO | Segment pca and campaign_id 3DQQ674515LR and ad_group_id ZDM61QRF9XKC selected.
2023-03-13 17:13:49,259 | INFO | pop up box removed..
2023-03-13 17:13:52,263 | INFO | Pop up box removed...
2023-03-13 17:13:57,389 | INFO | ad group  state changed successfully
