2023-02-25 12:34:08,183 | INFO | Script Execution start at : 2023-02-25 12:34:08.183064
2023-02-25 12:34:08,562 | ERROR | Module not found error : ModuleNotFoundError("No module named 'pymysql'")
2023-02-25 12:34:08,562 | INFO | Module Description :  Flipkart PCA/PLA reports download module.

2023-02-25 12:34:08,562 | INFO | PyCon: “Code is more often read than written.” — Guido van Rossum
2023-02-25 12:34:08,562 | INFO | “Code tells you how; Comments tell you why.” — Jeff Atwood (aka Coding Horror)

2023-02-25 12:34:08,562 | INFO | Python Version : 3.10.4 (main, Apr  2 2022, 09:04:19) [GCC 11.2.0]
2023-02-25 12:34:08,562 | INFO | Platform : Linux
2023-02-25 12:34:08,562 | INFO | author :  AGL 
2023-02-25 12:34:08,562 | INFO | copyright : Copyright 2022, AGL
2023-02-25 12:34:08,562 | INFO | credits : ['Shubham Jangid']
2023-02-25 12:34:08,562 | INFO | license : AGL PVT LIMITED
2023-02-25 12:34:08,562 | INFO | version : 1.0.0
2023-02-25 12:34:08,562 | INFO | maintainer : Shubham Jangid
2023-02-25 12:34:08,563 | INFO | contact_email : jangid.shubham@adglobal360.com
2023-02-25 12:34:08,563 | INFO | status : dev

2023-02-25 12:34:10,852 | INFO | Email inserted.
2023-02-25 12:34:11,060 | INFO | Password inserted.
2023-02-25 12:34:26,125 | INFO | login button clicked.
2023-02-25 12:34:26,126 | INFO | logged in successfully.
2023-02-25 12:34:34,413 | INFO | pop up box removed..
2023-02-25 12:34:46,499 | INFO | ad product dropdown clicked
2023-02-25 12:34:58,569 | INFO | PCA option selected.
2023-02-25 12:35:00,616 | ERROR | Error click report type drop down NoSuchElementException()
2023-02-25 12:35:02,626 | ERROR | Error selecting report type NoSuchElementException()
2023-02-25 12:35:04,640 | ERROR |  Date div not found NoSuchElementException()
2023-02-25 12:35:06,653 | ERROR | Range not clicked or found NoSuchElementException()
2023-02-25 12:35:08,670 | ERROR | Error downloading selected report.
