2023-03-08 22:06:52,444 | INFO | Script Execution start at : 2023-03-08 22:06:52.444166
2023-03-08 22:06:53,008 | INFO | Module Description :  Flipkart Campaign automation script.

2023-03-08 22:06:53,009 | INFO | PyCon: “Code is more often read than written.” — Guido van Rossum
2023-03-08 22:06:53,009 | INFO | “Code tells you how; Comments tell you why.” — Jeff Atwood (aka Coding Horror)

2023-03-08 22:06:53,009 | INFO | Python Version : 3.10.6 (main, Nov 14 2022, 16:10:14) [GCC 11.3.0]
2023-03-08 22:06:53,009 | INFO | Platform : Linux
2023-03-08 22:06:53,009 | INFO | author :  AGL 
2023-03-08 22:06:53,009 | INFO | copyright : Copyright 2022, AGL
2023-03-08 22:06:53,009 | INFO | credits : ['Shubham Jangid']
2023-03-08 22:06:53,009 | INFO | license : AGL PVT LIMITED
2023-03-08 22:06:53,009 | INFO | version : 1.0.0
2023-03-08 22:06:53,009 | INFO | maintainer : Shubham Jangid
2023-03-08 22:06:53,009 | INFO | contact_email : jangid.shubham@adglobal360.com
2023-03-08 22:06:53,009 | INFO | status : dev

2023-03-08 22:06:56,277 | INFO | Email inserted.
2023-03-08 22:06:56,444 | INFO | Password inserted.
2023-03-08 22:07:06,534 | INFO | login button clicked.
2023-03-08 22:07:06,534 | INFO | logged in successfully.
2023-03-08 22:07:16,693 | INFO | pop up box removed..
2023-03-08 22:07:25,869 | INFO | pop up box removed..
