2023-03-09 15:09:35,156 | INFO | Script Execution start at : 2023-03-09 15:09:35.155744
2023-03-09 15:09:35,640 | INFO | Module Description :  Flipkart PCA reports download module.

2023-03-09 15:09:35,640 | INFO | PyCon: “Code is more often read than written.” — Guido van Rossum
2023-03-09 15:09:35,640 | INFO | “Code tells you how; Comments tell you why.” — Jeff Atwood (aka Coding Horror)

2023-03-09 15:09:35,640 | INFO | Python Version : 3.10.6 (main, Nov 14 2022, 16:10:14) [GCC 11.3.0]
2023-03-09 15:09:35,641 | INFO | Platform : Linux
2023-03-09 15:09:35,641 | INFO | author :  AGL 
2023-03-09 15:09:35,641 | INFO | copyright : Copyright 2022, AGL
2023-03-09 15:09:35,641 | INFO | credits : ['Shubham Jangid']
2023-03-09 15:09:35,641 | INFO | license : AGL PVT LIMITED
2023-03-09 15:09:35,641 | INFO | version : 1.0.0
2023-03-09 15:09:35,641 | INFO | maintainer : Shubham Jangid
2023-03-09 15:09:35,641 | INFO | contact_email : jangid.shubham@adglobal360.com
2023-03-09 15:09:35,641 | INFO | status : dev

2023-03-09 15:09:38,303 | INFO | Email inserted.
2023-03-09 15:09:38,476 | INFO | Password inserted.
2023-03-09 15:09:48,563 | INFO | login button clicked.
2023-03-09 15:09:48,564 | INFO | logged in successfully.
2023-03-09 15:09:48,564 | INFO | Process start for PlacementPerformanceReport
2023-03-09 15:09:59,775 | INFO | pop up box removed..
2023-03-09 15:10:05,883 | INFO | ad product dropdown clicked
2023-03-09 15:10:12,001 | INFO | PCA option selected.
2023-03-09 15:10:16,064 | INFO | report type drop down cliked
2023-03-09 15:10:24,219 | INFO | Report type selected
2023-03-09 15:10:24,220 | INFO | PlacementPerformanceReport Selected...
2023-03-09 15:10:30,427 | INFO | date div box clicked
2023-03-09 15:10:36,511 | INFO | Range selected..
2023-03-09 15:10:41,603 | ERROR | Error downloading selected report.
