2023-03-06 19:21:54,198 | INFO | Script Execution start at : 2023-03-06 19:21:54.198386
2023-03-06 19:21:54,859 | INFO | Module Description :  Flipkart Campaign automation script.

2023-03-06 19:21:54,859 | INFO | PyCon: “Code is more often read than written.” — Guido van Rossum
2023-03-06 19:21:54,859 | INFO | “Code tells you how; Comments tell you why.” — Jeff Atwood (aka Coding Horror)

2023-03-06 19:21:54,859 | INFO | Python Version : 3.10.4 (main, Apr  2 2022, 09:04:19) [GCC 11.2.0]
2023-03-06 19:21:54,860 | INFO | Platform : Linux
2023-03-06 19:21:54,860 | INFO | author :  AGL 
2023-03-06 19:21:54,860 | INFO | copyright : Copyright 2022, AGL
2023-03-06 19:21:54,860 | INFO | credits : ['Shubham Jangid']
2023-03-06 19:21:54,860 | INFO | license : AGL PVT LIMITED
2023-03-06 19:21:54,860 | INFO | version : 1.0.0
2023-03-06 19:21:54,860 | INFO | maintainer : Shubham Jangid
2023-03-06 19:21:54,860 | INFO | contact_email : jangid.shubham@adglobal360.com
2023-03-06 19:21:54,860 | INFO | status : dev

2023-03-06 19:21:57,780 | INFO | Email inserted.
2023-03-06 19:21:57,972 | INFO | Password inserted.
2023-03-06 19:22:08,056 | INFO | login button clicked.
2023-03-06 19:22:08,056 | INFO | logged in successfully.
2023-03-06 19:22:14,173 | ERROR | Error removing pop up box
2023-03-06 19:22:19,228 | INFO | pop up box removed..
2023-03-06 19:22:22,324 | INFO | DropDown clicked 
2023-03-06 19:22:24,405 | INFO |  PCA option is selected
2023-03-06 19:22:24,503 | INFO | Changes applied option set successfully..
