2023-03-14 12:09:12,091 | INFO | Script Execution start at : 2023-03-14 12:09:12.091481
2023-03-14 12:09:12,501 | ERROR | Module not found error : ModuleNotFoundError("No module named 'rich'")
2023-03-14 12:09:12,502 | INFO | Module Description :  Flipkart Campaign|AdGroup|Creative|FSN automation script.

2023-03-14 12:09:12,502 | INFO | PyCon: “Code is more often read than written.” — Guido van Rossum
2023-03-14 12:09:12,502 | INFO | “Code tells you how; Comments tell you why.” — Jeff Atwood (aka Coding Horror)

2023-03-14 12:09:12,502 | INFO | Python Version : 3.10.6 (main, Nov 14 2022, 16:10:14) [GCC 11.3.0]
2023-03-14 12:09:12,502 | INFO | Platform : Linux
2023-03-14 12:09:12,502 | INFO | author :  AGL 
2023-03-14 12:09:12,502 | INFO | copyright : Copyright 2022, AGL
2023-03-14 12:09:12,502 | INFO | credits : ['Shubham Jangid']
2023-03-14 12:09:12,502 | INFO | license : AGL PVT LIMITED
2023-03-14 12:09:12,502 | INFO | version : 1.0.0
2023-03-14 12:09:12,502 | INFO | maintainer : Shubham Jangid
2023-03-14 12:09:12,502 | INFO | contact_email : jangid.shubham@adglobal360.com
2023-03-14 12:09:12,502 | INFO | status : dev

2023-03-14 12:09:13,824 | INFO | Logging in ...
2023-03-14 12:09:15,850 | INFO | Email inserted.
2023-03-14 12:09:16,065 | INFO | Password inserted.
2023-03-14 12:09:26,124 | INFO | login button clicked.
2023-03-14 12:09:26,124 | INFO | logged in successfully.
2023-03-14 12:09:39,441 | INFO | pop up box removed..
