2023-03-06 20:16:41,696 | INFO | Script Execution start at : 2023-03-06 20:16:41.696887
2023-03-06 20:16:42,232 | INFO | Module Description :  Flipkart Campaign automation script.

2023-03-06 20:16:42,232 | INFO | PyCon: “Code is more often read than written.” — Guido van Rossum
2023-03-06 20:16:42,232 | INFO | “Code tells you how; Comments tell you why.” — Jeff Atwood (aka Coding Horror)

2023-03-06 20:16:42,233 | INFO | Python Version : 3.10.4 (main, Apr  2 2022, 09:04:19) [GCC 11.2.0]
2023-03-06 20:16:42,233 | INFO | Platform : Linux
2023-03-06 20:16:42,233 | INFO | author :  AGL 
2023-03-06 20:16:42,233 | INFO | copyright : Copyright 2022, AGL
2023-03-06 20:16:42,233 | INFO | credits : ['Shubham Jangid']
2023-03-06 20:16:42,233 | INFO | license : AGL PVT LIMITED
2023-03-06 20:16:42,233 | INFO | version : 1.0.0
2023-03-06 20:16:42,233 | INFO | maintainer : Shubham Jangid
2023-03-06 20:16:42,233 | INFO | contact_email : jangid.shubham@adglobal360.com
2023-03-06 20:16:42,233 | INFO | status : dev

2023-03-06 20:16:45,599 | INFO | Email inserted.
2023-03-06 20:16:45,844 | INFO | Password inserted.
2023-03-06 20:16:55,906 | INFO | login button clicked.
2023-03-06 20:16:55,906 | INFO | logged in successfully.
2023-03-06 20:17:07,189 | INFO | pop up box removed..
2023-03-06 20:17:10,194 | INFO | Error finding element NoSuchWindowException('no such window: target window already closed\nfrom unknown error: web view not found\n  (Session info: chrome=110.0.5481.177)', None, None)
2023-03-06 20:17:10,197 | ERROR | Error selecting option.. NoSuchWindowException('no such window: target window already closed\nfrom unknown error: web view not found\n  (Session info: chrome=110.0.5481.177)', None, None)
2023-03-06 20:17:10,200 | ERROR | Error applying changes: NoSuchWindowException('no such window: target window already closed\nfrom unknown error: web view not found\n  (Session info: chrome=110.0.5481.177)', None, None)
