2023-03-09 13:06:42,958 | INFO | Script Execution start at : 2023-03-09 13:06:42.958878
2023-03-09 13:06:43,590 | INFO | Module Description :  Flipkart PCA/PLA Supermart reports download module.

2023-03-09 13:06:43,590 | INFO | PyCon: “Code is more often read than written.” — Guido van Rossum
2023-03-09 13:06:43,590 | INFO | “Code tells you how; Comments tell you why.” — Jeff Atwood (aka Coding Horror)

2023-03-09 13:06:43,590 | INFO | Python Version : 3.10.6 (main, Nov 14 2022, 16:10:14) [GCC 11.3.0]
2023-03-09 13:06:43,590 | INFO | Platform : Linux
2023-03-09 13:06:43,590 | INFO | author :  AGL 
2023-03-09 13:06:43,590 | INFO | copyright : Copyright 2022, AGL
2023-03-09 13:06:43,590 | INFO | credits : ['Shubham Jangid']
2023-03-09 13:06:43,590 | INFO | license : AGL PVT LIMITED
2023-03-09 13:06:43,590 | INFO | version : 1.0.0
2023-03-09 13:06:43,590 | INFO | maintainer : Shubham Jangid
2023-03-09 13:06:43,590 | INFO | contact_email : jangid.shubham@adglobal360.com
2023-03-09 13:06:43,591 | INFO | status : dev

2023-03-09 13:06:46,835 | INFO | Email inserted.
2023-03-09 13:06:47,060 | INFO | Password inserted.
2023-03-09 13:06:57,132 | INFO | login button clicked.
2023-03-09 13:06:57,133 | INFO | logged in successfully.
2023-03-09 13:06:57,133 | INFO | Report downloading and inserting data for supermart pca campaign
2023-03-09 13:07:04,539 | INFO | pop up box removed..
2023-03-09 13:07:10,693 | INFO | drop down clicked
2023-03-09 13:07:18,855 | INFO | supermart option selected...
2023-03-09 13:07:29,943 | INFO | Download btn clicked! Report downloaded
2023-03-09 13:07:34,947 | INFO | Downloaded file name : ds0ihzek9y6.csv
2023-03-09 13:07:34,948 | INFO | changed file name : /home/shubh/Desktop/AGL/chrome-headless/pcaPlaReports/downloaded.csv
2023-03-09 13:07:34,948 | INFO | file name changed..
2023-03-09 13:07:34,948 | INFO | Downloaded file name : d4nizwuyuig.csv
2023-03-09 13:07:34,948 | INFO | changed file name : /home/shubh/Desktop/AGL/chrome-headless/pcaPlaReports/downloaded.csv
2023-03-09 13:07:34,948 | INFO | file name changed..
