2023-02-25 16:21:14,213 | INFO | Script Execution start at : 2023-02-25 16:21:14.213472
2023-02-25 16:21:14,559 | ERROR | Module not found error : ModuleNotFoundError("No module named 'pymysql'")
2023-02-25 16:21:14,559 | INFO | Module Description :  Flipkart PCA/PLA reports download module.

2023-02-25 16:21:14,559 | INFO | PyCon: “Code is more often read than written.” — Guido van Rossum
2023-02-25 16:21:14,559 | INFO | “Code tells you how; Comments tell you why.” — Jeff Atwood (aka Coding Horror)

2023-02-25 16:21:14,559 | INFO | Python Version : 3.10.4 (main, Apr  2 2022, 09:04:19) [GCC 11.2.0]
2023-02-25 16:21:14,560 | INFO | Platform : Linux
2023-02-25 16:21:14,560 | INFO | author :  AGL 
2023-02-25 16:21:14,560 | INFO | copyright : Copyright 2022, AGL
2023-02-25 16:21:14,560 | INFO | credits : ['Shubham Jangid']
2023-02-25 16:21:14,560 | INFO | license : AGL PVT LIMITED
2023-02-25 16:21:14,560 | INFO | version : 1.0.0
2023-02-25 16:21:14,560 | INFO | maintainer : Shubham Jangid
2023-02-25 16:21:14,560 | INFO | contact_email : jangid.shubham@adglobal360.com
2023-02-25 16:21:14,560 | INFO | status : dev

2023-02-25 16:21:16,887 | INFO | Email inserted.
2023-02-25 16:21:17,085 | INFO | Password inserted.
2023-02-25 16:21:32,147 | INFO | login button clicked.
2023-02-25 16:21:32,147 | INFO | logged in successfully.
2023-02-25 16:21:40,729 | INFO | pop up box removed..
2023-02-25 16:21:48,809 | INFO | ad product dropdown clicked
2023-02-25 16:21:56,873 | INFO | PCA option selected.
2023-02-25 16:22:01,969 | INFO | report type drop down cliked
2023-02-25 16:22:19,057 | INFO | Report type selected
2023-02-25 16:22:31,161 | INFO | date div box clicked
2023-02-25 16:22:43,277 | INFO | Range selected or yesterday date selected
2023-02-25 16:22:50,350 | INFO | Download button clicked
2023-02-25 16:22:55,355 | INFO | Report download completed...
