2023-03-13 17:23:19,862 | INFO | Script Execution start at : 2023-03-13 17:23:19.861990
2023-03-13 17:23:20,241 | ERROR | Module not found error : ModuleNotFoundError("No module named 'rich'")
2023-03-13 17:23:20,241 | INFO | Module Description :  Flipkart Campaign|AdGroup|Creative|FSN automation script.

2023-03-13 17:23:20,241 | INFO | PyCon: “Code is more often read than written.” — Guido van Rossum
2023-03-13 17:23:20,241 | INFO | “Code tells you how; Comments tell you why.” — Jeff Atwood (aka Coding Horror)

2023-03-13 17:23:20,241 | INFO | Python Version : 3.10.6 (main, Nov 14 2022, 16:10:14) [GCC 11.3.0]
2023-03-13 17:23:20,241 | INFO | Platform : Linux
2023-03-13 17:23:20,241 | INFO | author :  AGL 
2023-03-13 17:23:20,241 | INFO | copyright : Copyright 2022, AGL
2023-03-13 17:23:20,242 | INFO | credits : ['Shubham Jangid']
2023-03-13 17:23:20,242 | INFO | license : AGL PVT LIMITED
2023-03-13 17:23:20,242 | INFO | version : 1.0.0
2023-03-13 17:23:20,242 | INFO | maintainer : Shubham Jangid
2023-03-13 17:23:20,242 | INFO | contact_email : jangid.shubham@adglobal360.com
2023-03-13 17:23:20,242 | INFO | status : dev

2023-03-13 17:23:21,473 | INFO | Logging in ...
2023-03-13 17:23:22,900 | INFO | Email inserted.
2023-03-13 17:23:23,073 | INFO | Password inserted.
2023-03-13 17:23:33,128 | INFO | login button clicked.
2023-03-13 17:23:33,129 | INFO | logged in successfully.
2023-03-13 17:23:44,175 | INFO | Segment pla and campaign_id 11A55Y8T1P73 and ad_group_id FBVBORZKHWSI selected.
2023-03-13 17:23:46,219 | INFO | pop up box removed..
2023-03-13 17:23:49,220 | INFO | Pop up box removed...
2023-03-13 17:24:00,407 | INFO | input box focused..
2023-03-13 17:24:07,579 | INFO | fsn id set
2023-03-13 17:24:09,628 | ERROR | Error click fsn state button.
2023-03-13 17:24:23,479 | INFO | Segment pca and campaign_id 3DQQ674515LR and ad_group_id ZDM61QRF9XKC selected.
2023-03-13 17:24:23,488 | ERROR | Error removing pop up box
2023-03-13 17:24:26,491 | INFO | Pop up box removed...
2023-03-13 17:24:37,563 | INFO | input box focused..
2023-03-13 17:24:44,718 | INFO | fsn id set
2023-03-13 17:24:46,729 | ERROR | Error click fsn state button.
2023-03-13 17:24:59,167 | INFO | Segment PLa and campaign_id 37QKYCDW4W8M and ad_group_id YAA5HXR0PPJ0 selected.
2023-03-13 17:24:59,182 | ERROR | Error removing pop up box
2023-03-13 17:25:02,183 | INFO | Pop up box removed...
2023-03-13 17:25:13,266 | INFO | input box focused..
2023-03-13 17:25:17,309 | INFO | Error in input of fsn id StaleElementReferenceException()
2023-03-13 17:25:19,353 | ERROR | Error click fsn state button.
