2023-02-24 14:08:05,693 | INFO | Script Execution start at : 2023-02-24 14:08:05.693353
2023-02-24 14:08:06,038 | ERROR | Module not found error : ModuleNotFoundError("No module named 'pymysql'")
2023-02-24 14:08:06,038 | INFO | Module Description :  Flipkart PCA/PLA reports download module.

2023-02-24 14:08:06,038 | INFO | PyCon: “Code is more often read than written.” — Guido van Rossum
2023-02-24 14:08:06,038 | INFO | “Code tells you how; Comments tell you why.” — Jeff Atwood (aka Coding Horror)

2023-02-24 14:08:06,038 | INFO | Python Version : 3.10.4 (main, Apr  2 2022, 09:04:19) [GCC 11.2.0]
2023-02-24 14:08:06,038 | INFO | Platform : Linux
2023-02-24 14:08:06,038 | INFO | author :  AGL 
2023-02-24 14:08:06,038 | INFO | copyright : Copyright 2022, AGL
2023-02-24 14:08:06,038 | INFO | credits : ['Shubham Jangid']
2023-02-24 14:08:06,038 | INFO | license : AGL PVT LIMITED
2023-02-24 14:08:06,038 | INFO | version : 1.0.0
2023-02-24 14:08:06,038 | INFO | maintainer : Shubham Jangid
2023-02-24 14:08:06,038 | INFO | contact_email : jangid.shubham@adglobal360.com
2023-02-24 14:08:06,038 | INFO | status : dev

2023-02-24 14:08:08,688 | INFO | Email inserted.
2023-02-24 14:08:08,972 | INFO | Password inserted.
2023-02-24 14:08:09,061 | INFO | login button clicked.
2023-02-24 14:08:09,061 | INFO | logged in successfully.
2023-02-24 14:08:09,865 | ERROR | No element found NoSuchElementException()
2023-02-24 14:08:09,878 | ERROR | Error selecting PCA option NoSuchElementException()
2023-02-24 14:08:09,891 | ERROR | Error click report type drop down NoSuchElementException()
2023-02-24 14:08:09,902 | ERROR | Error selecting report type NoSuchElementException()
2023-02-24 14:08:09,914 | ERROR | Error downloading selected report.
