2023-03-10 12:35:48,797 | INFO | Script Execution start at : 2023-03-10 12:35:48.797024
2023-03-10 12:35:49,155 | ERROR | Module not found error : ModuleNotFoundError("No module named 'iteration_utilities'")
2023-03-10 12:35:49,156 | INFO | Module Description :  Flipkart PCA/PLA Supermart reports download module.

2023-03-10 12:35:49,156 | INFO | PyCon: “Code is more often read than written.” — Guido van Rossum
2023-03-10 12:35:49,156 | INFO | “Code tells you how; Comments tell you why.” — Jeff Atwood (aka Coding Horror)

2023-03-10 12:35:49,156 | INFO | Python Version : 3.10.6 (main, Nov 14 2022, 16:10:14) [GCC 11.3.0]
2023-03-10 12:35:49,156 | INFO | Platform : Linux
2023-03-10 12:35:49,156 | INFO | author :  AGL 
2023-03-10 12:35:49,156 | INFO | copyright : Copyright 2022, AGL
2023-03-10 12:35:49,156 | INFO | credits : ['Shubham Jangid']
2023-03-10 12:35:49,156 | INFO | license : AGL PVT LIMITED
2023-03-10 12:35:49,156 | INFO | version : 1.0.0
2023-03-10 12:35:49,156 | INFO | maintainer : Shubham Jangid
2023-03-10 12:35:49,156 | INFO | contact_email : jangid.shubham@adglobal360.com
2023-03-10 12:35:49,156 | INFO | status : dev

2023-03-10 12:35:51,958 | INFO | Email inserted.
2023-03-10 12:35:52,144 | INFO | Password inserted.
2023-03-10 12:36:02,198 | INFO | login button clicked.
2023-03-10 12:36:02,199 | INFO | logged in successfully.
2023-03-10 12:36:02,199 | INFO | Report downloading and inserting data for supermart pla campaign
2023-03-10 12:36:08,549 | INFO | pop up box removed..
2023-03-10 12:36:14,635 | INFO | drop down clicked
2023-03-10 12:36:22,842 | INFO | supermart option selected...
2023-03-10 12:36:33,986 | INFO | Download btn clicked! Report downloaded
2023-03-10 12:36:38,991 | INFO | Downloaded file name : xfsf1k6c4j.csv
2023-03-10 12:36:38,991 | INFO | changed file name : /home/shubh/Desktop/AGL/chrome-headless/pcaPlaReports/downloaded.csv
2023-03-10 12:36:38,992 | INFO | file name changed..
2023-03-10 12:36:38,992 | INFO | Downloaded file name : downloaded.csv
2023-03-10 12:36:38,992 | INFO | changed file name : /home/shubh/Desktop/AGL/chrome-headless/pcaPlaReports/downloaded.csv
2023-03-10 12:36:38,993 | INFO | file name changed..
