2023-02-24 14:15:44,215 | INFO | Script Execution start at : 2023-02-24 14:15:44.215465
2023-02-24 14:15:44,584 | ERROR | Module not found error : ModuleNotFoundError("No module named 'pymysql'")
2023-02-24 14:15:44,584 | INFO | Module Description :  Flipkart PCA/PLA reports download module.

2023-02-24 14:15:44,585 | INFO | PyCon: “Code is more often read than written.” — Guido van Rossum
2023-02-24 14:15:44,585 | INFO | “Code tells you how; Comments tell you why.” — Jeff Atwood (aka Coding Horror)

2023-02-24 14:15:44,585 | INFO | Python Version : 3.10.4 (main, Apr  2 2022, 09:04:19) [GCC 11.2.0]
2023-02-24 14:15:44,585 | INFO | Platform : Linux
2023-02-24 14:15:44,585 | INFO | author :  AGL 
2023-02-24 14:15:44,585 | INFO | copyright : Copyright 2022, AGL
2023-02-24 14:15:44,585 | INFO | credits : ['Shubham Jangid']
2023-02-24 14:15:44,585 | INFO | license : AGL PVT LIMITED
2023-02-24 14:15:44,585 | INFO | version : 1.0.0
2023-02-24 14:15:44,585 | INFO | maintainer : Shubham Jangid
2023-02-24 14:15:44,585 | INFO | contact_email : jangid.shubham@adglobal360.com
2023-02-24 14:15:44,585 | INFO | status : dev

2023-02-24 14:15:46,969 | INFO | Email inserted.
2023-02-24 14:15:47,154 | INFO | Password inserted.
2023-02-24 14:15:47,213 | INFO | login button clicked.
2023-02-24 14:15:47,213 | INFO | logged in successfully.
2023-02-24 14:15:47,964 | ERROR | No element found AttributeError("'WebDriver' object has no attribute 'find_element_by_css_selector'")
2023-02-24 14:15:47,977 | ERROR | Error selecting PCA option NoSuchElementException()
2023-02-24 14:15:47,989 | ERROR | Error click report type drop down NoSuchElementException()
2023-02-24 14:15:47,999 | ERROR | Error selecting report type NoSuchElementException()
2023-02-24 14:15:48,000 | ERROR | Error downloading selected report.
