2023-02-24 17:15:55,338 | INFO | Script Execution start at : 2023-02-24 17:15:55.337948
2023-02-24 17:15:55,687 | ERROR | Module not found error : ModuleNotFoundError("No module named 'pymysql'")
2023-02-24 17:15:55,687 | INFO | Module Description :  Flipkart PCA/PLA reports download module.

2023-02-24 17:15:55,687 | INFO | PyCon: “Code is more often read than written.” — Guido van Rossum
2023-02-24 17:15:55,688 | INFO | “Code tells you how; Comments tell you why.” — Jeff Atwood (aka Coding Horror)

2023-02-24 17:15:55,688 | INFO | Python Version : 3.10.4 (main, Apr  2 2022, 09:04:19) [GCC 11.2.0]
2023-02-24 17:15:55,688 | INFO | Platform : Linux
2023-02-24 17:15:55,688 | INFO | author :  AGL 
2023-02-24 17:15:55,688 | INFO | copyright : Copyright 2022, AGL
2023-02-24 17:15:55,688 | INFO | credits : ['Shubham Jangid']
2023-02-24 17:15:55,688 | INFO | license : AGL PVT LIMITED
2023-02-24 17:15:55,688 | INFO | version : 1.0.0
2023-02-24 17:15:55,688 | INFO | maintainer : Shubham Jangid
2023-02-24 17:15:55,688 | INFO | contact_email : jangid.shubham@adglobal360.com
2023-02-24 17:15:55,688 | INFO | status : dev

2023-02-24 17:15:59,081 | INFO | Email inserted.
2023-02-24 17:15:59,309 | INFO | Password inserted.
2023-02-24 17:16:14,373 | INFO | login button clicked.
2023-02-24 17:16:14,374 | INFO | logged in successfully.
2023-02-24 17:16:36,525 | INFO | ad product dropdown clicked
2023-02-24 17:16:56,593 | INFO | PCA option selected.
2023-02-24 17:17:06,659 | INFO | report type drop down cliked
2023-02-24 17:17:36,789 | INFO | Report type selected
2023-02-24 17:17:57,013 | INFO | date div box clicked
2023-02-24 17:18:17,177 | INFO | Range selected or yesterday date selected
