2023-02-24 14:59:37,616 | INFO | Script Execution start at : 2023-02-24 14:59:37.616566
2023-02-24 14:59:38,014 | ERROR | Module not found error : ModuleNotFoundError("No module named 'pymysql'")
2023-02-24 14:59:38,014 | INFO | Module Description :  Flipkart PCA/PLA reports download module.

2023-02-24 14:59:38,015 | INFO | PyCon: “Code is more often read than written.” — Guido van Rossum
2023-02-24 14:59:38,015 | INFO | “Code tells you how; Comments tell you why.” — Jeff Atwood (aka Coding Horror)

2023-02-24 14:59:38,015 | INFO | Python Version : 3.10.4 (main, Apr  2 2022, 09:04:19) [GCC 11.2.0]
2023-02-24 14:59:38,015 | INFO | Platform : Linux
2023-02-24 14:59:38,015 | INFO | author :  AGL 
2023-02-24 14:59:38,015 | INFO | copyright : Copyright 2022, AGL
2023-02-24 14:59:38,015 | INFO | credits : ['Shubham Jangid']
2023-02-24 14:59:38,015 | INFO | license : AGL PVT LIMITED
2023-02-24 14:59:38,015 | INFO | version : 1.0.0
2023-02-24 14:59:38,015 | INFO | maintainer : Shubham Jangid
2023-02-24 14:59:38,015 | INFO | contact_email : jangid.shubham@adglobal360.com
2023-02-24 14:59:38,015 | INFO | status : dev

2023-02-24 14:59:41,410 | INFO | Email inserted.
2023-02-24 14:59:41,639 | INFO | Password inserted.
2023-02-24 14:59:56,707 | INFO | login button clicked.
2023-02-24 14:59:56,708 | INFO | logged in successfully.
2023-02-24 15:00:21,413 | INFO | ad product dropdown clicked
2023-02-24 15:00:41,493 | INFO | PCA option selected.
2023-02-24 15:00:51,563 | INFO | report type drop down cliked
2023-02-24 15:01:21,641 | INFO | Report type selected
2023-02-24 15:01:21,641 | ERROR |  Date div not found AttributeError("'WebDriver' object has no attribute 'find_element_by_id'")
2023-02-24 15:01:21,662 | ERROR | Range not clicked or found NoSuchElementException()
2023-02-24 15:01:41,737 | INFO | Download button clicked
