2023-03-13 16:33:22,032 | INFO | Script Execution start at : 2023-03-13 16:33:22.031944
2023-03-13 16:33:22,393 | ERROR | Module not found error : ModuleNotFoundError("No module named 'rich'")
2023-03-13 16:33:22,393 | INFO | Module Description :  Flipkart Campaign|AdGroup|Creative|FSN automation script.

2023-03-13 16:33:22,394 | INFO | PyCon: “Code is more often read than written.” — Guido van Rossum
2023-03-13 16:33:22,394 | INFO | “Code tells you how; Comments tell you why.” — Jeff Atwood (aka Coding Horror)

2023-03-13 16:33:22,394 | INFO | Python Version : 3.10.6 (main, Nov 14 2022, 16:10:14) [GCC 11.3.0]
2023-03-13 16:33:22,394 | INFO | Platform : Linux
2023-03-13 16:33:22,394 | INFO | author :  AGL 
2023-03-13 16:33:22,394 | INFO | copyright : Copyright 2022, AGL
2023-03-13 16:33:22,394 | INFO | credits : ['Shubham Jangid']
2023-03-13 16:33:22,394 | INFO | license : AGL PVT LIMITED
2023-03-13 16:33:22,394 | INFO | version : 1.0.0
2023-03-13 16:33:22,394 | INFO | maintainer : Shubham Jangid
2023-03-13 16:33:22,394 | INFO | contact_email : jangid.shubham@adglobal360.com
2023-03-13 16:33:22,394 | INFO | status : dev

2023-03-13 16:33:23,614 | INFO | Logging in ...
2023-03-13 16:33:25,156 | INFO | Email inserted.
2023-03-13 16:33:25,333 | INFO | Password inserted.
2023-03-13 16:33:35,401 | INFO | login button clicked.
2023-03-13 16:33:35,401 | INFO | logged in successfully.
2023-03-13 16:33:50,084 | INFO | Segment pca and campaign_id 3DQQ674515LR and ad_group_id ZDM61QRF9XKC selected.
2023-03-13 16:33:52,186 | INFO | pop up box removed..
2023-03-13 16:33:55,187 | INFO | Pop up box removed...
2023-03-13 16:34:00,253 | INFO | ad group  state changed successfully
2023-03-13 16:34:14,599 | INFO | Segment pla and campaign_id 11A55Y8T1P73 and ad_group_id FBVBORZKHWSI selected.
2023-03-13 16:34:16,651 | INFO | pop up box removed..
2023-03-13 16:34:19,651 | INFO | Pop up box removed...
2023-03-13 16:34:24,664 | ERROR | Error changing state of campaign or no such box to clickNoSuchElementException()
