2023-03-03 13:00:29,720 | INFO | Script Execution start at : 2023-03-03 13:00:29.720234
2023-03-03 13:00:30,165 | INFO | Module Description :  Flipkart PCA reports download module.

2023-03-03 13:00:30,165 | INFO | PyCon: “Code is more often read than written.” — Guido van Rossum
2023-03-03 13:00:30,165 | INFO | “Code tells you how; Comments tell you why.” — Jeff Atwood (aka Coding Horror)

2023-03-03 13:00:30,165 | INFO | Python Version : 3.10.4 (main, Apr  2 2022, 09:04:19) [GCC 11.2.0]
2023-03-03 13:00:30,165 | INFO | Platform : Linux
2023-03-03 13:00:30,166 | INFO | author :  AGL 
2023-03-03 13:00:30,166 | INFO | copyright : Copyright 2022, AGL
2023-03-03 13:00:30,166 | INFO | credits : ['Shubham Jangid']
2023-03-03 13:00:30,166 | INFO | license : AGL PVT LIMITED
2023-03-03 13:00:30,166 | INFO | version : 1.0.0
2023-03-03 13:00:30,166 | INFO | maintainer : Shubham Jangid
2023-03-03 13:00:30,166 | INFO | contact_email : jangid.shubham@adglobal360.com
2023-03-03 13:00:30,166 | INFO | status : dev

2023-03-03 13:00:33,081 | INFO | Email inserted.
2023-03-03 13:00:33,275 | INFO | Password inserted.
2023-03-03 13:00:43,330 | INFO | login button clicked.
2023-03-03 13:00:43,330 | INFO | logged in successfully.
2023-03-03 13:00:46,550 | INFO | pop up box removed..
2023-03-03 13:00:50,620 | INFO | pca_options clicked
2023-03-03 13:00:54,782 | INFO | PCA option selected.
2023-03-03 13:00:58,893 | INFO | date div box clicked
2023-03-03 13:01:02,984 | INFO | Range selected..
2023-03-03 13:01:02,984 | INFO | Process start for ConsolidatedDailyReport
