2023-03-15 11:37:54,722 | INFO | Script Execution start at : 2023-03-15 11:37:54.722672
2023-03-15 11:37:55,270 | INFO | Module Description :  Flipkart Campaign|AdGroup|Creative|FSN automation script.

2023-03-15 11:37:55,270 | INFO | PyCon: “Code is more often read than written.” — Guido van Rossum
2023-03-15 11:37:55,270 | INFO | “Code tells you how; Comments tell you why.” — Jeff Atwood (aka Coding Horror)

2023-03-15 11:37:55,270 | INFO | Python Version : 3.10.6 (main, Nov 14 2022, 16:10:14) [GCC 11.3.0]
2023-03-15 11:37:55,270 | INFO | Platform : Linux
2023-03-15 11:37:55,270 | INFO | author :  AGL 
2023-03-15 11:37:55,270 | INFO | copyright : Copyright 2022, AGL
2023-03-15 11:37:55,270 | INFO | credits : ['Shubham Jangid']
2023-03-15 11:37:55,270 | INFO | license : AGL PVT LIMITED
2023-03-15 11:37:55,270 | INFO | version : 1.0.0
2023-03-15 11:37:55,270 | INFO | maintainer : Shubham Jangid
2023-03-15 11:37:55,270 | INFO | contact_email : jangid.shubham@adglobal360.com
2023-03-15 11:37:55,271 | INFO | status : dev

2023-03-15 11:37:57,384 | INFO | Logging in ...
2023-03-15 11:37:59,523 | INFO | Email inserted.
2023-03-15 11:37:59,774 | INFO | Password inserted.
2023-03-15 11:38:09,831 | INFO | login button clicked.
2023-03-15 11:38:09,831 | INFO | logged in successfully.
2023-03-15 11:38:18,615 | INFO | Segment PLA and campaign_id 5WTD9PU15QX0 selected.
2023-03-15 11:38:18,630 | ERROR | Error removing pop up box
2023-03-15 11:38:21,631 | INFO | Pop up box removed...
2023-03-15 11:38:26,648 | ERROR | Error changing state of campaign or no such box to clickNoSuchElementException('no such element: Unable to locate element: {"method":"xpath","selector":"//*[@id="app"]/div[1]/div[1]/div/div[2]/div/div[2]/header/section/div[2]/div/span[3]/div"}\n  (Session info: chrome=111.0.5563.64)', None, None)
2023-03-15 11:38:35,471 | INFO | Segment PLA and campaign_id 6XNJG6ORC2NO selected.
2023-03-15 11:38:35,485 | ERROR | Error removing pop up box
2023-03-15 11:38:38,487 | INFO | Pop up box removed...
2023-03-15 11:38:44,154 | ERROR | Error changing state of campaign or no such box to clickNoSuchElementException('no such element: Unable to locate element: {"method":"xpath","selector":"//*[@id="app"]/div[1]/div[1]/div/div[2]/div/div[2]/header/section/div[2]/div/span[3]/div"}\n  (Session info: chrome=111.0.5563.64)', None, None)
