2023-02-27 12:07:11,931 | INFO | Script Execution start at : 2023-02-27 12:07:11.931515
2023-02-27 12:07:12,297 | ERROR | Module not found error : ModuleNotFoundError("No module named 'rich'")
2023-02-27 12:07:12,297 | INFO | Module Description :  Flipkart PCA reports download module.

2023-02-27 12:07:12,297 | INFO | PyCon: “Code is more often read than written.” — Guido van Rossum
2023-02-27 12:07:12,298 | INFO | “Code tells you how; Comments tell you why.” — Jeff Atwood (aka Coding Horror)

2023-02-27 12:07:12,298 | INFO | Python Version : 3.10.4 (main, Apr  2 2022, 09:04:19) [GCC 11.2.0]
2023-02-27 12:07:12,298 | INFO | Platform : Linux
2023-02-27 12:07:12,298 | INFO | author :  AGL 
2023-02-27 12:07:12,298 | INFO | copyright : Copyright 2022, AGL
2023-02-27 12:07:12,298 | INFO | credits : ['Shubham Jangid']
2023-02-27 12:07:12,298 | INFO | license : AGL PVT LIMITED
2023-02-27 12:07:12,298 | INFO | version : 1.0.0
2023-02-27 12:07:12,298 | INFO | maintainer : Shubham Jangid
2023-02-27 12:07:12,298 | INFO | contact_email : jangid.shubham@adglobal360.com
2023-02-27 12:07:12,298 | INFO | status : dev

2023-02-27 12:07:14,932 | INFO | Email inserted.
2023-02-27 12:07:15,118 | INFO | Password inserted.
2023-02-27 12:07:25,172 | INFO | login button clicked.
2023-02-27 12:07:25,172 | INFO | logged in successfully.
2023-02-27 12:07:25,172 | INFO | Process start for ConsolidatedDailyReport
2023-02-27 12:07:25,172 | INFO | Process start for PlacementPerformanceReport
2023-02-27 12:07:25,172 | INFO | Process start for SearchTeamReport
2023-02-27 12:07:25,172 | INFO | Process start for Attributed FSN Report
2023-02-27 12:07:25,172 | INFO | Process start for flipkart_supermart_keyword_report_pca
2023-02-27 12:07:25,172 | INFO | flipkart_supermart_seller_report_pca
2023-02-27 12:07:38,476 | INFO | pop up box removed..
2023-02-27 12:07:44,544 | INFO | ad product dropdown clicked
2023-02-27 12:07:50,652 | INFO | PCA option selected.
2023-02-27 12:07:54,704 | INFO | report type drop down cliked
2023-02-27 12:08:02,860 | INFO | Report type selected
2023-02-27 12:08:02,860 | INFO | Attributed Keyword Report...
2023-02-27 12:08:08,954 | INFO | date div box clicked
