2023-02-27 08:56:57,246 | INFO | Script Execution start at : 2023-02-27 08:56:57.246366
2023-02-27 08:56:57,718 | ERROR | Module not found error : ModuleNotFoundError("No module named 'rich'")
2023-02-27 08:56:57,718 | INFO | Module Description :  Flipkart PCA/PLA reports download module.

2023-02-27 08:56:57,719 | INFO | PyCon: “Code is more often read than written.” — Guido van Rossum
2023-02-27 08:56:57,719 | INFO | “Code tells you how; Comments tell you why.” — Jeff Atwood (aka Coding Horror)

2023-02-27 08:56:57,719 | INFO | Python Version : 3.10.4 (main, Apr  2 2022, 09:04:19) [GCC 11.2.0]
2023-02-27 08:56:57,719 | INFO | Platform : Linux
2023-02-27 08:56:57,719 | INFO | author :  AGL 
2023-02-27 08:56:57,719 | INFO | copyright : Copyright 2022, AGL
2023-02-27 08:56:57,719 | INFO | credits : ['Shubham Jangid']
2023-02-27 08:56:57,719 | INFO | license : AGL PVT LIMITED
2023-02-27 08:56:57,719 | INFO | version : 1.0.0
2023-02-27 08:56:57,719 | INFO | maintainer : Shubham Jangid
2023-02-27 08:56:57,719 | INFO | contact_email : jangid.shubham@adglobal360.com
2023-02-27 08:56:57,719 | INFO | status : dev

2023-02-27 08:57:00,852 | INFO | Email inserted.
2023-02-27 08:57:01,023 | INFO | Password inserted.
2023-02-27 08:57:11,152 | INFO | login button clicked.
2023-02-27 08:57:11,152 | INFO | logged in successfully.
2023-02-27 08:57:19,669 | INFO | pop up box removed..
2023-02-27 08:57:25,835 | INFO | ad product dropdown clicked
2023-02-27 08:57:31,997 | INFO | PCA option selected.
2023-02-27 08:57:36,170 | INFO | report type drop down cliked
2023-02-27 08:57:44,320 | INFO | Consolidated Report type selected
2023-02-27 08:57:50,468 | INFO | date div box clicked
2023-02-27 08:57:56,620 | INFO | Range selected..
2023-02-27 08:58:01,774 | INFO | Download button clicked
2023-02-27 08:58:06,776 | INFO | Report download completed...
2023-02-27 08:58:08,778 | INFO | Downloaded file name : 9amvpun7u1.csv
2023-02-27 08:58:08,778 | INFO | Downloaded file name : c48s2g2ulp.csv
2023-02-27 08:58:08,779 | INFO | Downloaded file name : downloaded.csv
2023-02-27 08:58:11,498 | INFO | inserting data...
2023-02-27 08:58:11,498 | INFO | data inserted in flipkart_supermart_campaign_report_pca table.
2023-02-27 08:58:16,502 | INFO | file removed..
2023-02-27 08:58:32,796 | INFO | pop up box removed..
2023-02-27 08:58:38,873 | INFO | ad product dropdown clicked
2023-02-27 08:58:44,952 | INFO | PCA option selected.
2023-02-27 08:58:49,022 | INFO | report type drop down cliked
2023-02-27 08:58:56,147 | ERROR | Error selecting report type ElementClickInterceptedException()
2023-02-27 08:58:56,147 | INFO | PlacementPerformanceReport Selected...
2023-02-27 08:59:02,375 | INFO | date div box clicked
2023-02-27 08:59:08,540 | INFO | Range selected..
2023-02-27 08:59:13,672 | INFO | Download button clicked
2023-02-27 08:59:18,676 | INFO | Report download completed...
2023-02-27 08:59:20,677 | INFO | Downloaded file name : t9eshtey1e.csv
