2023-03-10 14:46:03,333 | INFO | Script Execution start at : 2023-03-10 14:46:03.333535
2023-03-10 14:46:03,964 | ERROR | Module not found error : ModuleNotFoundError("No module named 'iteration_utilities'")
2023-03-10 14:46:03,964 | INFO | Module Description :  Flipkart PCA/PLA Supermart reports download module.

2023-03-10 14:46:03,965 | INFO | PyCon: “Code is more often read than written.” — Guido van Rossum
2023-03-10 14:46:03,965 | INFO | “Code tells you how; Comments tell you why.” — Jeff Atwood (aka Coding Horror)

2023-03-10 14:46:03,965 | INFO | Python Version : 3.10.6 (main, Nov 14 2022, 16:10:14) [GCC 11.3.0]
2023-03-10 14:46:03,966 | INFO | Platform : Linux
2023-03-10 14:46:03,966 | INFO | author :  AGL 
2023-03-10 14:46:03,966 | INFO | copyright : Copyright 2022, AGL
2023-03-10 14:46:03,967 | INFO | credits : ['Shubham Jangid']
2023-03-10 14:46:03,967 | INFO | license : AGL PVT LIMITED
2023-03-10 14:46:03,967 | INFO | version : 1.0.0
2023-03-10 14:46:03,968 | INFO | maintainer : Shubham Jangid
2023-03-10 14:46:03,968 | INFO | contact_email : jangid.shubham@adglobal360.com
2023-03-10 14:46:03,968 | INFO | status : dev

2023-03-10 14:46:07,043 | INFO | Email inserted.
2023-03-10 14:46:07,218 | INFO | Password inserted.
2023-03-10 14:46:17,304 | INFO | login button clicked.
2023-03-10 14:46:17,304 | INFO | logged in successfully.
2023-03-10 14:46:17,305 | INFO | Report downloading and inserting data for supermart pca campaign
2023-03-10 14:46:24,106 | INFO | pop up box removed..
2023-03-10 14:46:30,180 | INFO | account dropdown clicked
2023-03-10 14:46:37,130 | INFO | Account selected Vanish
2023-03-10 14:46:44,299 | ERROR | Error : ElementClickInterceptedException()
2023-03-10 14:46:46,344 | INFO | Error : NoSuchElementException()
2023-03-10 14:46:52,362 | ERROR | Error downloading report NoSuchElementException()
