2023-03-13 15:44:42,157 | INFO | Script Execution start at : 2023-03-13 15:44:42.157642
2023-03-13 15:44:42,517 | ERROR | Module not found error : ModuleNotFoundError("No module named 'rich'")
2023-03-13 15:44:42,517 | INFO | Module Description :  Flipkart Campaign|AdGroup|Creative|FSN automation script.

2023-03-13 15:44:42,517 | INFO | PyCon: “Code is more often read than written.” — Guido van Rossum
2023-03-13 15:44:42,518 | INFO | “Code tells you how; Comments tell you why.” — Jeff Atwood (aka Coding Horror)

2023-03-13 15:44:42,518 | INFO | Python Version : 3.10.6 (main, Nov 14 2022, 16:10:14) [GCC 11.3.0]
2023-03-13 15:44:42,518 | INFO | Platform : Linux
2023-03-13 15:44:42,518 | INFO | author :  AGL 
2023-03-13 15:44:42,518 | INFO | copyright : Copyright 2022, AGL
2023-03-13 15:44:42,518 | INFO | credits : ['Shubham Jangid']
2023-03-13 15:44:42,518 | INFO | license : AGL PVT LIMITED
2023-03-13 15:44:42,518 | INFO | version : 1.0.0
2023-03-13 15:44:42,518 | INFO | maintainer : Shubham Jangid
2023-03-13 15:44:42,518 | INFO | contact_email : jangid.shubham@adglobal360.com
2023-03-13 15:44:42,518 | INFO | status : dev

2023-03-13 15:44:43,711 | INFO | Logging in ...
2023-03-13 15:44:45,069 | INFO | Email inserted.
2023-03-13 15:44:45,260 | INFO | Password inserted.
2023-03-13 15:44:55,320 | INFO | login button clicked.
2023-03-13 15:44:55,320 | INFO | logged in successfully.
2023-03-13 15:45:14,495 | INFO | Segment pca and campaign_id 3DQQ674515LR and ad_group_id ZDM61QRF9XKC selected.
2023-03-13 15:45:16,546 | INFO | pop up box removed..
2023-03-13 15:45:19,548 | INFO | Pop up box removed...
2023-03-13 15:45:24,600 | INFO | ad group  state changed successfully
2023-03-13 15:45:38,432 | INFO | Segment pla and campaign_id 11A55Y8T1P73 and ad_group_id FBVBORZKHWSI selected.
2023-03-13 15:45:40,563 | INFO | pop up box removed..
2023-03-13 15:45:43,567 | INFO | Pop up box removed...
2023-03-13 15:45:48,600 | ERROR | Error changing state of campaign or no such box to clickNoSuchElementException()
