2023-03-15 10:16:59,421 | INFO | Script Execution start at : 2023-03-15 10:16:59.421038
2023-03-15 10:17:00,021 | ERROR | Module not found error : ModuleNotFoundError("No module named 'rich'")
2023-03-15 10:17:00,021 | INFO | Module Description :  Flipkart Campaign|AdGroup|Creative|FSN automation script.

2023-03-15 10:17:00,021 | INFO | PyCon: “Code is more often read than written.” — Guido van Rossum
2023-03-15 10:17:00,021 | INFO | “Code tells you how; Comments tell you why.” — Jeff Atwood (aka Coding Horror)

2023-03-15 10:17:00,021 | INFO | Python Version : 3.10.6 (main, Nov 14 2022, 16:10:14) [GCC 11.3.0]
2023-03-15 10:17:00,021 | INFO | Platform : Linux
2023-03-15 10:17:00,021 | INFO | author :  AGL 
2023-03-15 10:17:00,021 | INFO | copyright : Copyright 2022, AGL
2023-03-15 10:17:00,022 | INFO | credits : ['Shubham Jangid']
2023-03-15 10:17:00,022 | INFO | license : AGL PVT LIMITED
2023-03-15 10:17:00,022 | INFO | version : 1.0.0
2023-03-15 10:17:00,022 | INFO | maintainer : Shubham Jangid
2023-03-15 10:17:00,022 | INFO | contact_email : jangid.shubham@adglobal360.com
2023-03-15 10:17:00,022 | INFO | status : dev

2023-03-15 10:17:01,243 | INFO | Logging in ...
2023-03-15 10:17:02,446 | INFO | Email inserted.
2023-03-15 10:17:02,616 | INFO | Password inserted.
2023-03-15 10:17:12,707 | INFO | login button clicked.
2023-03-15 10:17:12,707 | INFO | logged in successfully.
2023-03-15 10:17:23,527 | INFO | pop up box removed..
2023-03-15 10:17:29,607 | INFO | continue btn clicked
2023-03-15 10:17:34,728 | INFO | current val of budget is : 1002
2023-03-15 10:17:37,046 | INFO | New budget : 1002.0
2023-03-15 10:17:42,203 | INFO | final continue btn clicked
2023-03-15 10:17:48,268 | INFO | submit btn clicked
2023-03-15 10:17:59,018 | INFO | pop up box removed..
2023-03-15 10:18:05,126 | INFO | current val of budget is : 1002
2023-03-15 10:18:07,347 | INFO | New budget : 1002.0
2023-03-15 10:18:12,435 | INFO | final continue btn clicked
2023-03-15 10:18:18,514 | INFO | submit btn clicked
