2023-03-10 12:43:44,015 | INFO | Script Execution start at : 2023-03-10 12:43:44.015681
2023-03-10 12:43:44,372 | ERROR | Module not found error : ModuleNotFoundError("No module named 'iteration_utilities'")
2023-03-10 12:43:44,372 | INFO | Module Description :  Flipkart PCA/PLA Supermart reports download module.

2023-03-10 12:43:44,372 | INFO | PyCon: “Code is more often read than written.” — Guido van Rossum
2023-03-10 12:43:44,372 | INFO | “Code tells you how; Comments tell you why.” — Jeff Atwood (aka Coding Horror)

2023-03-10 12:43:44,373 | INFO | Python Version : 3.10.6 (main, Nov 14 2022, 16:10:14) [GCC 11.3.0]
2023-03-10 12:43:44,373 | INFO | Platform : Linux
2023-03-10 12:43:44,373 | INFO | author :  AGL 
2023-03-10 12:43:44,373 | INFO | copyright : Copyright 2022, AGL
2023-03-10 12:43:44,373 | INFO | credits : ['Shubham Jangid']
2023-03-10 12:43:44,373 | INFO | license : AGL PVT LIMITED
2023-03-10 12:43:44,373 | INFO | version : 1.0.0
2023-03-10 12:43:44,373 | INFO | maintainer : Shubham Jangid
2023-03-10 12:43:44,373 | INFO | contact_email : jangid.shubham@adglobal360.com
2023-03-10 12:43:44,373 | INFO | status : dev

2023-03-10 12:43:46,913 | INFO | Email inserted.
2023-03-10 12:43:47,131 | INFO | Password inserted.
2023-03-10 12:43:57,242 | INFO | login button clicked.
2023-03-10 12:43:57,242 | INFO | logged in successfully.
2023-03-10 12:43:57,242 | INFO | Report downloading and inserting data for supermart pla campaign
2023-03-10 12:44:03,913 | INFO | pop up box removed..
2023-03-10 12:44:09,977 | INFO | drop down clicked
2023-03-10 12:44:18,178 | INFO | supermart option selected...
2023-03-10 12:44:29,302 | INFO | Download btn clicked! Report downloaded
2023-03-10 12:44:34,306 | INFO | Downloaded file name : w2wew051d8h.csv
2023-03-10 12:44:34,307 | INFO | changed file name : /home/shubh/Desktop/AGL/chrome-headless/pcaPlaReports/downloaded.csv
2023-03-10 12:44:34,307 | INFO | file name changed..
2023-03-10 12:44:34,307 | INFO | Downloaded file name : downloaded.csv
2023-03-10 12:44:34,307 | INFO | changed file name : /home/shubh/Desktop/AGL/chrome-headless/pcaPlaReports/downloaded.csv
2023-03-10 12:44:34,307 | INFO | file name changed..
2023-03-10 12:44:37,784 | INFO | inserting data...
2023-03-10 12:44:47,792 | INFO | file removed..
2023-03-10 12:44:49,794 | INFO | done for PCA
