2023-03-09 13:47:46,046 | INFO | Script Execution start at : 2023-03-09 13:47:46.046409
2023-03-09 13:47:46,726 | INFO | Module Description :  Flipkart PCA/PLA Supermart reports download module.

2023-03-09 13:47:46,726 | INFO | PyCon: “Code is more often read than written.” — Guido van Rossum
2023-03-09 13:47:46,727 | INFO | “Code tells you how; Comments tell you why.” — Jeff Atwood (aka Coding Horror)

2023-03-09 13:47:46,727 | INFO | Python Version : 3.10.6 (main, Nov 14 2022, 16:10:14) [GCC 11.3.0]
2023-03-09 13:47:46,727 | INFO | Platform : Linux
2023-03-09 13:47:46,727 | INFO | author :  AGL 
2023-03-09 13:47:46,727 | INFO | copyright : Copyright 2022, AGL
2023-03-09 13:47:46,727 | INFO | credits : ['Shubham Jangid']
2023-03-09 13:47:46,727 | INFO | license : AGL PVT LIMITED
2023-03-09 13:47:46,727 | INFO | version : 1.0.0
2023-03-09 13:47:46,727 | INFO | maintainer : Shubham Jangid
2023-03-09 13:47:46,727 | INFO | contact_email : jangid.shubham@adglobal360.com
2023-03-09 13:47:46,727 | INFO | status : dev

2023-03-09 13:47:50,032 | INFO | Email inserted.
2023-03-09 13:47:50,233 | INFO | Password inserted.
2023-03-09 13:48:00,291 | INFO | login button clicked.
2023-03-09 13:48:00,291 | INFO | logged in successfully.
2023-03-09 13:48:00,291 | INFO | Report downloading and inserting data for supermart pca campaign
2023-03-09 13:48:08,035 | INFO | pop up box removed..
2023-03-09 13:48:14,093 | INFO | drop down clicked
2023-03-09 13:48:22,223 | INFO | supermart option selected...
2023-03-09 13:48:33,336 | INFO | Download btn clicked! Report downloaded
2023-03-09 13:48:38,340 | INFO | Downloaded file name : q7lvmok1o3j.csv
2023-03-09 13:48:38,340 | INFO | changed file name : /home/shubh/Desktop/AGL/chrome-headless/pcaPlaReports/downloaded.csv
2023-03-09 13:48:38,340 | INFO | file name changed..
2023-03-09 13:48:38,340 | INFO | Downloaded file name : downloaded.csv
2023-03-09 13:48:38,340 | INFO | changed file name : /home/shubh/Desktop/AGL/chrome-headless/pcaPlaReports/downloaded.csv
2023-03-09 13:48:38,340 | INFO | file name changed..
