2023-03-10 11:46:56,625 | INFO | Script Execution start at : 2023-03-10 11:46:56.624977
2023-03-10 11:46:57,017 | ERROR | Module not found error : ModuleNotFoundError("No module named 'rich'")
2023-03-10 11:46:57,017 | INFO | Module Description :  Flipkart PCA/PLA Supermart reports download module.

2023-03-10 11:46:57,017 | INFO | PyCon: “Code is more often read than written.” — Guido van Rossum
2023-03-10 11:46:57,017 | INFO | “Code tells you how; Comments tell you why.” — Jeff Atwood (aka Coding Horror)

2023-03-10 11:46:57,017 | INFO | Python Version : 3.10.6 (main, Nov 14 2022, 16:10:14) [GCC 11.3.0]
2023-03-10 11:46:57,017 | INFO | Platform : Linux
2023-03-10 11:46:57,017 | INFO | author :  AGL 
2023-03-10 11:46:57,018 | INFO | copyright : Copyright 2022, AGL
2023-03-10 11:46:57,018 | INFO | credits : ['Shubham Jangid']
2023-03-10 11:46:57,018 | INFO | license : AGL PVT LIMITED
2023-03-10 11:46:57,018 | INFO | version : 1.0.0
2023-03-10 11:46:57,018 | INFO | maintainer : Shubham Jangid
2023-03-10 11:46:57,018 | INFO | contact_email : jangid.shubham@adglobal360.com
2023-03-10 11:46:57,018 | INFO | status : dev

2023-03-10 11:47:00,586 | INFO | Email inserted.
2023-03-10 11:47:00,825 | INFO | Password inserted.
2023-03-10 11:47:10,886 | INFO | login button clicked.
2023-03-10 11:47:10,886 | INFO | logged in successfully.
2023-03-10 11:47:10,886 | INFO | Report downloading and inserting data for supermart pca campaign
2023-03-10 11:47:17,586 | INFO | pop up box removed..
2023-03-10 11:47:23,650 | INFO | drop down clicked
2023-03-10 11:47:31,790 | INFO | supermart option selected...
2023-03-10 11:47:42,884 | INFO | Download btn clicked! Report downloaded
2023-03-10 11:47:47,887 | INFO | Downloaded file name : 2ta7su23bwn.csv
2023-03-10 11:47:47,887 | INFO | changed file name : /home/shubh/Desktop/AGL/chrome-headless/pcaPlaReports/downloaded.csv
2023-03-10 11:47:47,887 | INFO | file name changed..
2023-03-10 11:47:47,887 | INFO | Downloaded file name : downloaded.csv
2023-03-10 11:47:47,887 | INFO | changed file name : /home/shubh/Desktop/AGL/chrome-headless/pcaPlaReports/downloaded.csv
2023-03-10 11:47:47,887 | INFO | file name changed..
