2023-02-24 14:47:56,061 | INFO | Script Execution start at : 2023-02-24 14:47:56.061088
2023-02-24 14:47:56,472 | ERROR | Module not found error : ModuleNotFoundError("No module named 'pymysql'")
2023-02-24 14:47:56,472 | INFO | Module Description :  Flipkart PCA/PLA reports download module.

2023-02-24 14:47:56,472 | INFO | PyCon: “Code is more often read than written.” — Guido van Rossum
2023-02-24 14:47:56,472 | INFO | “Code tells you how; Comments tell you why.” — Jeff Atwood (aka Coding Horror)

2023-02-24 14:47:56,472 | INFO | Python Version : 3.10.4 (main, Apr  2 2022, 09:04:19) [GCC 11.2.0]
2023-02-24 14:47:56,472 | INFO | Platform : Linux
2023-02-24 14:47:56,472 | INFO | author :  AGL 
2023-02-24 14:47:56,472 | INFO | copyright : Copyright 2022, AGL
2023-02-24 14:47:56,472 | INFO | credits : ['Shubham Jangid']
2023-02-24 14:47:56,473 | INFO | license : AGL PVT LIMITED
2023-02-24 14:47:56,473 | INFO | version : 1.0.0
2023-02-24 14:47:56,473 | INFO | maintainer : Shubham Jangid
2023-02-24 14:47:56,473 | INFO | contact_email : jangid.shubham@adglobal360.com
2023-02-24 14:47:56,473 | INFO | status : dev

2023-02-24 14:47:59,800 | INFO | Email inserted.
2023-02-24 14:48:00,036 | INFO | Password inserted.
2023-02-24 14:48:15,105 | INFO | login button clicked.
2023-02-24 14:48:15,105 | INFO | logged in successfully.
2023-02-24 14:48:36,365 | INFO | ad product dropdown clicked
2023-02-24 14:48:56,437 | INFO | PCA option selected.
2023-02-24 14:49:06,516 | INFO | report type drop down cliked
2023-02-24 14:49:36,593 | INFO | Report type selected
2023-02-24 14:49:36,593 | ERROR | Error at starting point. NameError("name 'e' is not defined")
