2023-03-10 12:28:42,770 | INFO | Script Execution start at : 2023-03-10 12:28:42.770654
2023-03-10 12:28:43,137 | ERROR | Module not found error : ModuleNotFoundError("No module named 'iteration_utilities'")
2023-03-10 12:28:43,137 | INFO | Module Description :  Flipkart PCA/PLA Supermart reports download module.

2023-03-10 12:28:43,137 | INFO | PyCon: “Code is more often read than written.” — Guido van Rossum
2023-03-10 12:28:43,137 | INFO | “Code tells you how; Comments tell you why.” — Jeff Atwood (aka Coding Horror)

2023-03-10 12:28:43,137 | INFO | Python Version : 3.10.6 (main, Nov 14 2022, 16:10:14) [GCC 11.3.0]
2023-03-10 12:28:43,137 | INFO | Platform : Linux
2023-03-10 12:28:43,137 | INFO | author :  AGL 
2023-03-10 12:28:43,137 | INFO | copyright : Copyright 2022, AGL
2023-03-10 12:28:43,138 | INFO | credits : ['Shubham Jangid']
2023-03-10 12:28:43,138 | INFO | license : AGL PVT LIMITED
2023-03-10 12:28:43,138 | INFO | version : 1.0.0
2023-03-10 12:28:43,138 | INFO | maintainer : Shubham Jangid
2023-03-10 12:28:43,138 | INFO | contact_email : jangid.shubham@adglobal360.com
2023-03-10 12:28:43,138 | INFO | status : dev

2023-03-10 12:28:45,814 | INFO | Email inserted.
2023-03-10 12:28:45,996 | INFO | Password inserted.
2023-03-10 12:28:56,066 | INFO | login button clicked.
2023-03-10 12:28:56,066 | INFO | logged in successfully.
2023-03-10 12:28:56,067 | INFO | Report downloading and inserting data for supermart pla campaign
2023-03-10 12:29:04,080 | INFO | pop up box removed..
2023-03-10 12:29:10,147 | INFO | drop down clicked
2023-03-10 12:29:18,278 | INFO | supermart option selected...
2023-03-10 12:29:29,390 | INFO | Download btn clicked! Report downloaded
2023-03-10 12:29:34,394 | INFO | Downloaded file name : og1tzlfu37i.csv
2023-03-10 12:29:34,395 | INFO | changed file name : /home/shubh/Desktop/AGL/chrome-headless/pcaPlaReports/downloaded.csv
2023-03-10 12:29:34,395 | INFO | file name changed..
2023-03-10 12:29:34,395 | INFO | Downloaded file name : downloaded.csv
2023-03-10 12:29:34,395 | INFO | changed file name : /home/shubh/Desktop/AGL/chrome-headless/pcaPlaReports/downloaded.csv
2023-03-10 12:29:34,395 | INFO | file name changed..
