2023-02-24 20:31:41,708 | INFO | Script Execution start at : 2023-02-24 20:31:41.708132
2023-02-24 20:31:42,055 | ERROR | Module not found error : ModuleNotFoundError("No module named 'pymysql'")
2023-02-24 20:31:42,055 | INFO | Module Description :  Flipkart PCA/PLA reports download module.

2023-02-24 20:31:42,055 | INFO | PyCon: “Code is more often read than written.” — Guido van Rossum
2023-02-24 20:31:42,055 | INFO | “Code tells you how; Comments tell you why.” — Jeff Atwood (aka Coding Horror)

2023-02-24 20:31:42,055 | INFO | Python Version : 3.10.4 (main, Apr  2 2022, 09:04:19) [GCC 11.2.0]
2023-02-24 20:31:42,055 | INFO | Platform : Linux
2023-02-24 20:31:42,055 | INFO | author :  AGL 
2023-02-24 20:31:42,055 | INFO | copyright : Copyright 2022, AGL
2023-02-24 20:31:42,056 | INFO | credits : ['Shubham Jangid']
2023-02-24 20:31:42,056 | INFO | license : AGL PVT LIMITED
2023-02-24 20:31:42,056 | INFO | version : 1.0.0
2023-02-24 20:31:42,056 | INFO | maintainer : Shubham Jangid
2023-02-24 20:31:42,056 | INFO | contact_email : jangid.shubham@adglobal360.com
2023-02-24 20:31:42,056 | INFO | status : dev

2023-02-24 20:31:45,213 | INFO | Email inserted.
2023-02-24 20:31:45,410 | INFO | Password inserted.
2023-02-24 20:32:00,553 | INFO | login button clicked.
2023-02-24 20:32:00,553 | INFO | logged in successfully.
2023-02-24 20:32:13,258 | ERROR | No element found ElementClickInterceptedException()
2023-02-24 20:32:13,276 | ERROR | Error selecting PCA option NoSuchElementException()
2023-02-24 20:32:24,348 | ERROR | Error click report type drop down ElementClickInterceptedException()
2023-02-24 20:32:24,391 | ERROR | Error selecting report type NoSuchElementException()
2023-02-24 20:32:35,521 | ERROR |  Date div not found ElementClickInterceptedException()
2023-02-24 20:32:35,538 | ERROR | Range not clicked or found NoSuchElementException()
2023-02-24 20:32:41,663 | ERROR | Error downloading selected report.
