2023-03-06 19:25:29,187 | INFO | Script Execution start at : 2023-03-06 19:25:29.187058
2023-03-06 19:25:29,689 | INFO | Module Description :  Flipkart Campaign automation script.

2023-03-06 19:25:29,690 | INFO | PyCon: “Code is more often read than written.” — Guido van Rossum
2023-03-06 19:25:29,690 | INFO | “Code tells you how; Comments tell you why.” — Jeff Atwood (aka Coding Horror)

2023-03-06 19:25:29,690 | INFO | Python Version : 3.10.4 (main, Apr  2 2022, 09:04:19) [GCC 11.2.0]
2023-03-06 19:25:29,690 | INFO | Platform : Linux
2023-03-06 19:25:29,690 | INFO | author :  AGL 
2023-03-06 19:25:29,690 | INFO | copyright : Copyright 2022, AGL
2023-03-06 19:25:29,690 | INFO | credits : ['Shubham Jangid']
2023-03-06 19:25:29,690 | INFO | license : AGL PVT LIMITED
2023-03-06 19:25:29,690 | INFO | version : 1.0.0
2023-03-06 19:25:29,690 | INFO | maintainer : Shubham Jangid
2023-03-06 19:25:29,690 | INFO | contact_email : jangid.shubham@adglobal360.com
2023-03-06 19:25:29,690 | INFO | status : dev

2023-03-06 19:25:34,611 | INFO | Email inserted.
2023-03-06 19:25:34,824 | INFO | Password inserted.
2023-03-06 19:25:44,874 | INFO | login button clicked.
2023-03-06 19:25:44,874 | INFO | logged in successfully.
2023-03-06 19:25:55,994 | INFO | pop up box removed..
2023-03-06 19:25:59,154 | INFO | DropDown clicked 
2023-03-06 19:26:01,356 | INFO |  PCA option is selected
2023-03-06 19:26:01,462 | INFO | Changes applied option set successfully..
