2023-03-09 15:11:40,385 | INFO | Script Execution start at : 2023-03-09 15:11:40.385136
2023-03-09 15:11:40,819 | INFO | Module Description :  Flipkart PCA reports download module.

2023-03-09 15:11:40,819 | INFO | PyCon: “Code is more often read than written.” — Guido van Rossum
2023-03-09 15:11:40,820 | INFO | “Code tells you how; Comments tell you why.” — Jeff Atwood (aka Coding Horror)

2023-03-09 15:11:40,820 | INFO | Python Version : 3.10.6 (main, Nov 14 2022, 16:10:14) [GCC 11.3.0]
2023-03-09 15:11:40,820 | INFO | Platform : Linux
2023-03-09 15:11:40,820 | INFO | author :  AGL 
2023-03-09 15:11:40,820 | INFO | copyright : Copyright 2022, AGL
2023-03-09 15:11:40,820 | INFO | credits : ['Shubham Jangid']
2023-03-09 15:11:40,820 | INFO | license : AGL PVT LIMITED
2023-03-09 15:11:40,820 | INFO | version : 1.0.0
2023-03-09 15:11:40,820 | INFO | maintainer : Shubham Jangid
2023-03-09 15:11:40,820 | INFO | contact_email : jangid.shubham@adglobal360.com
2023-03-09 15:11:40,820 | INFO | status : dev

2023-03-09 15:11:43,368 | INFO | Email inserted.
2023-03-09 15:11:43,552 | INFO | Password inserted.
2023-03-09 15:11:53,635 | INFO | login button clicked.
2023-03-09 15:11:53,635 | INFO | logged in successfully.
2023-03-09 15:11:53,636 | INFO | Process start for PlacementPerformanceReport
2023-03-09 15:12:05,258 | INFO | pop up box removed..
2023-03-09 15:12:11,319 | INFO | ad product dropdown clicked
2023-03-09 15:12:17,414 | INFO | PCA option selected.
2023-03-09 15:12:21,583 | INFO | report type drop down cliked
2023-03-09 15:12:29,739 | INFO | Report type selected
2023-03-09 15:12:29,740 | INFO | PlacementPerformanceReport Selected...
2023-03-09 15:12:35,919 | INFO | date div box clicked
2023-03-09 15:12:42,011 | INFO | Range selected..
2023-03-09 15:12:47,041 | ERROR | Error downloading selected report.
