2023-03-06 19:29:29,632 | INFO | Script Execution start at : 2023-03-06 19:29:29.632224
2023-03-06 19:29:30,106 | INFO | Module Description :  Flipkart Campaign automation script.

2023-03-06 19:29:30,106 | INFO | PyCon: “Code is more often read than written.” — Guido van Rossum
2023-03-06 19:29:30,106 | INFO | “Code tells you how; Comments tell you why.” — Jeff Atwood (aka Coding Horror)

2023-03-06 19:29:30,106 | INFO | Python Version : 3.10.4 (main, Apr  2 2022, 09:04:19) [GCC 11.2.0]
2023-03-06 19:29:30,107 | INFO | Platform : Linux
2023-03-06 19:29:30,107 | INFO | author :  AGL 
2023-03-06 19:29:30,107 | INFO | copyright : Copyright 2022, AGL
2023-03-06 19:29:30,107 | INFO | credits : ['Shubham Jangid']
2023-03-06 19:29:30,107 | INFO | license : AGL PVT LIMITED
2023-03-06 19:29:30,107 | INFO | version : 1.0.0
2023-03-06 19:29:30,107 | INFO | maintainer : Shubham Jangid
2023-03-06 19:29:30,107 | INFO | contact_email : jangid.shubham@adglobal360.com
2023-03-06 19:29:30,107 | INFO | status : dev

2023-03-06 19:29:33,113 | INFO | Email inserted.
2023-03-06 19:29:33,299 | INFO | Password inserted.
2023-03-06 19:29:43,438 | INFO | login button clicked.
2023-03-06 19:29:43,438 | INFO | logged in successfully.
2023-03-06 19:29:54,873 | INFO | pop up box removed..
2023-03-06 19:29:58,058 | INFO | DropDown clicked 
2023-03-06 19:30:03,192 | INFO |  PCA option is selected
2023-03-06 19:30:08,330 | INFO | Changes applied option set successfully..
2023-03-06 19:30:14,793 | INFO | pop up box removed..
