2023-03-15 11:08:19,688 | INFO | Script Execution start at : 2023-03-15 11:08:19.688632
2023-03-15 11:08:20,680 | INFO | Module Description :  Flipkart PCA/PLA Supermart reports download module.

2023-03-15 11:08:20,680 | INFO | PyCon: “Code is more often read than written.” — Guido van Rossum
2023-03-15 11:08:20,680 | INFO | “Code tells you how; Comments tell you why.” — Jeff Atwood (aka Coding Horror)

2023-03-15 11:08:20,680 | INFO | Python Version : 3.10.6 (main, Nov 14 2022, 16:10:14) [GCC 11.3.0]
2023-03-15 11:08:20,680 | INFO | Platform : Linux
2023-03-15 11:08:20,680 | INFO | author :  AGL 
2023-03-15 11:08:20,680 | INFO | copyright : Copyright 2022, AGL
2023-03-15 11:08:20,680 | INFO | credits : ['Shubham Jangid']
2023-03-15 11:08:20,680 | INFO | license : AGL PVT LIMITED
2023-03-15 11:08:20,681 | INFO | version : 1.0.0
2023-03-15 11:08:20,681 | INFO | maintainer : Shubham Jangid
2023-03-15 11:08:20,681 | INFO | contact_email : jangid.shubham@adglobal360.com
2023-03-15 11:08:20,681 | INFO | status : dev

2023-03-15 11:08:23,759 | INFO | Email inserted.
2023-03-15 11:08:23,968 | INFO | Password inserted.
2023-03-15 11:08:34,040 | INFO | login button clicked.
2023-03-15 11:08:34,040 | INFO | logged in successfully.
2023-03-15 11:08:34,041 | INFO | Report downloading and inserting data for supermart pca campaign
2023-03-15 11:08:38,139 | ERROR | Error clicking account dropdown ElementClickInterceptedException('element click intercepted: Element <span class="styles__GroupNameWrapper-sc-15k3kqb-16 fFvRSq">...</span> is not clickable at point (1254, 24). Other element would receive the click: <div class="styles__MouseEventsBlockingOverlay-sc-13lgkj1-2 dYbIyd"></div>\n  (Session info: chrome=111.0.5563.64)', None, None)
2023-03-15 11:08:41,152 | INFO | Error selecting account NoSuchElementException('no such element: Unable to locate element: {"method":"xpath","selector":"//*[@id="popover-content"]/div/div[1]/div[2]/a[3]/div/div"}\n  (Session info: chrome=111.0.5563.64)', None, None)
2023-03-15 11:08:46,203 | INFO | pop up box removed..
2023-03-15 11:08:50,299 | ERROR | Error removing pop up box
2023-03-15 11:08:57,389 | ERROR | Error : ElementClickInterceptedException('element click intercepted: Element <div class="styles__DropdownHeader-sc-1k46dl-3 bRhwMJ">...</div> is not clickable at point (1017, 85). Other element would receive the click: <div class="styles__MouseEventsBlockingOverlay-sc-13lgkj1-2 dYbIyd"></div>\n  (Session info: chrome=111.0.5563.64)', None, None)
2023-03-15 11:08:59,404 | INFO | Error : NoSuchElementException('no such element: Unable to locate element: {"method":"xpath","selector":"//*[@id="popover-content"]/div/div[2]"}\n  (Session info: chrome=111.0.5563.64)', None, None)
2023-03-15 11:09:03,494 | ERROR | Error selecting date ElementClickInterceptedException('element click intercepted: Element <div role="presentation" class="date">...</div> is not clickable at point (1234, 85). Other element would receive the click: <div class="styles__MouseEventsBlockingOverlay-sc-13lgkj1-2 dYbIyd"></div>\n  (Session info: chrome=111.0.5563.64)', None, None)
2023-03-15 11:09:10,597 | ERROR | Error downloading report ElementClickInterceptedException('element click intercepted: Element <div class="download-icon-container">...</div> is not clickable at point (1205, 607). Other element would receive the click: <div class="styles__MouseEventsBlockingOverlay-sc-13lgkj1-2 dYbIyd"></div>\n  (Session info: chrome=111.0.5563.64)', None, None)
