2023-02-24 14:33:49,127 | INFO | Script Execution start at : 2023-02-24 14:33:49.127204
2023-02-24 14:33:49,548 | ERROR | Module not found error : ModuleNotFoundError("No module named 'pymysql'")
2023-02-24 14:33:49,548 | INFO | Module Description :  Flipkart PCA/PLA reports download module.

2023-02-24 14:33:49,548 | INFO | PyCon: “Code is more often read than written.” — Guido van Rossum
2023-02-24 14:33:49,548 | INFO | “Code tells you how; Comments tell you why.” — Jeff Atwood (aka Coding Horror)

2023-02-24 14:33:49,548 | INFO | Python Version : 3.10.4 (main, Apr  2 2022, 09:04:19) [GCC 11.2.0]
2023-02-24 14:33:49,548 | INFO | Platform : Linux
2023-02-24 14:33:49,548 | INFO | author :  AGL 
2023-02-24 14:33:49,548 | INFO | copyright : Copyright 2022, AGL
2023-02-24 14:33:49,548 | INFO | credits : ['Shubham Jangid']
2023-02-24 14:33:49,548 | INFO | license : AGL PVT LIMITED
2023-02-24 14:33:49,549 | INFO | version : 1.0.0
2023-02-24 14:33:49,549 | INFO | maintainer : Shubham Jangid
2023-02-24 14:33:49,549 | INFO | contact_email : jangid.shubham@adglobal360.com
2023-02-24 14:33:49,549 | INFO | status : dev

2023-02-24 14:33:56,778 | INFO | Email inserted.
2023-02-24 14:33:57,037 | INFO | Password inserted.
2023-02-24 14:33:57,094 | INFO | login button clicked.
2023-02-24 14:33:57,094 | INFO | logged in successfully.
2023-02-24 14:33:59,970 | ERROR | No element found NoSuchElementException()
2023-02-24 14:33:59,992 | ERROR | Error selecting PCA option NoSuchElementException()
2023-02-24 14:34:00,012 | ERROR | Error click report type drop down NoSuchElementException()
2023-02-24 14:34:00,032 | ERROR | Error selecting report type NoSuchElementException()
2023-02-24 14:34:00,033 | ERROR | Error downloading selected report.
