2023-03-09 13:55:21,777 | INFO | Script Execution start at : 2023-03-09 13:55:21.776447
2023-03-09 13:55:22,439 | INFO | Module Description :  Flipkart PCA/PLA Supermart reports download module.

2023-03-09 13:55:22,439 | INFO | PyCon: “Code is more often read than written.” — Guido van Rossum
2023-03-09 13:55:22,439 | INFO | “Code tells you how; Comments tell you why.” — Jeff Atwood (aka Coding Horror)

2023-03-09 13:55:22,439 | INFO | Python Version : 3.10.6 (main, Nov 14 2022, 16:10:14) [GCC 11.3.0]
2023-03-09 13:55:22,439 | INFO | Platform : Linux
2023-03-09 13:55:22,439 | INFO | author :  AGL 
2023-03-09 13:55:22,439 | INFO | copyright : Copyright 2022, AGL
2023-03-09 13:55:22,440 | INFO | credits : ['Shubham Jangid']
2023-03-09 13:55:22,440 | INFO | license : AGL PVT LIMITED
2023-03-09 13:55:22,440 | INFO | version : 1.0.0
2023-03-09 13:55:22,440 | INFO | maintainer : Shubham Jangid
2023-03-09 13:55:22,440 | INFO | contact_email : jangid.shubham@adglobal360.com
2023-03-09 13:55:22,440 | INFO | status : dev

2023-03-09 13:55:25,592 | INFO | Email inserted.
2023-03-09 13:55:25,808 | INFO | Password inserted.
2023-03-09 13:55:35,879 | INFO | login button clicked.
2023-03-09 13:55:35,880 | INFO | logged in successfully.
2023-03-09 13:55:35,880 | INFO | Report downloading and inserting data for supermart pca campaign
2023-03-09 13:55:42,547 | INFO | pop up box removed..
2023-03-09 13:55:48,605 | INFO | drop down clicked
2023-03-09 13:55:56,745 | INFO | supermart option selected...
2023-03-09 13:56:07,835 | INFO | Download btn clicked! Report downloaded
2023-03-09 13:56:12,839 | INFO | Downloaded file name : 5ymfo3aorme.csv
2023-03-09 13:56:12,840 | INFO | changed file name : /home/shubh/Desktop/AGL/chrome-headless/pcaPlaReports/downloaded.csv
2023-03-09 13:56:12,840 | INFO | file name changed..
2023-03-09 13:56:12,840 | INFO | Downloaded file name : downloaded.csv
2023-03-09 13:56:12,840 | INFO | changed file name : /home/shubh/Desktop/AGL/chrome-headless/pcaPlaReports/downloaded.csv
2023-03-09 13:56:12,840 | INFO | file name changed..
