2023-03-14 12:54:53,389 | INFO | Script Execution start at : 2023-03-14 12:54:53.389654
2023-03-14 12:54:53,773 | ERROR | Module not found error : ModuleNotFoundError("No module named 'rich'")
2023-03-14 12:54:53,773 | INFO | Module Description :  Flipkart Campaign|AdGroup|Creative|FSN automation script.

2023-03-14 12:54:53,773 | INFO | PyCon: “Code is more often read than written.” — Guido van Rossum
2023-03-14 12:54:53,773 | INFO | “Code tells you how; Comments tell you why.” — Jeff Atwood (aka Coding Horror)

2023-03-14 12:54:53,773 | INFO | Python Version : 3.10.6 (main, Nov 14 2022, 16:10:14) [GCC 11.3.0]
2023-03-14 12:54:53,773 | INFO | Platform : Linux
2023-03-14 12:54:53,773 | INFO | author :  AGL 
2023-03-14 12:54:53,773 | INFO | copyright : Copyright 2022, AGL
2023-03-14 12:54:53,773 | INFO | credits : ['Shubham Jangid']
2023-03-14 12:54:53,773 | INFO | license : AGL PVT LIMITED
2023-03-14 12:54:53,773 | INFO | version : 1.0.0
2023-03-14 12:54:53,773 | INFO | maintainer : Shubham Jangid
2023-03-14 12:54:53,774 | INFO | contact_email : jangid.shubham@adglobal360.com
2023-03-14 12:54:53,774 | INFO | status : dev

2023-03-14 12:54:55,100 | INFO | Logging in ...
2023-03-14 12:54:56,358 | INFO | Email inserted.
2023-03-14 12:54:56,548 | INFO | Password inserted.
2023-03-14 12:55:06,652 | INFO | login button clicked.
2023-03-14 12:55:06,652 | INFO | logged in successfully.
2023-03-14 12:55:17,628 | INFO | pop up box removed..
2023-03-14 12:55:23,715 | INFO | continue btn clicked
2023-03-14 12:55:31,008 | INFO | current val of budget is : 
2023-03-14 12:55:36,184 | INFO | final continue btn clicked
2023-03-14 12:55:42,283 | INFO | submit btn clicked
2023-03-14 12:55:50,328 | ERROR | Error removing pop up box
2023-03-14 12:55:56,408 | INFO | continue btn clicked
2023-03-14 12:56:03,561 | INFO | current val of budget is : 
2023-03-14 12:56:08,652 | INFO | final continue btn clicked
2023-03-14 12:56:14,736 | INFO | submit btn clicked
