2023-03-08 21:30:00,279 | INFO | Script Execution start at : 2023-03-08 21:30:00.276212
2023-03-08 21:30:01,289 | INFO | Module Description :  Flipkart Campaign automation script.

2023-03-08 21:30:01,289 | INFO | PyCon: “Code is more often read than written.” — Guido van Rossum
2023-03-08 21:30:01,290 | INFO | “Code tells you how; Comments tell you why.” — Jeff Atwood (aka Coding Horror)

2023-03-08 21:30:01,290 | INFO | Python Version : 3.10.6 (main, Nov 14 2022, 16:10:14) [GCC 11.3.0]
2023-03-08 21:30:01,291 | INFO | Platform : Linux
2023-03-08 21:30:01,291 | INFO | author :  AGL 
2023-03-08 21:30:01,291 | INFO | copyright : Copyright 2022, AGL
2023-03-08 21:30:01,291 | INFO | credits : ['Shubham Jangid']
2023-03-08 21:30:01,291 | INFO | license : AGL PVT LIMITED
2023-03-08 21:30:01,291 | INFO | version : 1.0.0
2023-03-08 21:30:01,291 | INFO | maintainer : Shubham Jangid
2023-03-08 21:30:01,291 | INFO | contact_email : jangid.shubham@adglobal360.com
2023-03-08 21:30:01,291 | INFO | status : dev

2023-03-08 21:30:05,959 | INFO | Email inserted.
2023-03-08 21:30:06,166 | INFO | Password inserted.
2023-03-08 21:30:16,222 | INFO | login button clicked.
2023-03-08 21:30:16,223 | INFO | logged in successfully.
2023-03-08 21:30:27,338 | INFO | pop up box removed..
2023-03-08 21:30:30,539 | INFO | DropDown clicked 
2023-03-08 21:30:35,650 | INFO |  PCA option is selected
2023-03-08 21:30:40,798 | INFO | Changes applied option set successfully..
2023-03-08 21:30:47,041 | INFO | pop up box removed..
2023-03-08 21:30:50,212 | INFO | Campaign url or campaign clicked.
2023-03-08 21:30:55,287 | INFO | bid state changed successfully
