2023-03-11 14:43:53,898 | INFO | Script Execution start at : 2023-03-11 14:43:53.898270
2023-03-11 14:43:54,398 | INFO | Module Description :  Flipkart PLA reports download module.

2023-03-11 14:43:54,398 | INFO | PyCon: “Code is more often read than written.” — Guido van Rossum
2023-03-11 14:43:54,398 | INFO | “Code tells you how; Comments tell you why.” — Jeff Atwood (aka Coding Horror)

2023-03-11 14:43:54,398 | INFO | Python Version : 3.10.6 (main, Nov 14 2022, 16:10:14) [GCC 11.3.0]
2023-03-11 14:43:54,398 | INFO | Platform : Linux
2023-03-11 14:43:54,398 | INFO | author :  AGL 
2023-03-11 14:43:54,398 | INFO | copyright : Copyright 2022, AGL
2023-03-11 14:43:54,398 | INFO | credits : ['Shubham Jangid']
2023-03-11 14:43:54,399 | INFO | license : AGL PVT LIMITED
2023-03-11 14:43:54,399 | INFO | version : 1.0.0
2023-03-11 14:43:54,399 | INFO | maintainer : Shubham Jangid
2023-03-11 14:43:54,399 | INFO | contact_email : jangid.shubham@adglobal360.com
2023-03-11 14:43:54,399 | INFO | status : dev

2023-03-11 14:43:57,617 | INFO | Email inserted.
2023-03-11 14:43:57,796 | INFO | Password inserted.
2023-03-11 14:44:07,886 | INFO | login button clicked.
2023-03-11 14:44:07,887 | INFO | logged in successfully.
2023-03-11 14:44:07,887 | INFO | Process start for PlacementPerformanceReport
2023-03-11 14:44:07,887 | INFO | Process start for SearchTeamReport
2023-03-11 14:44:19,294 | INFO | pop up box removed..
2023-03-11 14:44:25,439 | INFO | ad product dropdown clicked
2023-03-11 14:44:31,514 | INFO | PLA option selected
2023-03-11 14:44:34,603 | INFO | click report for box clicked
2023-03-11 14:44:37,738 | INFO | flipkart supermart option selected
2023-03-11 14:44:42,842 | INFO | report type drop down cliked
2023-03-11 14:44:50,926 | INFO | Report type selected
2023-03-11 14:44:50,927 | INFO | Search Team Report type selected
2023-03-11 14:44:57,069 | INFO | date div box clicked
2023-03-11 14:45:03,157 | INFO | Range selected..
2023-03-11 14:45:08,236 | INFO | Download button clicked
2023-03-11 14:45:13,242 | INFO | Report download completed...
2023-03-11 14:45:18,247 | INFO | Downloaded file name : 6z5rcj4qxa.csv
2023-03-11 14:45:18,247 | INFO | changed file name : /home/shubh/Desktop/AGL/chrome-headless/plaReports/downloaded.csv
2023-03-11 14:45:18,248 | INFO | file name changed..
2023-03-11 14:45:18,248 | INFO | Downloaded file name : downloaded.csv
2023-03-11 14:45:18,248 | INFO | changed file name : /home/shubh/Desktop/AGL/chrome-headless/plaReports/downloaded.csv
2023-03-11 14:45:18,248 | INFO | file name changed..
