2023-02-24 17:30:18,439 | INFO | Script Execution start at : 2023-02-24 17:30:18.439055
2023-02-24 17:30:18,787 | ERROR | Module not found error : ModuleNotFoundError("No module named 'pymysql'")
2023-02-24 17:30:18,788 | INFO | Module Description :  Flipkart PCA/PLA reports download module.

2023-02-24 17:30:18,788 | INFO | PyCon: “Code is more often read than written.” — Guido van Rossum
2023-02-24 17:30:18,788 | INFO | “Code tells you how; Comments tell you why.” — Jeff Atwood (aka Coding Horror)

2023-02-24 17:30:18,788 | INFO | Python Version : 3.10.4 (main, Apr  2 2022, 09:04:19) [GCC 11.2.0]
2023-02-24 17:30:18,788 | INFO | Platform : Linux
2023-02-24 17:30:18,788 | INFO | author :  AGL 
2023-02-24 17:30:18,788 | INFO | copyright : Copyright 2022, AGL
2023-02-24 17:30:18,788 | INFO | credits : ['Shubham Jangid']
2023-02-24 17:30:18,788 | INFO | license : AGL PVT LIMITED
2023-02-24 17:30:18,788 | INFO | version : 1.0.0
2023-02-24 17:30:18,788 | INFO | maintainer : Shubham Jangid
2023-02-24 17:30:18,788 | INFO | contact_email : jangid.shubham@adglobal360.com
2023-02-24 17:30:18,788 | INFO | status : dev

2023-02-24 17:30:21,337 | INFO | Email inserted.
2023-02-24 17:30:21,516 | INFO | Password inserted.
2023-02-24 17:30:36,577 | INFO | login button clicked.
2023-02-24 17:30:36,577 | INFO | logged in successfully.
2023-02-24 17:30:58,127 | ERROR | No element found ElementClickInterceptedException()
2023-02-24 17:30:58,139 | ERROR | Error selecting PCA option NoSuchElementException()
2023-02-24 17:31:09,232 | ERROR | Error click report type drop down ElementClickInterceptedException()
2023-02-24 17:31:09,240 | ERROR | Error selecting report type NoSuchElementException()
