2023-03-09 12:28:16,762 | INFO | Script Execution start at : 2023-03-09 12:28:16.762314
2023-03-09 12:28:17,270 | INFO | Module Description :  Flipkart PCA/PLA Supermart reports download module.

2023-03-09 12:28:17,271 | INFO | PyCon: “Code is more often read than written.” — Guido van Rossum
2023-03-09 12:28:17,271 | INFO | “Code tells you how; Comments tell you why.” — Jeff Atwood (aka Coding Horror)

2023-03-09 12:28:17,271 | INFO | Python Version : 3.10.6 (main, Nov 14 2022, 16:10:14) [GCC 11.3.0]
2023-03-09 12:28:17,271 | INFO | Platform : Linux
2023-03-09 12:28:17,271 | INFO | author :  AGL 
2023-03-09 12:28:17,271 | INFO | copyright : Copyright 2022, AGL
2023-03-09 12:28:17,271 | INFO | credits : ['Shubham Jangid']
2023-03-09 12:28:17,271 | INFO | license : AGL PVT LIMITED
2023-03-09 12:28:17,271 | INFO | version : 1.0.0
2023-03-09 12:28:17,271 | INFO | maintainer : Shubham Jangid
2023-03-09 12:28:17,271 | INFO | contact_email : jangid.shubham@adglobal360.com
2023-03-09 12:28:17,271 | INFO | status : dev

2023-03-09 12:28:20,059 | INFO | Email inserted.
2023-03-09 12:28:20,242 | INFO | Password inserted.
2023-03-09 12:28:30,327 | INFO | login button clicked.
2023-03-09 12:28:30,327 | INFO | logged in successfully.
2023-03-09 12:28:33,475 | INFO | pop up box removed..
2023-03-09 12:28:36,615 | INFO | drop down clicked
2023-03-09 12:28:42,843 | INFO | supermart option selected...
2023-03-09 12:28:45,867 | ERROR | Error downloading report AttributeError("'function' object has no attribute 'click'")
