2023-03-03 12:57:05,026 | INFO | Script Execution start at : 2023-03-03 12:57:05.026341
2023-03-03 12:57:05,518 | INFO | Module Description :  Flipkart PCA reports download module.

2023-03-03 12:57:05,518 | INFO | PyCon: “Code is more often read than written.” — Guido van Rossum
2023-03-03 12:57:05,518 | INFO | “Code tells you how; Comments tell you why.” — Jeff Atwood (aka Coding Horror)

2023-03-03 12:57:05,518 | INFO | Python Version : 3.10.4 (main, Apr  2 2022, 09:04:19) [GCC 11.2.0]
2023-03-03 12:57:05,518 | INFO | Platform : Linux
2023-03-03 12:57:05,518 | INFO | author :  AGL 
2023-03-03 12:57:05,518 | INFO | copyright : Copyright 2022, AGL
2023-03-03 12:57:05,518 | INFO | credits : ['Shubham Jangid']
2023-03-03 12:57:05,518 | INFO | license : AGL PVT LIMITED
2023-03-03 12:57:05,518 | INFO | version : 1.0.0
2023-03-03 12:57:05,518 | INFO | maintainer : Shubham Jangid
2023-03-03 12:57:05,518 | INFO | contact_email : jangid.shubham@adglobal360.com
2023-03-03 12:57:05,518 | INFO | status : dev

2023-03-03 12:57:08,641 | INFO | Email inserted.
2023-03-03 12:57:08,853 | INFO | Password inserted.
2023-03-03 12:57:18,918 | INFO | login button clicked.
2023-03-03 12:57:18,918 | INFO | logged in successfully.
2023-03-03 12:57:22,070 | INFO | pop up box removed..
2023-03-03 12:57:26,136 | INFO | pca_options clicked
2023-03-03 12:57:30,290 | INFO | PCA option selected.
2023-03-03 12:57:34,418 | INFO | date div box clicked
2023-03-03 12:57:34,438 | ERROR | Range not clicked or element not found InvalidSelectorException('invalid selector: Unable to locate an element with the xpath expression <td class="styles__Day-sc-1y1pqap-5 brOAVO selected inRange top-row">2</td> because of the following error:\nSyntaxError: Failed to execute \'evaluate\' on \'Document\': The string \'<td class="styles__Day-sc-1y1pqap-5 brOAVO selected inRange top-row">2</td>\' is not a valid XPath expression.\n  (Session info: chrome=110.0.5481.177)', None, None)
2023-03-03 12:57:34,438 | INFO | Process start for ConsolidatedDailyReport
