2023-03-09 19:59:13,583 | INFO | Script Execution start at : 2023-03-09 19:59:13.580662
2023-03-09 19:59:14,099 | INFO | Module Description :  Flipkart PCA reports download module.

2023-03-09 19:59:14,099 | INFO | PyCon: “Code is more often read than written.” — Guido van Rossum
2023-03-09 19:59:14,099 | INFO | “Code tells you how; Comments tell you why.” — Jeff Atwood (aka Coding Horror)

2023-03-09 19:59:14,099 | INFO | Python Version : 3.10.6 (main, Nov 14 2022, 16:10:14) [GCC 11.3.0]
2023-03-09 19:59:14,100 | INFO | Platform : Linux
2023-03-09 19:59:14,100 | INFO | author :  AGL 
2023-03-09 19:59:14,100 | INFO | copyright : Copyright 2022, AGL
2023-03-09 19:59:14,100 | INFO | credits : ['Shubham Jangid']
2023-03-09 19:59:14,100 | INFO | license : AGL PVT LIMITED
2023-03-09 19:59:14,100 | INFO | version : 1.0.0
2023-03-09 19:59:14,100 | INFO | maintainer : Shubham Jangid
2023-03-09 19:59:14,100 | INFO | contact_email : jangid.shubham@adglobal360.com
2023-03-09 19:59:14,100 | INFO | status : dev

2023-03-09 19:59:18,678 | INFO | Email inserted.
2023-03-09 19:59:18,865 | INFO | Password inserted.
2023-03-09 19:59:28,919 | INFO | login button clicked.
2023-03-09 19:59:28,919 | INFO | logged in successfully.
2023-03-09 19:59:28,919 | INFO | Process start for SearchTeamReport
2023-03-09 19:59:40,331 | INFO | pop up box removed..
2023-03-09 19:59:46,385 | INFO | ad product dropdown clicked
2023-03-09 19:59:52,480 | INFO | PCA option selected.
2023-03-09 19:59:56,571 | INFO | report type drop down cliked
2023-03-09 20:00:04,728 | INFO | Report type selected
2023-03-09 20:00:04,729 | INFO | SearchTeamReport Selected...
2023-03-09 20:00:10,963 | INFO | date div box clicked
2023-03-09 20:00:17,066 | INFO | Range selected..
2023-03-09 20:00:22,154 | INFO | Download button clicked
2023-03-09 20:00:27,159 | INFO | Report download completed...
2023-03-09 20:00:29,162 | INFO | Downloaded file name : vrn8zjcfx.csv
2023-03-09 20:00:29,162 | INFO | changed file name : /home/shubh/Desktop/AGL/chrome-headless/pcaReports/downloaded.csv
2023-03-09 20:00:29,162 | INFO | file name changed..
2023-03-09 20:00:29,162 | INFO | Downloaded file name : downloaded.csv
2023-03-09 20:00:29,162 | INFO | changed file name : /home/shubh/Desktop/AGL/chrome-headless/pcaReports/downloaded.csv
2023-03-09 20:00:29,162 | INFO | file name changed..
