2023-03-10 12:22:41,480 | INFO | Script Execution start at : 2023-03-10 12:22:41.480710
2023-03-10 12:22:41,847 | ERROR | Module not found error : ModuleNotFoundError("No module named 'iteration_utilities'")
2023-03-10 12:22:41,847 | INFO | Module Description :  Flipkart PCA/PLA Supermart reports download module.

2023-03-10 12:22:41,847 | INFO | PyCon: “Code is more often read than written.” — Guido van Rossum
2023-03-10 12:22:41,847 | INFO | “Code tells you how; Comments tell you why.” — Jeff Atwood (aka Coding Horror)

2023-03-10 12:22:41,847 | INFO | Python Version : 3.10.6 (main, Nov 14 2022, 16:10:14) [GCC 11.3.0]
2023-03-10 12:22:41,847 | INFO | Platform : Linux
2023-03-10 12:22:41,847 | INFO | author :  AGL 
2023-03-10 12:22:41,847 | INFO | copyright : Copyright 2022, AGL
2023-03-10 12:22:41,847 | INFO | credits : ['Shubham Jangid']
2023-03-10 12:22:41,847 | INFO | license : AGL PVT LIMITED
2023-03-10 12:22:41,847 | INFO | version : 1.0.0
2023-03-10 12:22:41,847 | INFO | maintainer : Shubham Jangid
2023-03-10 12:22:41,847 | INFO | contact_email : jangid.shubham@adglobal360.com
2023-03-10 12:22:41,847 | INFO | status : dev

2023-03-10 12:22:44,252 | INFO | Email inserted.
2023-03-10 12:22:44,437 | INFO | Password inserted.
2023-03-10 12:22:54,494 | INFO | login button clicked.
2023-03-10 12:22:54,495 | INFO | logged in successfully.
2023-03-10 12:22:54,495 | INFO | Report downloading and inserting data for supermart pla campaign
2023-03-10 12:23:01,473 | INFO | pop up box removed..
2023-03-10 12:23:07,567 | INFO | drop down clicked
2023-03-10 12:23:15,762 | INFO | supermart option selected...
2023-03-10 12:23:26,878 | INFO | Download btn clicked! Report downloaded
2023-03-10 12:23:31,883 | INFO | Downloaded file name : 4gjhpo5khrc.csv
2023-03-10 12:23:31,883 | INFO | changed file name : /home/shubh/Desktop/AGL/chrome-headless/pcaPlaReports/downloaded.csv
2023-03-10 12:23:31,884 | INFO | file name changed..
2023-03-10 12:23:31,884 | INFO | Downloaded file name : downloaded.csv
2023-03-10 12:23:31,884 | INFO | changed file name : /home/shubh/Desktop/AGL/chrome-headless/pcaPlaReports/downloaded.csv
2023-03-10 12:23:31,884 | INFO | file name changed..
