2023-02-25 16:37:43,941 | INFO | Script Execution start at : 2023-02-25 16:37:43.941120
2023-02-25 16:37:44,314 | ERROR | Module not found error : ModuleNotFoundError("No module named 'pymysql'")
2023-02-25 16:37:44,314 | INFO | Module Description :  Flipkart PCA/PLA reports download module.

2023-02-25 16:37:44,314 | INFO | PyCon: “Code is more often read than written.” — Guido van Rossum
2023-02-25 16:37:44,315 | INFO | “Code tells you how; Comments tell you why.” — Jeff Atwood (aka Coding Horror)

2023-02-25 16:37:44,315 | INFO | Python Version : 3.10.4 (main, Apr  2 2022, 09:04:19) [GCC 11.2.0]
2023-02-25 16:37:44,315 | INFO | Platform : Linux
2023-02-25 16:37:44,315 | INFO | author :  AGL 
2023-02-25 16:37:44,315 | INFO | copyright : Copyright 2022, AGL
2023-02-25 16:37:44,315 | INFO | credits : ['Shubham Jangid']
2023-02-25 16:37:44,315 | INFO | license : AGL PVT LIMITED
2023-02-25 16:37:44,315 | INFO | version : 1.0.0
2023-02-25 16:37:44,315 | INFO | maintainer : Shubham Jangid
2023-02-25 16:37:44,315 | INFO | contact_email : jangid.shubham@adglobal360.com
2023-02-25 16:37:44,315 | INFO | status : dev

2023-02-25 16:37:46,342 | INFO | Email inserted.
2023-02-25 16:37:46,531 | INFO | Password inserted.
2023-02-25 16:38:01,597 | INFO | login button clicked.
2023-02-25 16:38:01,597 | INFO | logged in successfully.
2023-02-25 16:38:09,529 | INFO | pop up box removed..
2023-02-25 16:38:17,585 | INFO | ad product dropdown clicked
2023-02-25 16:38:25,753 | INFO | PCA option selected.
2023-02-25 16:38:30,838 | INFO | report type drop down cliked
2023-02-25 16:38:47,893 | INFO | Report type selected
2023-02-25 16:39:00,009 | INFO | date div box clicked
2023-02-25 16:39:12,073 | INFO | Range selected or yesterday date selected
2023-02-25 16:39:19,176 | INFO | Download button clicked
2023-02-25 16:39:24,177 | INFO | Report download completed...
