2023-03-11 15:42:59,841 | INFO | Script Execution start at : 2023-03-11 15:42:59.841133
2023-03-11 15:43:00,336 | INFO | Module Description :  Flipkart PLA reports download module.

2023-03-11 15:43:00,336 | INFO | PyCon: “Code is more often read than written.” — Guido van Rossum
2023-03-11 15:43:00,336 | INFO | “Code tells you how; Comments tell you why.” — Jeff Atwood (aka Coding Horror)

2023-03-11 15:43:00,336 | INFO | Python Version : 3.10.6 (main, Nov 14 2022, 16:10:14) [GCC 11.3.0]
2023-03-11 15:43:00,337 | INFO | Platform : Linux
2023-03-11 15:43:00,337 | INFO | author :  AGL 
2023-03-11 15:43:00,337 | INFO | copyright : Copyright 2022, AGL
2023-03-11 15:43:00,337 | INFO | credits : ['Shubham Jangid']
2023-03-11 15:43:00,337 | INFO | license : AGL PVT LIMITED
2023-03-11 15:43:00,337 | INFO | version : 1.0.0
2023-03-11 15:43:00,337 | INFO | maintainer : Shubham Jangid
2023-03-11 15:43:00,337 | INFO | contact_email : jangid.shubham@adglobal360.com
2023-03-11 15:43:00,337 | INFO | status : dev

2023-03-11 15:43:03,604 | INFO | Email inserted.
2023-03-11 15:43:03,814 | INFO | Password inserted.
2023-03-11 15:43:13,890 | INFO | login button clicked.
2023-03-11 15:43:13,890 | INFO | logged in successfully.
2023-03-11 15:43:13,891 | INFO | Process start for PlacementPerformanceReport
2023-03-11 15:43:13,891 | INFO | Process start for SearchTeamReport
2023-03-11 15:43:13,891 | INFO | Process start for Consolidated FSN  Report
2023-03-11 15:43:25,020 | INFO | pop up box removed..
2023-03-11 15:43:31,110 | INFO | ad product dropdown clicked
2023-03-11 15:43:37,174 | INFO | PLA option selected
2023-03-11 15:43:39,332 | INFO | click report for box clicked
2023-03-11 15:43:41,464 | INFO | flipkart supermart option selected
2023-03-11 15:43:45,518 | INFO | report type drop down cliked
2023-03-11 15:43:53,602 | INFO | Report type selected
2023-03-11 15:43:53,602 | INFO | Consolidated FSN  Report type selected
2023-03-11 15:43:59,812 | INFO | date div box clicked
2023-03-11 15:44:05,926 | INFO | Range selected..
2023-03-11 15:44:11,011 | INFO | Download button clicked
2023-03-11 15:44:16,015 | INFO | Report download completed...
2023-03-11 15:44:21,019 | INFO | Downloaded file name : lsbnv2ir9jm.csv
2023-03-11 15:44:21,019 | INFO | changed file name : /home/shubh/Desktop/AGL/chrome-headless/plaReports/downloaded.csv
2023-03-11 15:44:21,019 | INFO | file name changed..
2023-03-11 15:44:21,019 | INFO | Downloaded file name : downloaded.csv
2023-03-11 15:44:21,019 | INFO | changed file name : /home/shubh/Desktop/AGL/chrome-headless/plaReports/downloaded.csv
2023-03-11 15:44:21,019 | INFO | file name changed..
