2023-03-10 14:49:49,656 | INFO | Script Execution start at : 2023-03-10 14:49:49.656922
2023-03-10 14:49:50,015 | ERROR | Module not found error : ModuleNotFoundError("No module named 'iteration_utilities'")
2023-03-10 14:49:50,015 | INFO | Module Description :  Flipkart PCA/PLA Supermart reports download module.

2023-03-10 14:49:50,015 | INFO | PyCon: “Code is more often read than written.” — Guido van Rossum
2023-03-10 14:49:50,015 | INFO | “Code tells you how; Comments tell you why.” — Jeff Atwood (aka Coding Horror)

2023-03-10 14:49:50,015 | INFO | Python Version : 3.10.6 (main, Nov 14 2022, 16:10:14) [GCC 11.3.0]
2023-03-10 14:49:50,015 | INFO | Platform : Linux
2023-03-10 14:49:50,015 | INFO | author :  AGL 
2023-03-10 14:49:50,015 | INFO | copyright : Copyright 2022, AGL
2023-03-10 14:49:50,016 | INFO | credits : ['Shubham Jangid']
2023-03-10 14:49:50,016 | INFO | license : AGL PVT LIMITED
2023-03-10 14:49:50,016 | INFO | version : 1.0.0
2023-03-10 14:49:50,016 | INFO | maintainer : Shubham Jangid
2023-03-10 14:49:50,016 | INFO | contact_email : jangid.shubham@adglobal360.com
2023-03-10 14:49:50,016 | INFO | status : dev

2023-03-10 14:49:52,874 | INFO | Email inserted.
2023-03-10 14:49:53,046 | INFO | Password inserted.
2023-03-10 14:50:03,142 | INFO | login button clicked.
2023-03-10 14:50:03,142 | INFO | logged in successfully.
2023-03-10 14:50:03,143 | INFO | Report downloading and inserting data for supermart pca campaign
2023-03-10 14:50:09,634 | INFO | pop up box removed..
2023-03-10 14:50:15,742 | INFO | account dropdown clicked
2023-03-10 14:50:23,114 | INFO | Account selected Vanish
2023-03-10 14:50:28,222 | INFO | pop up box removed..
2023-03-10 14:50:34,373 | INFO | drop down clicked
2023-03-10 14:50:39,389 | INFO | Error : NoSuchElementException()
2023-03-10 14:50:45,406 | ERROR | Error downloading report NoSuchElementException()
