2023-03-20 22:34:09,618 | INFO | Script Execution start at : 2023-03-20 22:34:09.616596
2023-03-20 22:34:10,137 | INFO | Module Description :  Flipkart Campaign set bit PLA automation script.

2023-03-20 22:34:10,137 | INFO | PyCon: “Code is more often read than written.” — Guido van Rossum
2023-03-20 22:34:10,137 | INFO | “Code tells you how; Comments tell you why.” — Jeff Atwood (aka Coding Horror)

2023-03-20 22:34:10,137 | INFO | Python Version : 3.10.6 (main, Nov 14 2022, 16:10:14) [GCC 11.3.0]
2023-03-20 22:34:10,137 | INFO | Platform : Linux
2023-03-20 22:34:10,137 | INFO | author :  AGL 
2023-03-20 22:34:10,137 | INFO | copyright : Copyright 2022, AGL
2023-03-20 22:34:10,137 | INFO | credits : ['Shubham Jangid']
2023-03-20 22:34:10,137 | INFO | license : AGL PVT LIMITED
2023-03-20 22:34:10,137 | INFO | version : 1.0.0
2023-03-20 22:34:10,137 | INFO | maintainer : Shubham Jangid
2023-03-20 22:34:10,137 | INFO | contact_email : jangid.shubham@adglobal360.com
2023-03-20 22:34:10,137 | INFO | status : dev

2023-03-20 22:34:11,528 | INFO | Logging in ...
2023-03-20 22:34:13,102 | INFO | Email inserted.
2023-03-20 22:34:13,273 | INFO | Password inserted.
2023-03-20 22:34:23,374 | INFO | login button clicked.
2023-03-20 22:34:23,374 | INFO | logged in successfully.
2023-03-20 22:34:35,486 | INFO | pop up box removed..
2023-03-20 22:34:38,515 | ERROR | Error removing pop up box
2023-03-20 22:34:41,536 | INFO | Error clicking on next btn NoSuchElementException()
2023-03-20 22:34:44,579 | INFO | Error clicking on next btn NoSuchElementException()
2023-03-20 22:34:47,614 | ERROR | Error in set bid for pla campaign.. NoSuchElementException()
2023-03-20 22:34:49,634 | INFO | Error clicking on save ad group btn NoSuchElementException()
2023-03-20 22:34:55,714 | INFO | final continue btn clicked
2023-03-20 22:35:01,778 | INFO | submit btn clicked
