2023-03-10 12:37:32,841 | INFO | Script Execution start at : 2023-03-10 12:37:32.841392
2023-03-10 12:37:33,213 | ERROR | Module not found error : ModuleNotFoundError("No module named 'iteration_utilities'")
2023-03-10 12:37:33,213 | INFO | Module Description :  Flipkart PCA/PLA Supermart reports download module.

2023-03-10 12:37:33,213 | INFO | PyCon: “Code is more often read than written.” — Guido van Rossum
2023-03-10 12:37:33,213 | INFO | “Code tells you how; Comments tell you why.” — Jeff Atwood (aka Coding Horror)

2023-03-10 12:37:33,213 | INFO | Python Version : 3.10.6 (main, Nov 14 2022, 16:10:14) [GCC 11.3.0]
2023-03-10 12:37:33,213 | INFO | Platform : Linux
2023-03-10 12:37:33,213 | INFO | author :  AGL 
2023-03-10 12:37:33,213 | INFO | copyright : Copyright 2022, AGL
2023-03-10 12:37:33,213 | INFO | credits : ['Shubham Jangid']
2023-03-10 12:37:33,213 | INFO | license : AGL PVT LIMITED
2023-03-10 12:37:33,214 | INFO | version : 1.0.0
2023-03-10 12:37:33,214 | INFO | maintainer : Shubham Jangid
2023-03-10 12:37:33,214 | INFO | contact_email : jangid.shubham@adglobal360.com
2023-03-10 12:37:33,214 | INFO | status : dev

2023-03-10 12:37:42,346 | INFO | Email inserted.
2023-03-10 12:37:42,547 | INFO | Password inserted.
2023-03-10 12:37:52,606 | INFO | login button clicked.
2023-03-10 12:37:52,606 | INFO | logged in successfully.
2023-03-10 12:37:52,607 | INFO | Report downloading and inserting data for supermart pla campaign
2023-03-10 12:37:59,185 | INFO | pop up box removed..
2023-03-10 12:38:05,242 | INFO | drop down clicked
2023-03-10 12:38:13,382 | INFO | supermart option selected...
2023-03-10 12:38:24,538 | INFO | Download btn clicked! Report downloaded
2023-03-10 12:38:29,542 | INFO | Downloaded file name : 7pez484xiwm.csv
2023-03-10 12:38:29,543 | INFO | changed file name : /home/shubh/Desktop/AGL/chrome-headless/pcaPlaReports/downloaded.csv
2023-03-10 12:38:29,543 | INFO | file name changed..
2023-03-10 12:38:29,543 | INFO | Downloaded file name : downloaded.csv
2023-03-10 12:38:29,543 | INFO | changed file name : /home/shubh/Desktop/AGL/chrome-headless/pcaPlaReports/downloaded.csv
2023-03-10 12:38:29,543 | INFO | file name changed..
