2023-03-09 19:56:04,606 | INFO | Script Execution start at : 2023-03-09 19:56:04.606627
2023-03-09 19:56:05,095 | INFO | Module Description :  Flipkart PCA reports download module.

2023-03-09 19:56:05,095 | INFO | PyCon: “Code is more often read than written.” — Guido van Rossum
2023-03-09 19:56:05,095 | INFO | “Code tells you how; Comments tell you why.” — Jeff Atwood (aka Coding Horror)

2023-03-09 19:56:05,095 | INFO | Python Version : 3.10.6 (main, Nov 14 2022, 16:10:14) [GCC 11.3.0]
2023-03-09 19:56:05,095 | INFO | Platform : Linux
2023-03-09 19:56:05,095 | INFO | author :  AGL 
2023-03-09 19:56:05,095 | INFO | copyright : Copyright 2022, AGL
2023-03-09 19:56:05,095 | INFO | credits : ['Shubham Jangid']
2023-03-09 19:56:05,095 | INFO | license : AGL PVT LIMITED
2023-03-09 19:56:05,095 | INFO | version : 1.0.0
2023-03-09 19:56:05,095 | INFO | maintainer : Shubham Jangid
2023-03-09 19:56:05,095 | INFO | contact_email : jangid.shubham@adglobal360.com
2023-03-09 19:56:05,095 | INFO | status : dev

2023-03-09 19:56:08,357 | INFO | Email inserted.
2023-03-09 19:56:08,540 | INFO | Password inserted.
2023-03-09 19:56:18,595 | INFO | login button clicked.
2023-03-09 19:56:18,596 | INFO | logged in successfully.
2023-03-09 19:56:18,596 | INFO | Process start for PlacementPerformanceReport
2023-03-09 19:56:30,255 | INFO | pop up box removed..
2023-03-09 19:56:36,391 | INFO | ad product dropdown clicked
2023-03-09 19:56:42,530 | INFO | PCA option selected.
2023-03-09 19:56:46,612 | INFO | report type drop down cliked
2023-03-09 19:56:54,787 | INFO | Report type selected
2023-03-09 19:56:54,788 | INFO | PlacementPerformanceReport Selected...
2023-03-09 19:57:00,935 | INFO | date div box clicked
2023-03-09 19:57:07,067 | INFO | Range selected..
2023-03-09 19:57:12,201 | INFO | Download button clicked
2023-03-09 19:57:17,203 | INFO | Report download completed...
2023-03-09 19:57:20,207 | INFO | Downloaded file name : gzzx2464bh6.csv
2023-03-09 19:57:20,207 | INFO | changed file name : /home/shubh/Desktop/AGL/chrome-headless/pcaReports/downloaded.csv
2023-03-09 19:57:20,207 | INFO | file name changed..
2023-03-09 19:57:20,207 | INFO | Downloaded file name : downloaded.csv
2023-03-09 19:57:20,207 | INFO | changed file name : /home/shubh/Desktop/AGL/chrome-headless/pcaReports/downloaded.csv
2023-03-09 19:57:20,207 | INFO | file name changed..
