2023-03-13 15:07:25,509 | INFO | Script Execution start at : 2023-03-13 15:07:25.509602
2023-03-13 15:07:25,899 | ERROR | Module not found error : ModuleNotFoundError("No module named 'rich'")
2023-03-13 15:07:25,899 | INFO | Module Description :  Flipkart Campaign|AdGroup|Creative|FSN automation script.

2023-03-13 15:07:25,899 | INFO | PyCon: “Code is more often read than written.” — Guido van Rossum
2023-03-13 15:07:25,899 | INFO | “Code tells you how; Comments tell you why.” — Jeff Atwood (aka Coding Horror)

2023-03-13 15:07:25,899 | INFO | Python Version : 3.10.6 (main, Nov 14 2022, 16:10:14) [GCC 11.3.0]
2023-03-13 15:07:25,899 | INFO | Platform : Linux
2023-03-13 15:07:25,899 | INFO | author :  AGL 
2023-03-13 15:07:25,899 | INFO | copyright : Copyright 2022, AGL
2023-03-13 15:07:25,899 | INFO | credits : ['Shubham Jangid']
2023-03-13 15:07:25,899 | INFO | license : AGL PVT LIMITED
2023-03-13 15:07:25,899 | INFO | version : 1.0.0
2023-03-13 15:07:25,899 | INFO | maintainer : Shubham Jangid
2023-03-13 15:07:25,899 | INFO | contact_email : jangid.shubham@adglobal360.com
2023-03-13 15:07:25,899 | INFO | status : dev

2023-03-13 15:07:27,170 | INFO | Logging in ...
2023-03-13 15:07:30,696 | INFO | Email inserted.
2023-03-13 15:07:30,920 | INFO | Password inserted.
2023-03-13 15:07:40,977 | INFO | login button clicked.
2023-03-13 15:07:40,978 | INFO | logged in successfully.
2023-03-13 15:07:50,047 | INFO | Segment pla and campaign_id 11A55Y8T1P73 selected.
2023-03-13 15:07:52,095 | INFO | pop up box removed..
2023-03-13 15:07:55,095 | INFO | Pop up box removed...
2023-03-13 15:08:00,112 | ERROR | Error changing state of campaign or no such box to clickNoSuchElementException()
2023-03-13 15:08:09,207 | INFO | Segment pca and campaign_id 3DQQ674515LR selected.
2023-03-13 15:08:11,254 | INFO | pop up box removed..
2023-03-13 15:08:14,256 | INFO | Pop up box removed...
2023-03-13 15:08:19,309 | INFO | campaign state changed successfully
2023-03-13 15:08:31,387 | INFO | Segment pla and campaign_id 11A55Y8T1P73 selected.
2023-03-13 15:08:31,403 | ERROR | Error removing pop up box
2023-03-13 15:08:34,407 | INFO | Pop up box removed...
2023-03-13 15:08:39,420 | ERROR | Error changing state of campaign or no such box to clickNoSuchElementException()
2023-03-13 15:08:48,419 | INFO | Segment pca and campaign_id 3DQQ674515LR selected.
2023-03-13 15:08:48,429 | ERROR | Error removing pop up box
2023-03-13 15:08:51,431 | INFO | Pop up box removed...
2023-03-13 15:08:56,494 | INFO | campaign state changed successfully
2023-03-13 15:09:08,661 | INFO | Segment pca and campaign_id 3DQQ674515LR selected.
2023-03-13 15:09:08,671 | ERROR | Error removing pop up box
2023-03-13 15:09:11,671 | INFO | Pop up box removed...
2023-03-13 15:09:16,730 | INFO | campaign state changed successfully
2023-03-13 15:09:28,763 | INFO | Segment pla and campaign_id 11A55Y8T1P73 selected.
2023-03-13 15:09:28,774 | ERROR | Error removing pop up box
2023-03-13 15:09:31,777 | INFO | Pop up box removed...
2023-03-13 15:09:36,791 | ERROR | Error changing state of campaign or no such box to clickNoSuchElementException()
2023-03-13 15:09:45,867 | INFO | Segment PLA and campaign_id FWRYLA0AF6K2 selected.
2023-03-13 15:09:45,882 | ERROR | Error removing pop up box
2023-03-13 15:09:48,883 | INFO | Pop up box removed...
2023-03-13 15:09:53,892 | ERROR | Error changing state of campaign or no such box to clickNoSuchWindowException()
