2023-02-27 11:52:53,493 | INFO | Script Execution start at : 2023-02-27 11:52:53.493237
2023-02-27 11:52:53,854 | ERROR | Module not found error : ModuleNotFoundError("No module named 'rich'")
2023-02-27 11:52:53,854 | INFO | Module Description :  Flipkart PLA reports download module.

2023-02-27 11:52:53,854 | INFO | PyCon: “Code is more often read than written.” — Guido van Rossum
2023-02-27 11:52:53,854 | INFO | “Code tells you how; Comments tell you why.” — Jeff Atwood (aka Coding Horror)

2023-02-27 11:52:53,854 | INFO | Python Version : 3.10.4 (main, Apr  2 2022, 09:04:19) [GCC 11.2.0]
2023-02-27 11:52:53,855 | INFO | Platform : Linux
2023-02-27 11:52:53,855 | INFO | author :  AGL 
2023-02-27 11:52:53,855 | INFO | copyright : Copyright 2022, AGL
2023-02-27 11:52:53,855 | INFO | credits : ['Shubham Jangid']
2023-02-27 11:52:53,855 | INFO | license : AGL PVT LIMITED
2023-02-27 11:52:53,855 | INFO | version : 1.0.0
2023-02-27 11:52:53,855 | INFO | maintainer : Shubham Jangid
2023-02-27 11:52:53,855 | INFO | contact_email : jangid.shubham@adglobal360.com
2023-02-27 11:52:53,855 | INFO | status : dev

2023-02-27 11:53:01,806 | INFO | Email inserted.
2023-02-27 11:53:01,999 | INFO | Password inserted.
2023-02-27 11:53:12,056 | INFO | login button clicked.
2023-02-27 11:53:12,056 | INFO | logged in successfully.
2023-02-27 11:53:12,056 | INFO | Process start for ConsolidatedDailyReport
2023-02-27 11:53:25,237 | INFO | pop up box removed..
2023-02-27 11:53:31,403 | INFO | ad product dropdown clicked
2023-02-27 11:53:37,484 | INFO | PLA option selected.
2023-02-27 11:53:39,548 | INFO | click report for box clicked
2023-02-27 11:53:41,600 | INFO | flipkart supermart option selected
2023-02-27 11:53:45,672 | INFO | report type drop down cliked
2023-02-27 11:53:53,723 | INFO | Report type selected
2023-02-27 11:53:53,724 | INFO | Consolidated Report type selected
2023-02-27 11:53:59,828 | INFO | date div box clicked
2023-02-27 11:54:05,883 | INFO | Range selected..
2023-02-27 11:54:10,979 | INFO | Download button clicked
2023-02-27 11:54:15,984 | INFO | Report download completed...
