2023-02-24 17:19:45,745 | INFO | Script Execution start at : 2023-02-24 17:19:45.745617
2023-02-24 17:19:46,099 | ERROR | Module not found error : ModuleNotFoundError("No module named 'pymysql'")
2023-02-24 17:19:46,099 | INFO | Module Description :  Flipkart PCA/PLA reports download module.

2023-02-24 17:19:46,099 | INFO | PyCon: “Code is more often read than written.” — Guido van Rossum
2023-02-24 17:19:46,099 | INFO | “Code tells you how; Comments tell you why.” — Jeff Atwood (aka Coding Horror)

2023-02-24 17:19:46,099 | INFO | Python Version : 3.10.4 (main, Apr  2 2022, 09:04:19) [GCC 11.2.0]
2023-02-24 17:19:46,099 | INFO | Platform : Linux
2023-02-24 17:19:46,099 | INFO | author :  AGL 
2023-02-24 17:19:46,100 | INFO | copyright : Copyright 2022, AGL
2023-02-24 17:19:46,100 | INFO | credits : ['Shubham Jangid']
2023-02-24 17:19:46,100 | INFO | license : AGL PVT LIMITED
2023-02-24 17:19:46,100 | INFO | version : 1.0.0
2023-02-24 17:19:46,100 | INFO | maintainer : Shubham Jangid
2023-02-24 17:19:46,100 | INFO | contact_email : jangid.shubham@adglobal360.com
2023-02-24 17:19:46,100 | INFO | status : dev

2023-02-24 17:19:50,619 | INFO | Email inserted.
2023-02-24 17:19:50,818 | INFO | Password inserted.
2023-02-24 17:20:05,885 | INFO | login button clicked.
2023-02-24 17:20:05,885 | INFO | logged in successfully.
2023-02-24 17:20:18,419 | ERROR | No element found ElementClickInterceptedException()
2023-02-24 17:20:18,432 | ERROR | Error selecting PCA option NoSuchElementException()
2023-02-24 17:20:28,501 | INFO | report type drop down cliked
2023-02-24 17:20:58,573 | INFO | Report type selected
2023-02-24 17:21:18,721 | INFO | date div box clicked
2023-02-24 17:21:38,853 | INFO | Range selected or yesterday date selected
2023-02-24 17:21:48,953 | ERROR | Error downloading selected report.
