2023-03-11 14:21:15,569 | INFO | Script Execution start at : 2023-03-11 14:21:15.569518
2023-03-11 14:21:16,037 | INFO | Module Description :  Flipkart PLA reports download module.

2023-03-11 14:21:16,038 | INFO | PyCon: “Code is more often read than written.” — Guido van Rossum
2023-03-11 14:21:16,038 | INFO | “Code tells you how; Comments tell you why.” — Jeff Atwood (aka Coding Horror)

2023-03-11 14:21:16,038 | INFO | Python Version : 3.10.6 (main, Nov 14 2022, 16:10:14) [GCC 11.3.0]
2023-03-11 14:21:16,038 | INFO | Platform : Linux
2023-03-11 14:21:16,038 | INFO | author :  AGL 
2023-03-11 14:21:16,038 | INFO | copyright : Copyright 2022, AGL
2023-03-11 14:21:16,038 | INFO | credits : ['Shubham Jangid']
2023-03-11 14:21:16,038 | INFO | license : AGL PVT LIMITED
2023-03-11 14:21:16,038 | INFO | version : 1.0.0
2023-03-11 14:21:16,038 | INFO | maintainer : Shubham Jangid
2023-03-11 14:21:16,038 | INFO | contact_email : jangid.shubham@adglobal360.com
2023-03-11 14:21:16,038 | INFO | status : dev

2023-03-11 14:21:20,783 | INFO | Email inserted.
2023-03-11 14:21:20,996 | INFO | Password inserted.
2023-03-11 14:21:31,054 | INFO | login button clicked.
2023-03-11 14:21:31,054 | INFO | logged in successfully.
2023-03-11 14:21:31,055 | INFO | Process start for PlacementPerformanceReport
2023-03-11 14:21:31,055 | INFO | Process start for SearchTeamReport
2023-03-11 14:21:42,618 | INFO | pop up box removed..
2023-03-11 14:21:48,710 | INFO | ad product dropdown clicked
2023-03-11 14:21:54,847 | INFO | PLA option selected.
