2023-03-13 14:57:49,475 | INFO | Script Execution start at : 2023-03-13 14:57:49.475115
2023-03-13 14:57:49,830 | ERROR | Module not found error : ModuleNotFoundError("No module named 'rich'")
2023-03-13 14:57:49,830 | INFO | Module Description :  Flipkart Campaign|AdGroup|Creative|FSN automation script.

2023-03-13 14:57:49,830 | INFO | PyCon: “Code is more often read than written.” — Guido van Rossum
2023-03-13 14:57:49,830 | INFO | “Code tells you how; Comments tell you why.” — Jeff Atwood (aka Coding Horror)

2023-03-13 14:57:49,830 | INFO | Python Version : 3.10.6 (main, Nov 14 2022, 16:10:14) [GCC 11.3.0]
2023-03-13 14:57:49,830 | INFO | Platform : Linux
2023-03-13 14:57:49,830 | INFO | author :  AGL 
2023-03-13 14:57:49,830 | INFO | copyright : Copyright 2022, AGL
2023-03-13 14:57:49,830 | INFO | credits : ['Shubham Jangid']
2023-03-13 14:57:49,830 | INFO | license : AGL PVT LIMITED
2023-03-13 14:57:49,830 | INFO | version : 1.0.0
2023-03-13 14:57:49,831 | INFO | maintainer : Shubham Jangid
2023-03-13 14:57:49,831 | INFO | contact_email : jangid.shubham@adglobal360.com
2023-03-13 14:57:49,831 | INFO | status : dev

2023-03-13 14:57:51,035 | INFO | Logging in ...
2023-03-13 14:57:52,170 | INFO | Email inserted.
2023-03-13 14:57:52,346 | INFO | Password inserted.
2023-03-13 14:58:02,424 | INFO | login button clicked.
2023-03-13 14:58:02,424 | INFO | logged in successfully.
2023-03-13 14:58:08,969 | INFO | Segment pla and campaign_id 11A55Y8T1P73 selected.
2023-03-13 14:58:11,023 | INFO | pop up box removed..
2023-03-13 14:58:14,023 | INFO | Pop up box removed...
2023-03-13 14:58:19,068 | ERROR | Error changing state of campaign or no such box to clickNoSuchElementException()
2023-03-13 14:58:25,171 | INFO | Segment pca and campaign_id 3DQQ674515LR selected.
2023-03-13 14:58:25,209 | ERROR | Error removing pop up box
2023-03-13 14:58:28,211 | INFO | Pop up box removed...
2023-03-13 14:58:34,313 | ERROR | Error changing state of campaign or no such box to clickElementClickInterceptedException()
2023-03-13 14:58:40,298 | INFO | Segment pla and campaign_id 11A55Y8T1P73 selected.
2023-03-13 14:58:40,368 | ERROR | Error removing pop up box
2023-03-13 14:58:43,371 | INFO | Pop up box removed...
2023-03-13 14:58:48,403 | ERROR | Error changing state of campaign or no such box to clickNoSuchElementException()
2023-03-13 14:58:54,486 | INFO | Segment pca and campaign_id 3DQQ674515LR selected.
2023-03-13 14:58:54,567 | ERROR | Error removing pop up box
2023-03-13 14:58:57,567 | INFO | Pop up box removed...
2023-03-13 14:59:03,623 | ERROR | Error changing state of campaign or no such box to clickElementClickInterceptedException()
2023-03-13 14:59:09,607 | INFO | Segment pca and campaign_id 3DQQ674515LR selected.
2023-03-13 14:59:09,658 | ERROR | Error removing pop up box
2023-03-13 14:59:12,659 | INFO | Pop up box removed...
2023-03-13 14:59:18,811 | ERROR | Error changing state of campaign or no such box to clickElementClickInterceptedException()
2023-03-13 14:59:24,900 | INFO | Segment pla and campaign_id 11A55Y8T1P73 selected.
2023-03-13 14:59:25,026 | ERROR | Error removing pop up box
2023-03-13 14:59:28,027 | INFO | Pop up box removed...
2023-03-13 14:59:33,040 | ERROR | Error changing state of campaign or no such box to clickNoSuchElementException()
2023-03-13 14:59:38,908 | INFO | Segment PLA and campaign_id FWRYLA0AF6K2 selected.
2023-03-13 14:59:38,969 | ERROR | Error removing pop up box
2023-03-13 14:59:41,973 | INFO | Pop up box removed...
2023-03-13 14:59:46,987 | ERROR | Error changing state of campaign or no such box to clickNoSuchElementException()
2023-03-13 14:59:53,024 | INFO | Segment PCA and campaign_id 2SSI4JORNFIF selected.
2023-03-13 14:59:53,043 | ERROR | Error removing pop up box
2023-03-13 14:59:56,047 | INFO | Pop up box removed...
2023-03-13 15:00:01,067 | ERROR | Error changing state of campaign or no such box to clickNoSuchElementException()
2023-03-13 15:00:07,108 | INFO | Segment PCA and campaign_id 2SSI4JORNFIF selected.
2023-03-13 15:00:07,123 | ERROR | Error removing pop up box
2023-03-13 15:00:10,127 | INFO | Pop up box removed...
2023-03-13 15:00:15,149 | ERROR | Error changing state of campaign or no such box to clickNoSuchElementException()
2023-03-13 15:00:21,236 | INFO | Segment PCA and campaign_id 2SSI4JORNFIF selected.
2023-03-13 15:00:21,285 | ERROR | Error removing pop up box
2023-03-13 15:00:24,287 | INFO | Pop up box removed...
2023-03-13 15:00:29,295 | ERROR | Error changing state of campaign or no such box to clickNoSuchWindowException()
