2023-03-09 19:50:46,618 | INFO | Script Execution start at : 2023-03-09 19:50:46.615401
2023-03-09 19:50:47,146 | INFO | Module Description :  Flipkart PCA reports download module.

2023-03-09 19:50:47,146 | INFO | PyCon: “Code is more often read than written.” — Guido van Rossum
2023-03-09 19:50:47,146 | INFO | “Code tells you how; Comments tell you why.” — Jeff Atwood (aka Coding Horror)

2023-03-09 19:50:47,146 | INFO | Python Version : 3.10.6 (main, Nov 14 2022, 16:10:14) [GCC 11.3.0]
2023-03-09 19:50:47,146 | INFO | Platform : Linux
2023-03-09 19:50:47,146 | INFO | author :  AGL 
2023-03-09 19:50:47,146 | INFO | copyright : Copyright 2022, AGL
2023-03-09 19:50:47,146 | INFO | credits : ['Shubham Jangid']
2023-03-09 19:50:47,146 | INFO | license : AGL PVT LIMITED
2023-03-09 19:50:47,146 | INFO | version : 1.0.0
2023-03-09 19:50:47,146 | INFO | maintainer : Shubham Jangid
2023-03-09 19:50:47,146 | INFO | contact_email : jangid.shubham@adglobal360.com
2023-03-09 19:50:47,146 | INFO | status : dev

2023-03-09 19:50:50,504 | INFO | Email inserted.
2023-03-09 19:50:50,687 | INFO | Password inserted.
2023-03-09 19:51:00,785 | INFO | login button clicked.
2023-03-09 19:51:00,785 | INFO | logged in successfully.
2023-03-09 19:51:00,786 | INFO | Process start for PlacementPerformanceReport
2023-03-09 19:51:11,995 | INFO | pop up box removed..
2023-03-09 19:51:18,054 | INFO | ad product dropdown clicked
2023-03-09 19:51:24,107 | INFO | PCA option selected.
2023-03-09 19:51:28,271 | INFO | report type drop down cliked
2023-03-09 19:51:36,451 | INFO | Report type selected
2023-03-09 19:51:36,452 | INFO | PlacementPerformanceReport Selected...
2023-03-09 19:51:42,590 | INFO | date div box clicked
2023-03-09 19:51:48,739 | INFO | Range selected..
2023-03-09 19:51:53,828 | INFO | Download button clicked
2023-03-09 19:51:58,832 | INFO | Report download completed...
2023-03-09 19:52:01,835 | INFO | Downloaded file name : 6aqzoqsmdwt.csv
2023-03-09 19:52:01,835 | INFO | changed file name : /home/shubh/Desktop/AGL/chrome-headless/pcaReports/downloaded.csv
2023-03-09 19:52:01,835 | INFO | file name changed..
2023-03-09 19:52:01,836 | INFO | Downloaded file name : downloaded.csv
2023-03-09 19:52:01,836 | INFO | changed file name : /home/shubh/Desktop/AGL/chrome-headless/pcaReports/downloaded.csv
2023-03-09 19:52:01,836 | INFO | file name changed..
