2023-03-11 16:46:51,107 | INFO | Script Execution start at : 2023-03-11 16:46:51.107699
2023-03-11 16:46:51,562 | INFO | Module Description :  Flipkart Campaign|AdGroup|Creative|FSN automation script.

2023-03-11 16:46:51,562 | INFO | PyCon: “Code is more often read than written.” — Guido van Rossum
2023-03-11 16:46:51,562 | INFO | “Code tells you how; Comments tell you why.” — Jeff Atwood (aka Coding Horror)

2023-03-11 16:46:51,562 | INFO | Python Version : 3.10.6 (main, Nov 14 2022, 16:10:14) [GCC 11.3.0]
2023-03-11 16:46:51,562 | INFO | Platform : Linux
2023-03-11 16:46:51,562 | INFO | author :  AGL 
2023-03-11 16:46:51,562 | INFO | copyright : Copyright 2022, AGL
2023-03-11 16:46:51,562 | INFO | credits : ['Shubham Jangid']
2023-03-11 16:46:51,562 | INFO | license : AGL PVT LIMITED
2023-03-11 16:46:51,562 | INFO | version : 1.0.0
2023-03-11 16:46:51,562 | INFO | maintainer : Shubham Jangid
2023-03-11 16:46:51,562 | INFO | contact_email : jangid.shubham@adglobal360.com
2023-03-11 16:46:51,562 | INFO | status : dev

2023-03-11 16:46:53,377 | INFO | Logging in ...
2023-03-11 16:46:54,482 | INFO | Email inserted.
2023-03-11 16:46:54,660 | INFO | Password inserted.
2023-03-11 16:47:04,714 | INFO | login button clicked.
2023-03-11 16:47:04,714 | INFO | logged in successfully.
2023-03-11 16:47:14,854 | INFO | pop up box removed..
2023-03-11 16:47:24,169 | INFO | pop up box removed..
