2023-02-27 09:40:05,000 | INFO | Script Execution start at : 2023-02-27 09:40:05.000311
2023-02-27 09:40:05,378 | ERROR | Module not found error : ModuleNotFoundError("No module named 'rich'")
2023-02-27 09:40:05,378 | INFO | Module Description :  Flipkart PCA/PLA reports download module.

2023-02-27 09:40:05,378 | INFO | PyCon: “Code is more often read than written.” — Guido van Rossum
2023-02-27 09:40:05,379 | INFO | “Code tells you how; Comments tell you why.” — Jeff Atwood (aka Coding Horror)

2023-02-27 09:40:05,379 | INFO | Python Version : 3.10.4 (main, Apr  2 2022, 09:04:19) [GCC 11.2.0]
2023-02-27 09:40:05,379 | INFO | Platform : Linux
2023-02-27 09:40:05,379 | INFO | author :  AGL 
2023-02-27 09:40:05,379 | INFO | copyright : Copyright 2022, AGL
2023-02-27 09:40:05,379 | INFO | credits : ['Shubham Jangid']
2023-02-27 09:40:05,379 | INFO | license : AGL PVT LIMITED
2023-02-27 09:40:05,379 | INFO | version : 1.0.0
2023-02-27 09:40:05,379 | INFO | maintainer : Shubham Jangid
2023-02-27 09:40:05,379 | INFO | contact_email : jangid.shubham@adglobal360.com
2023-02-27 09:40:05,379 | INFO | status : dev

2023-02-27 09:40:08,670 | INFO | Email inserted.
2023-02-27 09:40:08,887 | INFO | Password inserted.
2023-02-27 09:40:18,954 | INFO | login button clicked.
2023-02-27 09:40:18,955 | INFO | logged in successfully.
2023-02-27 09:40:18,955 | INFO | Process start for ConsolidatedDailyReport
2023-02-27 09:40:27,132 | INFO | pop up box removed..
2023-02-27 09:40:33,198 | INFO | ad product dropdown clicked
2023-02-27 09:40:39,266 | INFO | PCA option selected.
2023-02-27 09:40:43,325 | INFO | report type drop down cliked
2023-02-27 09:40:51,423 | INFO | Report type selected
2023-02-27 09:40:51,423 | INFO | Consolidated Report type selected
2023-02-27 09:40:57,527 | INFO | date div box clicked
2023-02-27 09:41:03,640 | INFO | Range selected..
2023-02-27 09:41:08,721 | INFO | Download button clicked
2023-02-27 09:41:13,723 | INFO | Report download completed...
2023-02-27 09:41:15,726 | INFO | Downloaded file name : 2jb01ql6zq7.csv
2023-02-27 09:41:15,726 | INFO | changed file name : /home/shubh/Desktop/AGL/chrome-headless/pcaReports/downloaded.csv
2023-02-27 09:41:15,726 | INFO | file name changed..
2023-02-27 09:41:15,726 | INFO | Downloaded file name : downloaded.csv
2023-02-27 09:41:15,727 | INFO | changed file name : /home/shubh/Desktop/AGL/chrome-headless/pcaReports/downloaded.csv
2023-02-27 09:41:15,727 | INFO | file name changed..
2023-02-27 09:41:21,576 | INFO | inserting data...
2023-02-27 09:41:21,576 | INFO | data inserted in flipkart_supermart_campaign_report_pca table.
2023-02-27 09:41:31,584 | INFO | file removed..
2023-02-27 09:41:31,584 | INFO | Process done for ConsolidatedDailyReport
2023-02-27 09:41:36,590 | INFO | Process start for PlacementPerformanceReport
2023-02-27 09:41:47,903 | INFO | pop up box removed..
2023-02-27 09:41:54,030 | INFO | ad product dropdown clicked
2023-02-27 09:42:00,103 | INFO | PCA option selected.
2023-02-27 09:42:04,192 | INFO | report type drop down cliked
2023-02-27 09:42:12,268 | INFO | Report type selected
2023-02-27 09:42:12,268 | INFO | PlacementPerformanceReport Selected...
2023-02-27 09:42:18,366 | INFO | date div box clicked
2023-02-27 09:42:24,474 | INFO | Range selected..
2023-02-27 09:42:29,528 | INFO | Download button clicked
2023-02-27 09:42:34,531 | INFO | Report download completed...
2023-02-27 09:42:36,534 | INFO | Downloaded file name : 9kzz10zq5ys.csv
2023-02-27 09:42:36,534 | INFO | changed file name : /home/shubh/Desktop/AGL/chrome-headless/pcaReports/downloaded.csv
2023-02-27 09:42:36,534 | INFO | file name changed..
2023-02-27 09:42:42,123 | INFO | inserting data...
2023-02-27 09:42:42,124 | INFO | data inserted in flipkart_supermart_campaign_report_pca table.
2023-02-27 09:42:52,132 | INFO | file removed..
2023-02-27 09:42:52,132 | INFO | Process done for PlacementPerformanceReport
2023-02-27 09:42:57,137 | INFO | Process start for SearchTeamReport
2023-02-27 09:43:06,464 | ERROR | Error removing pop up box
2023-02-27 09:43:12,534 | INFO | ad product dropdown clicked
2023-02-27 09:43:18,602 | INFO | PCA option selected.
2023-02-27 09:43:22,659 | INFO | report type drop down cliked
2023-02-27 09:43:30,753 | INFO | Report type selected
2023-02-27 09:43:30,753 | INFO | SearchTeamReport Selected...
2023-02-27 09:43:36,831 | INFO | date div box clicked
2023-02-27 09:43:42,888 | INFO | Range selected..
2023-02-27 09:43:47,966 | INFO | Download button clicked
2023-02-27 09:43:52,967 | INFO | Report download completed...
2023-02-27 09:43:54,970 | INFO | Downloaded file name : xry4ybapscb.csv
2023-02-27 09:43:54,970 | INFO | changed file name : /home/shubh/Desktop/AGL/chrome-headless/pcaReports/downloaded.csv
2023-02-27 09:43:54,970 | INFO | file name changed..
2023-02-27 09:44:00,600 | INFO | inserting data...
2023-02-27 09:44:00,601 | INFO | data inserted in flipkart_supermart_campaign_report_pca table.
2023-02-27 09:44:10,609 | INFO | file removed..
2023-02-27 09:44:10,609 | INFO | Process done for SearchTeamReport
