2023-03-10 12:08:50,135 | INFO | Script Execution start at : 2023-03-10 12:08:50.133144
2023-03-10 12:08:51,126 | INFO | Module Description :  Flipkart PCA/PLA Supermart reports download module.

2023-03-10 12:08:51,127 | INFO | PyCon: “Code is more often read than written.” — Guido van Rossum
2023-03-10 12:08:51,127 | INFO | “Code tells you how; Comments tell you why.” — Jeff Atwood (aka Coding Horror)

2023-03-10 12:08:51,127 | INFO | Python Version : 3.10.6 (main, Nov 14 2022, 16:10:14) [GCC 11.3.0]
2023-03-10 12:08:51,127 | INFO | Platform : Linux
2023-03-10 12:08:51,127 | INFO | author :  AGL 
2023-03-10 12:08:51,127 | INFO | copyright : Copyright 2022, AGL
2023-03-10 12:08:51,127 | INFO | credits : ['Shubham Jangid']
2023-03-10 12:08:51,127 | INFO | license : AGL PVT LIMITED
2023-03-10 12:08:51,127 | INFO | version : 1.0.0
2023-03-10 12:08:51,127 | INFO | maintainer : Shubham Jangid
2023-03-10 12:08:51,127 | INFO | contact_email : jangid.shubham@adglobal360.com
2023-03-10 12:08:51,127 | INFO | status : dev

2023-03-10 12:08:56,404 | INFO | Email inserted.
2023-03-10 12:08:56,637 | INFO | Password inserted.
2023-03-10 12:09:06,698 | INFO | login button clicked.
2023-03-10 12:09:06,698 | INFO | logged in successfully.
2023-03-10 12:09:06,698 | INFO | Report downloading and inserting data for supermart pca campaign
2023-03-10 12:09:13,101 | INFO | pop up box removed..
2023-03-10 12:09:19,161 | INFO | drop down clicked
2023-03-10 12:09:27,298 | INFO | supermart option selected...
2023-03-10 12:09:38,379 | INFO | Download btn clicked! Report downloaded
2023-03-10 12:09:43,384 | INFO | Downloaded file name : h1d93pz2pua.csv
2023-03-10 12:09:43,384 | INFO | changed file name : /home/shubh/Desktop/AGL/chrome-headless/pcaPlaReports/downloaded.csv
2023-03-10 12:09:43,384 | INFO | file name changed..
2023-03-10 12:09:43,384 | INFO | Downloaded file name : downloaded.csv
2023-03-10 12:09:43,384 | INFO | changed file name : /home/shubh/Desktop/AGL/chrome-headless/pcaPlaReports/downloaded.csv
2023-03-10 12:09:43,385 | INFO | file name changed..
2023-03-10 12:09:46,879 | INFO | inserting data...
2023-03-10 12:09:56,887 | INFO | file removed..
2023-03-10 12:09:58,888 | INFO | done for PCA
