2023-02-27 14:08:14,581 | INFO | Script Execution start at : 2023-02-27 14:08:14.581293
2023-02-27 14:08:14,939 | ERROR | Module not found error : ModuleNotFoundError("No module named 'rich'")
2023-02-27 14:08:14,939 | INFO | Module Description :  Flipkart PLA reports download module.

2023-02-27 14:08:14,939 | INFO | PyCon: “Code is more often read than written.” — Guido van Rossum
2023-02-27 14:08:14,939 | INFO | “Code tells you how; Comments tell you why.” — Jeff Atwood (aka Coding Horror)

2023-02-27 14:08:14,939 | INFO | Python Version : 3.10.4 (main, Apr  2 2022, 09:04:19) [GCC 11.2.0]
2023-02-27 14:08:14,940 | INFO | Platform : Linux
2023-02-27 14:08:14,940 | INFO | author :  AGL 
2023-02-27 14:08:14,940 | INFO | copyright : Copyright 2022, AGL
2023-02-27 14:08:14,940 | INFO | credits : ['Shubham Jangid']
2023-02-27 14:08:14,940 | INFO | license : AGL PVT LIMITED
2023-02-27 14:08:14,940 | INFO | version : 1.0.0
2023-02-27 14:08:14,940 | INFO | maintainer : Shubham Jangid
2023-02-27 14:08:14,940 | INFO | contact_email : jangid.shubham@adglobal360.com
2023-02-27 14:08:14,940 | INFO | status : dev

2023-02-27 14:08:25,120 | INFO | Email inserted.
2023-02-27 14:08:25,320 | INFO | Password inserted.
2023-02-27 14:08:35,465 | INFO | login button clicked.
2023-02-27 14:08:35,465 | INFO | logged in successfully.
2023-02-27 14:08:35,465 | INFO | Process start for ConsolidatedDailyReport
2023-02-27 14:08:35,465 | INFO | Process start for PlacementPerformanceReport
2023-02-27 14:08:35,466 | INFO | Process start for SearchTeamReport
2023-02-27 14:08:53,286 | INFO | pop up box removed..
2023-02-27 14:08:59,422 | INFO | ad product dropdown clicked
2023-02-27 14:09:05,506 | INFO | PLA option selected.
2023-02-27 14:09:07,524 | ERROR | Error selecting PLA option NoSuchElementException()
