2023-02-27 12:10:38,996 | INFO | Script Execution start at : 2023-02-27 12:10:38.995953
2023-02-27 12:10:39,356 | ERROR | Module not found error : ModuleNotFoundError("No module named 'rich'")
2023-02-27 12:10:39,356 | INFO | Module Description :  Flipkart PCA reports download module.

2023-02-27 12:10:39,356 | INFO | PyCon: “Code is more often read than written.” — Guido van Rossum
2023-02-27 12:10:39,356 | INFO | “Code tells you how; Comments tell you why.” — Jeff Atwood (aka Coding Horror)

2023-02-27 12:10:39,356 | INFO | Python Version : 3.10.4 (main, Apr  2 2022, 09:04:19) [GCC 11.2.0]
2023-02-27 12:10:39,356 | INFO | Platform : Linux
2023-02-27 12:10:39,356 | INFO | author :  AGL 
2023-02-27 12:10:39,356 | INFO | copyright : Copyright 2022, AGL
2023-02-27 12:10:39,356 | INFO | credits : ['Shubham Jangid']
2023-02-27 12:10:39,356 | INFO | license : AGL PVT LIMITED
2023-02-27 12:10:39,356 | INFO | version : 1.0.0
2023-02-27 12:10:39,356 | INFO | maintainer : Shubham Jangid
2023-02-27 12:10:39,357 | INFO | contact_email : jangid.shubham@adglobal360.com
2023-02-27 12:10:39,357 | INFO | status : dev

2023-02-27 12:10:42,142 | INFO | Email inserted.
2023-02-27 12:10:42,326 | INFO | Password inserted.
2023-02-27 12:10:52,388 | INFO | login button clicked.
2023-02-27 12:10:52,388 | INFO | logged in successfully.
2023-02-27 12:10:52,388 | INFO | Process start for ConsolidatedDailyReport
2023-02-27 12:10:52,388 | INFO | Process start for PlacementPerformanceReport
2023-02-27 12:10:52,388 | INFO | Process start for SearchTeamReport
2023-02-27 12:10:52,388 | INFO | Process start for Attributed FSN Report
2023-02-27 12:10:52,388 | INFO | Process start for flipkart_supermart_keyword_report_pca
2023-02-27 12:10:52,388 | INFO | flipkart_supermart_seller_report_pca
2023-02-27 12:11:03,332 | INFO | pop up box removed..
2023-02-27 12:11:09,386 | INFO | ad product dropdown clicked
2023-02-27 12:11:15,464 | INFO | PCA option selected.
2023-02-27 12:11:19,610 | INFO | report type drop down cliked
2023-02-27 12:11:27,695 | INFO | Report type selected
2023-02-27 12:11:27,695 | INFO | Seller Report...
2023-02-27 12:11:33,816 | INFO | date div box clicked
2023-02-27 12:11:39,964 | INFO | Range selected..
2023-02-27 12:11:45,024 | INFO | Download button clicked
2023-02-27 12:11:50,027 | INFO | Report download completed...
2023-02-27 12:11:52,030 | INFO | Downloaded file name : h9nwaa9062.csv
2023-02-27 12:11:52,030 | INFO | changed file name : /home/shubh/Desktop/AGL/chrome-headless/pcaReports/downloaded.csv
2023-02-27 12:11:52,030 | INFO | file name changed..
2023-02-27 12:11:52,030 | INFO | Downloaded file name : downloaded.csv
2023-02-27 12:11:52,030 | INFO | changed file name : /home/shubh/Desktop/AGL/chrome-headless/pcaReports/downloaded.csv
2023-02-27 12:11:52,031 | INFO | file name changed..
2023-02-27 12:11:58,110 | INFO | inserting data...
2023-02-27 12:11:58,110 | INFO | data inserted in flipkart_supermart_campaign_report_pca table.
2023-02-27 12:12:08,120 | INFO | file removed..
2023-02-27 12:12:08,120 | INFO | Process done for flipkart_supermart_seller_report_pca
