2023-02-24 13:56:32,245 | INFO | Script Execution start at : 2023-02-24 13:56:32.244921
2023-02-24 13:56:32,623 | ERROR | Module not found error : ModuleNotFoundError("No module named 'pymysql'")
2023-02-24 13:56:32,623 | INFO | Module Description :  Flipkart PCA/PLA reports download module.

2023-02-24 13:56:32,623 | INFO | PyCon: “Code is more often read than written.” — Guido van Rossum
2023-02-24 13:56:32,623 | INFO | “Code tells you how; Comments tell you why.” — Jeff Atwood (aka Coding Horror)

2023-02-24 13:56:32,623 | INFO | Python Version : 3.10.4 (main, Apr  2 2022, 09:04:19) [GCC 11.2.0]
2023-02-24 13:56:32,623 | INFO | Platform : Linux
2023-02-24 13:56:32,624 | INFO | author :  AGL 
2023-02-24 13:56:32,624 | INFO | copyright : Copyright 2022, AGL
2023-02-24 13:56:32,624 | INFO | credits : ['Shubham Jangid']
2023-02-24 13:56:32,624 | INFO | license : AGL PVT LIMITED
2023-02-24 13:56:32,624 | INFO | version : 1.0.0
2023-02-24 13:56:32,624 | INFO | maintainer : Shubham Jangid
2023-02-24 13:56:32,624 | INFO | contact_email : jangid.shubham@adglobal360.com
2023-02-24 13:56:32,624 | INFO | status : dev

2023-02-24 13:56:34,914 | INFO | Email inserted.
2023-02-24 13:56:35,106 | INFO | Password inserted.
2023-02-24 13:56:35,158 | INFO | login button clicked.
2023-02-24 13:56:35,159 | INFO | logged in successfully.
2023-02-24 13:56:35,863 | ERROR | Someting went wrong NameError("name 'e' is not defined")
