2023-02-24 14:35:20,581 | INFO | Script Execution start at : 2023-02-24 14:35:20.581354
2023-02-24 14:35:20,987 | ERROR | Module not found error : ModuleNotFoundError("No module named 'pymysql'")
2023-02-24 14:35:20,987 | INFO | Module Description :  Flipkart PCA/PLA reports download module.

2023-02-24 14:35:20,987 | INFO | PyCon: “Code is more often read than written.” — Guido van Rossum
2023-02-24 14:35:20,987 | INFO | “Code tells you how; Comments tell you why.” — Jeff Atwood (aka Coding Horror)

2023-02-24 14:35:20,987 | INFO | Python Version : 3.10.4 (main, Apr  2 2022, 09:04:19) [GCC 11.2.0]
2023-02-24 14:35:20,987 | INFO | Platform : Linux
2023-02-24 14:35:20,987 | INFO | author :  AGL 
2023-02-24 14:35:20,987 | INFO | copyright : Copyright 2022, AGL
2023-02-24 14:35:20,988 | INFO | credits : ['Shubham Jangid']
2023-02-24 14:35:20,988 | INFO | license : AGL PVT LIMITED
2023-02-24 14:35:20,988 | INFO | version : 1.0.0
2023-02-24 14:35:20,988 | INFO | maintainer : Shubham Jangid
2023-02-24 14:35:20,988 | INFO | contact_email : jangid.shubham@adglobal360.com
2023-02-24 14:35:20,988 | INFO | status : dev

2023-02-24 14:35:27,814 | ERROR | No element found NoSuchElementException()
2023-02-24 14:35:27,831 | ERROR | Error selecting PCA option NoSuchElementException()
2023-02-24 14:35:27,849 | ERROR | Error click report type drop down NoSuchElementException()
2023-02-24 14:35:27,861 | ERROR | Error selecting report type NoSuchElementException()
2023-02-24 14:35:27,861 | ERROR | Error downloading selected report.
