2023-02-27 08:20:30,135 | INFO | Script Execution start at : 2023-02-27 08:20:30.135564
2023-02-27 08:20:30,491 | ERROR | Module not found error : ModuleNotFoundError("No module named 'rich'")
2023-02-27 08:20:30,492 | INFO | Module Description :  Flipkart PCA/PLA reports download module.

2023-02-27 08:20:30,492 | INFO | PyCon: “Code is more often read than written.” — Guido van Rossum
2023-02-27 08:20:30,492 | INFO | “Code tells you how; Comments tell you why.” — Jeff Atwood (aka Coding Horror)

2023-02-27 08:20:30,492 | INFO | Python Version : 3.10.4 (main, Apr  2 2022, 09:04:19) [GCC 11.2.0]
2023-02-27 08:20:30,492 | INFO | Platform : Linux
2023-02-27 08:20:30,492 | INFO | author :  AGL 
2023-02-27 08:20:30,492 | INFO | copyright : Copyright 2022, AGL
2023-02-27 08:20:30,492 | INFO | credits : ['Shubham Jangid']
2023-02-27 08:20:30,492 | INFO | license : AGL PVT LIMITED
2023-02-27 08:20:30,492 | INFO | version : 1.0.0
2023-02-27 08:20:30,492 | INFO | maintainer : Shubham Jangid
2023-02-27 08:20:30,492 | INFO | contact_email : jangid.shubham@adglobal360.com
2023-02-27 08:20:30,492 | INFO | status : dev

2023-02-27 08:20:32,744 | INFO | Email inserted.
2023-02-27 08:20:32,917 | INFO | Password inserted.
2023-02-27 08:20:42,977 | INFO | login button clicked.
2023-02-27 08:20:42,977 | INFO | logged in successfully.
2023-02-27 08:20:51,330 | INFO | pop up box removed..
2023-02-27 08:20:57,410 | INFO | ad product dropdown clicked
2023-02-27 08:21:03,471 | INFO | PCA option selected.
2023-02-27 08:21:07,547 | INFO | report type drop down cliked
2023-02-27 08:21:15,629 | INFO | Report type selected
2023-02-27 08:21:21,847 | INFO | date div box clicked
2023-02-27 08:21:27,953 | INFO | Range selected..
2023-02-27 08:21:33,009 | INFO | Download button clicked
2023-02-27 08:21:38,011 | INFO | Report download completed...
2023-02-27 08:21:40,014 | INFO | Downloaded file name : 7w9htagwm2h.csv
2023-02-27 08:21:40,014 | INFO | Downloaded file name : downloaded.csv
2023-02-27 08:21:42,707 | INFO | inserting data...
2023-02-27 08:21:42,707 | INFO | data inserted in flipkart_supermart_campaign_report_pca table.
