2023-02-24 14:11:58,376 | INFO | Script Execution start at : 2023-02-24 14:11:58.376296
2023-02-24 14:11:59,062 | ERROR | Module not found error : ModuleNotFoundError("No module named 'pymysql'")
2023-02-24 14:11:59,065 | INFO | Module Description :  Flipkart PCA/PLA reports download module.

2023-02-24 14:11:59,079 | INFO | PyCon: “Code is more often read than written.” — Guido van Rossum
2023-02-24 14:11:59,080 | INFO | “Code tells you how; Comments tell you why.” — Jeff Atwood (aka Coding Horror)

2023-02-24 14:11:59,080 | INFO | Python Version : 3.10.4 (main, Apr  2 2022, 09:04:19) [GCC 11.2.0]
2023-02-24 14:11:59,081 | INFO | Platform : Linux
2023-02-24 14:11:59,083 | INFO | author :  AGL 
2023-02-24 14:11:59,084 | INFO | copyright : Copyright 2022, AGL
2023-02-24 14:11:59,084 | INFO | credits : ['Shubham Jangid']
2023-02-24 14:11:59,086 | INFO | license : AGL PVT LIMITED
2023-02-24 14:11:59,086 | INFO | version : 1.0.0
2023-02-24 14:11:59,087 | INFO | maintainer : Shubham Jangid
2023-02-24 14:11:59,089 | INFO | contact_email : jangid.shubham@adglobal360.com
2023-02-24 14:11:59,090 | INFO | status : dev

2023-02-24 14:12:03,539 | INFO | Email inserted.
2023-02-24 14:12:03,729 | INFO | Password inserted.
2023-02-24 14:12:03,779 | INFO | login button clicked.
2023-02-24 14:12:03,779 | INFO | logged in successfully.
2023-02-24 14:12:04,761 | ERROR | No element found NoSuchElementException()
2023-02-24 14:12:04,775 | ERROR | Error selecting PCA option NoSuchElementException()
2023-02-24 14:12:04,788 | ERROR | Error click report type drop down NoSuchElementException()
2023-02-24 14:12:04,797 | ERROR | Error selecting report type NoSuchElementException()
2023-02-24 14:12:04,809 | ERROR | Error downloading selected report.
