2023-03-15 11:45:02,674 | INFO | Script Execution start at : 2023-03-15 11:45:02.673963
2023-03-15 11:45:03,198 | INFO | Module Description :  Flipkart Campaign|AdGroup|Creative|FSN automation script.

2023-03-15 11:45:03,198 | INFO | PyCon: “Code is more often read than written.” — Guido van Rossum
2023-03-15 11:45:03,198 | INFO | “Code tells you how; Comments tell you why.” — Jeff Atwood (aka Coding Horror)

2023-03-15 11:45:03,198 | INFO | Python Version : 3.10.6 (main, Nov 14 2022, 16:10:14) [GCC 11.3.0]
2023-03-15 11:45:03,198 | INFO | Platform : Linux
2023-03-15 11:45:03,198 | INFO | author :  AGL 
2023-03-15 11:45:03,198 | INFO | copyright : Copyright 2022, AGL
2023-03-15 11:45:03,198 | INFO | credits : ['Shubham Jangid']
2023-03-15 11:45:03,199 | INFO | license : AGL PVT LIMITED
2023-03-15 11:45:03,199 | INFO | version : 1.0.0
2023-03-15 11:45:03,199 | INFO | maintainer : Shubham Jangid
2023-03-15 11:45:03,199 | INFO | contact_email : jangid.shubham@adglobal360.com
2023-03-15 11:45:03,199 | INFO | status : dev

2023-03-15 11:45:05,082 | INFO | Logging in ...
2023-03-15 11:45:06,383 | INFO | Email inserted.
2023-03-15 11:45:06,580 | INFO | Password inserted.
2023-03-15 11:45:16,643 | INFO | login button clicked.
2023-03-15 11:45:16,643 | INFO | logged in successfully.
2023-03-15 11:45:25,419 | INFO | Segment PLA and campaign_id 5WTD9PU15QX0 selected.
2023-03-15 11:45:27,466 | INFO | pop up box removed..
2023-03-15 11:45:30,469 | INFO | Pop up box removed...
2023-03-15 11:45:35,522 | INFO | campaign state changed successfully
2023-03-15 11:45:47,199 | INFO | Segment PLA and campaign_id 6XNJG6ORC2NO selected.
2023-03-15 11:45:49,239 | INFO | pop up box removed..
2023-03-15 11:45:52,239 | INFO | Pop up box removed...
2023-03-15 11:45:57,295 | INFO | campaign state changed successfully
