2023-03-10 11:49:44,868 | INFO | Script Execution start at : 2023-03-10 11:49:44.867983
2023-03-10 11:49:45,261 | ERROR | Module not found error : ModuleNotFoundError("No module named 'rich'")
2023-03-10 11:49:45,261 | INFO | Module Description :  Flipkart PCA/PLA Supermart reports download module.

2023-03-10 11:49:45,261 | INFO | PyCon: “Code is more often read than written.” — Guido van Rossum
2023-03-10 11:49:45,261 | INFO | “Code tells you how; Comments tell you why.” — Jeff Atwood (aka Coding Horror)

2023-03-10 11:49:45,261 | INFO | Python Version : 3.10.6 (main, Nov 14 2022, 16:10:14) [GCC 11.3.0]
2023-03-10 11:49:45,261 | INFO | Platform : Linux
2023-03-10 11:49:45,261 | INFO | author :  AGL 
2023-03-10 11:49:45,261 | INFO | copyright : Copyright 2022, AGL
2023-03-10 11:49:45,261 | INFO | credits : ['Shubham Jangid']
2023-03-10 11:49:45,261 | INFO | license : AGL PVT LIMITED
2023-03-10 11:49:45,261 | INFO | version : 1.0.0
2023-03-10 11:49:45,261 | INFO | maintainer : Shubham Jangid
2023-03-10 11:49:45,261 | INFO | contact_email : jangid.shubham@adglobal360.com
2023-03-10 11:49:45,261 | INFO | status : dev

2023-03-10 11:49:47,717 | INFO | Email inserted.
2023-03-10 11:49:47,965 | INFO | Password inserted.
2023-03-10 11:49:58,030 | INFO | login button clicked.
2023-03-10 11:49:58,030 | INFO | logged in successfully.
2023-03-10 11:49:58,030 | INFO | Report downloading and inserting data for supermart pca campaign
2023-03-10 11:50:11,323 | INFO | pop up box removed..
2023-03-10 11:50:17,380 | INFO | drop down clicked
2023-03-10 11:50:25,510 | INFO | supermart option selected...
2023-03-10 11:50:36,666 | INFO | Download btn clicked! Report downloaded
2023-03-10 11:50:41,670 | INFO | Downloaded file name : okegacacmqi.csv
2023-03-10 11:50:41,671 | INFO | changed file name : /home/shubh/Desktop/AGL/chrome-headless/pcaPlaReports/downloaded.csv
2023-03-10 11:50:41,671 | INFO | file name changed..
2023-03-10 11:50:41,671 | INFO | Downloaded file name : downloaded.csv
2023-03-10 11:50:41,671 | INFO | changed file name : /home/shubh/Desktop/AGL/chrome-headless/pcaPlaReports/downloaded.csv
2023-03-10 11:50:41,671 | INFO | file name changed..
2023-03-10 11:50:45,194 | INFO | inserting data...
2023-03-10 11:50:55,203 | INFO | file removed..
2023-03-10 11:50:57,206 | INFO | done for PCA
