2023-02-27 14:14:58,306 | INFO | Script Execution start at : 2023-02-27 14:14:58.306702
2023-02-27 14:14:58,684 | ERROR | Module not found error : ModuleNotFoundError("No module named 'rich'")
2023-02-27 14:14:58,684 | INFO | Module Description :  Flipkart PLA reports download module.

2023-02-27 14:14:58,684 | INFO | PyCon: “Code is more often read than written.” — Guido van Rossum
2023-02-27 14:14:58,684 | INFO | “Code tells you how; Comments tell you why.” — Jeff Atwood (aka Coding Horror)

2023-02-27 14:14:58,684 | INFO | Python Version : 3.10.4 (main, Apr  2 2022, 09:04:19) [GCC 11.2.0]
2023-02-27 14:14:58,684 | INFO | Platform : Linux
2023-02-27 14:14:58,684 | INFO | author :  AGL 
2023-02-27 14:14:58,684 | INFO | copyright : Copyright 2022, AGL
2023-02-27 14:14:58,684 | INFO | credits : ['Shubham Jangid']
2023-02-27 14:14:58,684 | INFO | license : AGL PVT LIMITED
2023-02-27 14:14:58,684 | INFO | version : 1.0.0
2023-02-27 14:14:58,684 | INFO | maintainer : Shubham Jangid
2023-02-27 14:14:58,684 | INFO | contact_email : jangid.shubham@adglobal360.com
2023-02-27 14:14:58,684 | INFO | status : dev

2023-02-27 14:15:05,105 | INFO | Email inserted.
2023-02-27 14:15:05,324 | INFO | Password inserted.
2023-02-27 14:15:15,449 | INFO | login button clicked.
2023-02-27 14:15:15,450 | INFO | logged in successfully.
2023-02-27 14:15:15,450 | INFO | Process start for ConsolidatedDailyReport
2023-02-27 14:15:15,450 | INFO | Process start for PlacementPerformanceReport
2023-02-27 14:15:15,451 | INFO | Process start for SearchTeamReport
2023-02-27 14:15:38,674 | INFO | pop up box removed..
2023-02-27 14:15:44,817 | INFO | ad product dropdown clicked
2023-02-27 14:15:50,948 | INFO | PLA option selected.
2023-02-27 14:15:53,068 | INFO | click report for box clicked
2023-02-27 14:15:55,231 | INFO | flipkart supermart option selected
2023-02-27 14:15:59,312 | INFO | report type drop down cliked
2023-02-27 14:16:07,460 | INFO | Report type selected
2023-02-27 14:16:07,460 | INFO | Search Team Report type selected
2023-02-27 14:16:13,574 | INFO | date div box clicked
2023-02-27 14:16:19,660 | INFO | Range selected..
2023-02-27 14:16:24,806 | INFO | Download button clicked
2023-02-27 14:16:29,809 | INFO | Report download completed...
2023-02-27 14:16:34,814 | INFO | Downloaded file name : j83vzf06ut.csv
2023-02-27 14:16:34,815 | INFO | changed file name : /home/shubh/Desktop/AGL/chrome-headless/plaReports/downloaded.csv
2023-02-27 14:16:34,815 | INFO | file name changed..
2023-02-27 14:16:34,815 | INFO | Downloaded file name : downloaded.csv
2023-02-27 14:16:34,815 | INFO | changed file name : /home/shubh/Desktop/AGL/chrome-headless/plaReports/downloaded.csv
2023-02-27 14:16:34,815 | INFO | file name changed..
2023-02-27 14:16:46,485 | INFO | inserting data...
2023-02-27 14:16:56,495 | INFO | file removed..
2023-02-27 14:16:56,496 | INFO | Process done for SearchTeamReport for PLA
