2023-03-10 11:45:00,149 | INFO | Script Execution start at : 2023-03-10 11:45:00.149721
2023-03-10 11:45:00,856 | ERROR | Module not found error : ModuleNotFoundError("No module named 'rich'")
2023-03-10 11:45:00,856 | INFO | Module Description :  Flipkart PCA/PLA Supermart reports download module.

2023-03-10 11:45:00,856 | INFO | PyCon: “Code is more often read than written.” — Guido van Rossum
2023-03-10 11:45:00,856 | INFO | “Code tells you how; Comments tell you why.” — Jeff Atwood (aka Coding Horror)

2023-03-10 11:45:00,856 | INFO | Python Version : 3.10.6 (main, Nov 14 2022, 16:10:14) [GCC 11.3.0]
2023-03-10 11:45:00,856 | INFO | Platform : Linux
2023-03-10 11:45:00,856 | INFO | author :  AGL 
2023-03-10 11:45:00,857 | INFO | copyright : Copyright 2022, AGL
2023-03-10 11:45:00,857 | INFO | credits : ['Shubham Jangid']
2023-03-10 11:45:00,857 | INFO | license : AGL PVT LIMITED
2023-03-10 11:45:00,857 | INFO | version : 1.0.0
2023-03-10 11:45:00,857 | INFO | maintainer : Shubham Jangid
2023-03-10 11:45:00,857 | INFO | contact_email : jangid.shubham@adglobal360.com
2023-03-10 11:45:00,857 | INFO | status : dev

2023-03-10 11:45:08,659 | INFO | Email inserted.
2023-03-10 11:45:08,873 | INFO | Password inserted.
2023-03-10 11:45:18,930 | INFO | login button clicked.
2023-03-10 11:45:18,930 | INFO | logged in successfully.
2023-03-10 11:45:18,930 | INFO | Report downloading and inserting data for supermart pca campaign
2023-03-10 11:45:26,229 | INFO | pop up box removed..
2023-03-10 11:45:32,293 | INFO | drop down clicked
2023-03-10 11:45:40,430 | INFO | supermart option selected...
2023-03-10 11:45:51,602 | INFO | Download btn clicked! Report downloaded
2023-03-10 11:45:56,607 | INFO | Downloaded file name : himxiwfdzi5.csv
2023-03-10 11:45:56,607 | INFO | changed file name : /home/shubh/Desktop/AGL/chrome-headless/pcaPlaReports/downloaded.csv
2023-03-10 11:45:56,607 | INFO | file name changed..
2023-03-10 11:45:56,607 | INFO | Downloaded file name : downloaded.csv
2023-03-10 11:45:56,607 | INFO | changed file name : /home/shubh/Desktop/AGL/chrome-headless/pcaPlaReports/downloaded.csv
2023-03-10 11:45:56,607 | INFO | file name changed..
