2023-03-09 15:15:33,688 | INFO | Script Execution start at : 2023-03-09 15:15:33.688127
2023-03-09 15:15:34,266 | INFO | Module Description :  Flipkart PCA reports download module.

2023-03-09 15:15:34,266 | INFO | PyCon: “Code is more often read than written.” — Guido van Rossum
2023-03-09 15:15:34,266 | INFO | “Code tells you how; Comments tell you why.” — Jeff Atwood (aka Coding Horror)

2023-03-09 15:15:34,267 | INFO | Python Version : 3.10.6 (main, Nov 14 2022, 16:10:14) [GCC 11.3.0]
2023-03-09 15:15:34,267 | INFO | Platform : Linux
2023-03-09 15:15:34,267 | INFO | author :  AGL 
2023-03-09 15:15:34,267 | INFO | copyright : Copyright 2022, AGL
2023-03-09 15:15:34,267 | INFO | credits : ['Shubham Jangid']
2023-03-09 15:15:34,267 | INFO | license : AGL PVT LIMITED
2023-03-09 15:15:34,267 | INFO | version : 1.0.0
2023-03-09 15:15:34,267 | INFO | maintainer : Shubham Jangid
2023-03-09 15:15:34,267 | INFO | contact_email : jangid.shubham@adglobal360.com
2023-03-09 15:15:34,267 | INFO | status : dev

2023-03-09 15:15:37,462 | INFO | Email inserted.
2023-03-09 15:15:37,641 | INFO | Password inserted.
2023-03-09 15:15:47,701 | INFO | login button clicked.
2023-03-09 15:15:47,702 | INFO | logged in successfully.
2023-03-09 15:15:47,702 | INFO | Process start for PlacementPerformanceReport
2023-03-09 15:15:58,803 | INFO | pop up box removed..
2023-03-09 15:16:04,883 | INFO | ad product dropdown clicked
2023-03-09 15:16:11,047 | INFO | PCA option selected.
2023-03-09 15:16:15,203 | INFO | report type drop down cliked
2023-03-09 15:16:23,294 | INFO | Report type selected
2023-03-09 15:16:23,294 | INFO | PlacementPerformanceReport Selected...
2023-03-09 15:16:29,443 | INFO | date div box clicked
2023-03-09 15:16:35,603 | INFO | Range selected..
2023-03-09 15:16:40,741 | INFO | Download button clicked
2023-03-09 15:16:45,744 | INFO | Report download completed...
2023-03-09 15:16:48,748 | INFO | Downloaded file name : oaxpko1b3zj.csv
2023-03-09 15:16:48,749 | INFO | changed file name : /home/shubh/Desktop/AGL/chrome-headless/pcaReports/downloaded.csv
2023-03-09 15:16:48,749 | INFO | file name changed..
2023-03-09 15:16:48,749 | INFO | Downloaded file name : downloaded.csv
2023-03-09 15:16:48,749 | INFO | changed file name : /home/shubh/Desktop/AGL/chrome-headless/pcaReports/downloaded.csv
2023-03-09 15:16:48,750 | INFO | file name changed..
