2023-03-11 16:18:26,269 | INFO | Script Execution start at : 2023-03-11 16:18:26.269620
2023-03-11 16:18:26,848 | INFO | Module Description :  Flipkart PLA reports download module.

2023-03-11 16:18:26,848 | INFO | PyCon: “Code is more often read than written.” — Guido van Rossum
2023-03-11 16:18:26,848 | INFO | “Code tells you how; Comments tell you why.” — Jeff Atwood (aka Coding Horror)

2023-03-11 16:18:26,848 | INFO | Python Version : 3.10.6 (main, Nov 14 2022, 16:10:14) [GCC 11.3.0]
2023-03-11 16:18:26,848 | INFO | Platform : Linux
2023-03-11 16:18:26,848 | INFO | author :  AGL 
2023-03-11 16:18:26,848 | INFO | copyright : Copyright 2022, AGL
2023-03-11 16:18:26,848 | INFO | credits : ['Shubham Jangid']
2023-03-11 16:18:26,848 | INFO | license : AGL PVT LIMITED
2023-03-11 16:18:26,848 | INFO | version : 1.0.0
2023-03-11 16:18:26,848 | INFO | maintainer : Shubham Jangid
2023-03-11 16:18:26,848 | INFO | contact_email : jangid.shubham@adglobal360.com
2023-03-11 16:18:26,849 | INFO | status : dev

2023-03-11 16:18:30,245 | INFO | Email inserted.
2023-03-11 16:18:30,433 | INFO | Password inserted.
2023-03-11 16:18:40,514 | INFO | login button clicked.
2023-03-11 16:18:40,514 | INFO | logged in successfully.
2023-03-11 16:18:40,514 | INFO | Process start for PlacementPerformanceReport
2023-03-11 16:18:40,515 | INFO | Process start for SearchTeamReport
2023-03-11 16:18:40,515 | INFO | Process start for Consolidated FSN  Report
2023-03-11 16:18:40,515 | INFO | Process start for Keyword Report
2023-03-11 16:18:51,862 | INFO | pop up box removed..
2023-03-11 16:18:57,922 | INFO | ad product dropdown clicked
2023-03-11 16:19:03,998 | INFO | PLA option selected
2023-03-11 16:19:06,073 | INFO | click report for box clicked
2023-03-11 16:19:08,137 | INFO | flipkart supermart option selected
2023-03-11 16:19:12,293 | INFO | report type drop down cliked
2023-03-11 16:19:20,482 | INFO | Report type selected
2023-03-11 16:19:20,483 | INFO | Keyword Report  type selected
2023-03-11 16:19:26,650 | INFO | date div box clicked
2023-03-11 16:19:32,734 | INFO | Range selected..
2023-03-11 16:19:37,814 | INFO | Download button clicked
2023-03-11 16:19:42,818 | INFO | Report download completed...
2023-03-11 16:19:47,823 | INFO | Downloaded file name : vuejutmpyq.csv
2023-03-11 16:19:47,823 | INFO | changed file name : /home/shubh/Desktop/AGL/chrome-headless/plaReports/downloaded.csv
2023-03-11 16:19:47,824 | INFO | file name changed..
2023-03-11 16:19:47,824 | INFO | Downloaded file name : downloaded.csv
2023-03-11 16:19:47,824 | INFO | changed file name : /home/shubh/Desktop/AGL/chrome-headless/plaReports/downloaded.csv
2023-03-11 16:19:47,825 | INFO | file name changed..
