2023-03-14 13:22:22,268 | INFO | Script Execution start at : 2023-03-14 13:22:22.268285
2023-03-14 13:22:22,645 | ERROR | Module not found error : ModuleNotFoundError("No module named 'rich'")
2023-03-14 13:22:22,645 | INFO | Module Description :  Flipkart Campaign|AdGroup|Creative|FSN automation script.

2023-03-14 13:22:22,646 | INFO | PyCon: “Code is more often read than written.” — Guido van Rossum
2023-03-14 13:22:22,646 | INFO | “Code tells you how; Comments tell you why.” — Jeff Atwood (aka Coding Horror)

2023-03-14 13:22:22,646 | INFO | Python Version : 3.10.6 (main, Nov 14 2022, 16:10:14) [GCC 11.3.0]
2023-03-14 13:22:22,646 | INFO | Platform : Linux
2023-03-14 13:22:22,646 | INFO | author :  AGL 
2023-03-14 13:22:22,646 | INFO | copyright : Copyright 2022, AGL
2023-03-14 13:22:22,646 | INFO | credits : ['Shubham Jangid']
2023-03-14 13:22:22,646 | INFO | license : AGL PVT LIMITED
2023-03-14 13:22:22,646 | INFO | version : 1.0.0
2023-03-14 13:22:22,646 | INFO | maintainer : Shubham Jangid
2023-03-14 13:22:22,646 | INFO | contact_email : jangid.shubham@adglobal360.com
2023-03-14 13:22:22,646 | INFO | status : dev

2023-03-14 13:22:23,899 | INFO | Logging in ...
2023-03-14 13:22:25,292 | INFO | Email inserted.
2023-03-14 13:22:25,497 | INFO | Password inserted.
2023-03-14 13:22:35,582 | INFO | login button clicked.
2023-03-14 13:22:35,582 | INFO | logged in successfully.
2023-03-14 13:22:48,898 | INFO | pop up box removed..
2023-03-14 13:22:55,088 | INFO | continue btn clicked
2023-03-14 13:23:00,256 | INFO | current val of budget is : 1002
2023-03-14 13:23:02,469 | INFO | New budget : 1002.0
2023-03-14 13:23:07,568 | INFO | final continue btn clicked
2023-03-14 13:23:13,660 | INFO | submit btn clicked
2023-03-14 13:23:24,804 | INFO | pop up box removed..
2023-03-14 13:23:27,821 | ERROR | Error in set budget.. NoSuchElementException()
2023-03-14 13:23:32,996 | INFO | final continue btn clicked
2023-03-14 13:23:39,116 | INFO | submit btn clicked
