2023-03-13 17:11:50,488 | INFO | Script Execution start at : 2023-03-13 17:11:50.488365
2023-03-13 17:11:50,868 | ERROR | Module not found error : ModuleNotFoundError("No module named 'rich'")
2023-03-13 17:11:50,868 | INFO | Module Description :  Flipkart Campaign|AdGroup|Creative|FSN automation script.

2023-03-13 17:11:50,868 | INFO | PyCon: “Code is more often read than written.” — Guido van Rossum
2023-03-13 17:11:50,869 | INFO | “Code tells you how; Comments tell you why.” — Jeff Atwood (aka Coding Horror)

2023-03-13 17:11:50,869 | INFO | Python Version : 3.10.6 (main, Nov 14 2022, 16:10:14) [GCC 11.3.0]
2023-03-13 17:11:50,869 | INFO | Platform : Linux
2023-03-13 17:11:50,869 | INFO | author :  AGL 
2023-03-13 17:11:50,869 | INFO | copyright : Copyright 2022, AGL
2023-03-13 17:11:50,869 | INFO | credits : ['Shubham Jangid']
2023-03-13 17:11:50,869 | INFO | license : AGL PVT LIMITED
2023-03-13 17:11:50,869 | INFO | version : 1.0.0
2023-03-13 17:11:50,869 | INFO | maintainer : Shubham Jangid
2023-03-13 17:11:50,869 | INFO | contact_email : jangid.shubham@adglobal360.com
2023-03-13 17:11:50,869 | INFO | status : dev

2023-03-13 17:11:52,047 | INFO | Logging in ...
2023-03-13 17:11:53,476 | INFO | Email inserted.
2023-03-13 17:11:53,651 | INFO | Password inserted.
2023-03-13 17:12:03,748 | INFO | login button clicked.
2023-03-13 17:12:03,748 | INFO | logged in successfully.
