2023-02-24 17:12:20,651 | INFO | Script Execution start at : 2023-02-24 17:12:20.651347
2023-02-24 17:12:21,010 | ERROR | Module not found error : ModuleNotFoundError("No module named 'pymysql'")
2023-02-24 17:12:21,010 | INFO | Module Description :  Flipkart PCA/PLA reports download module.

2023-02-24 17:12:21,010 | INFO | PyCon: “Code is more often read than written.” — Guido van Rossum
2023-02-24 17:12:21,010 | INFO | “Code tells you how; Comments tell you why.” — Jeff Atwood (aka Coding Horror)

2023-02-24 17:12:21,010 | INFO | Python Version : 3.10.4 (main, Apr  2 2022, 09:04:19) [GCC 11.2.0]
2023-02-24 17:12:21,010 | INFO | Platform : Linux
2023-02-24 17:12:21,010 | INFO | author :  AGL 
2023-02-24 17:12:21,010 | INFO | copyright : Copyright 2022, AGL
2023-02-24 17:12:21,010 | INFO | credits : ['Shubham Jangid']
2023-02-24 17:12:21,011 | INFO | license : AGL PVT LIMITED
2023-02-24 17:12:21,011 | INFO | version : 1.0.0
2023-02-24 17:12:21,011 | INFO | maintainer : Shubham Jangid
2023-02-24 17:12:21,011 | INFO | contact_email : jangid.shubham@adglobal360.com
2023-02-24 17:12:21,011 | INFO | status : dev

2023-02-24 17:12:29,028 | INFO | Email inserted.
2023-02-24 17:12:29,259 | INFO | Password inserted.
2023-02-24 17:12:44,345 | INFO | login button clicked.
2023-02-24 17:12:44,345 | INFO | logged in successfully.
2023-02-24 17:13:07,601 | INFO | ad product dropdown clicked
2023-02-24 17:13:27,753 | INFO | PCA option selected.
2023-02-24 17:13:37,828 | INFO | report type drop down cliked
2023-02-24 17:14:07,995 | INFO | Report type selected
2023-02-24 17:14:28,097 | INFO | date div box clicked
2023-02-24 17:14:48,197 | INFO | Range selected or yesterday date selected
