2023-03-14 13:26:18,563 | INFO | Script Execution start at : 2023-03-14 13:26:18.563644
2023-03-14 13:26:18,936 | ERROR | Module not found error : ModuleNotFoundError("No module named 'rich'")
2023-03-14 13:26:18,936 | INFO | Module Description :  Flipkart Campaign|AdGroup|Creative|FSN automation script.

2023-03-14 13:26:18,936 | INFO | PyCon: “Code is more often read than written.” — Guido van Rossum
2023-03-14 13:26:18,936 | INFO | “Code tells you how; Comments tell you why.” — Jeff Atwood (aka Coding Horror)

2023-03-14 13:26:18,937 | INFO | Python Version : 3.10.6 (main, Nov 14 2022, 16:10:14) [GCC 11.3.0]
2023-03-14 13:26:18,937 | INFO | Platform : Linux
2023-03-14 13:26:18,937 | INFO | author :  AGL 
2023-03-14 13:26:18,937 | INFO | copyright : Copyright 2022, AGL
2023-03-14 13:26:18,937 | INFO | credits : ['Shubham Jangid']
2023-03-14 13:26:18,937 | INFO | license : AGL PVT LIMITED
2023-03-14 13:26:18,937 | INFO | version : 1.0.0
2023-03-14 13:26:18,937 | INFO | maintainer : Shubham Jangid
2023-03-14 13:26:18,937 | INFO | contact_email : jangid.shubham@adglobal360.com
2023-03-14 13:26:18,937 | INFO | status : dev

2023-03-14 13:26:20,200 | INFO | Logging in ...
2023-03-14 13:26:21,656 | INFO | Email inserted.
2023-03-14 13:26:21,843 | INFO | Password inserted.
2023-03-14 13:26:31,900 | INFO | login button clicked.
2023-03-14 13:26:31,900 | INFO | logged in successfully.
2023-03-14 13:26:43,016 | INFO | pop up box removed..
2023-03-14 13:26:49,129 | INFO | continue btn clicked
2023-03-14 13:26:54,268 | INFO | current val of budget is : 1002
2023-03-14 13:26:56,509 | INFO | New budget : 1002.0
2023-03-14 13:27:01,604 | INFO | final continue btn clicked
2023-03-14 13:27:07,700 | INFO | submit btn clicked
2023-03-14 13:27:18,700 | INFO | pop up box removed..
2023-03-14 13:27:24,796 | INFO | current val of budget is : 1002
2023-03-14 13:27:26,972 | INFO | New budget : 1002.0
2023-03-14 13:27:32,068 | INFO | final continue btn clicked
2023-03-14 13:27:38,156 | INFO | submit btn clicked
