2023-03-09 16:13:55,434 | INFO | Script Execution start at : 2023-03-09 16:13:55.433264
2023-03-09 16:13:56,065 | INFO | Module Description :  Flipkart PCA reports download module.

2023-03-09 16:13:56,065 | INFO | PyCon: “Code is more often read than written.” — Guido van Rossum
2023-03-09 16:13:56,065 | INFO | “Code tells you how; Comments tell you why.” — Jeff Atwood (aka Coding Horror)

2023-03-09 16:13:56,065 | INFO | Python Version : 3.10.6 (main, Nov 14 2022, 16:10:14) [GCC 11.3.0]
2023-03-09 16:13:56,065 | INFO | Platform : Linux
2023-03-09 16:13:56,065 | INFO | author :  AGL 
2023-03-09 16:13:56,065 | INFO | copyright : Copyright 2022, AGL
2023-03-09 16:13:56,065 | INFO | credits : ['Shubham Jangid']
2023-03-09 16:13:56,066 | INFO | license : AGL PVT LIMITED
2023-03-09 16:13:56,066 | INFO | version : 1.0.0
2023-03-09 16:13:56,066 | INFO | maintainer : Shubham Jangid
2023-03-09 16:13:56,066 | INFO | contact_email : jangid.shubham@adglobal360.com
2023-03-09 16:13:56,066 | INFO | status : dev

2023-03-09 16:13:59,015 | INFO | Email inserted.
2023-03-09 16:13:59,198 | INFO | Password inserted.
2023-03-09 16:14:09,307 | INFO | login button clicked.
2023-03-09 16:14:09,308 | INFO | logged in successfully.
2023-03-09 16:14:09,308 | INFO | Process start for PlacementPerformanceReport
2023-03-09 16:14:20,606 | INFO | pop up box removed..
2023-03-09 16:14:26,751 | INFO | ad product dropdown clicked
2023-03-09 16:14:32,831 | INFO | PCA option selected.
2023-03-09 16:14:36,915 | INFO | report type drop down cliked
2023-03-09 16:14:45,085 | INFO | Report type selected
2023-03-09 16:14:45,085 | INFO | PlacementPerformanceReport Selected...
2023-03-09 16:14:51,266 | INFO | date div box clicked
2023-03-09 16:14:57,410 | INFO | Range selected..
2023-03-09 16:15:02,494 | INFO | Download button clicked
2023-03-09 16:15:07,495 | INFO | Report download completed...
2023-03-09 16:15:10,499 | INFO | Downloaded file name : xmticihsr2e.csv
2023-03-09 16:15:10,499 | INFO | changed file name : /home/shubh/Desktop/AGL/chrome-headless/pcaReports/downloaded.csv
2023-03-09 16:15:10,499 | INFO | file name changed..
2023-03-09 16:15:10,499 | INFO | Downloaded file name : downloaded.csv
2023-03-09 16:15:10,499 | INFO | changed file name : /home/shubh/Desktop/AGL/chrome-headless/pcaReports/downloaded.csv
2023-03-09 16:15:10,499 | INFO | file name changed..
