2023-03-11 14:46:54,256 | INFO | Script Execution start at : 2023-03-11 14:46:54.254203
2023-03-11 14:46:54,728 | INFO | Module Description :  Flipkart PLA reports download module.

2023-03-11 14:46:54,728 | INFO | PyCon: “Code is more often read than written.” — Guido van Rossum
2023-03-11 14:46:54,728 | INFO | “Code tells you how; Comments tell you why.” — Jeff Atwood (aka Coding Horror)

2023-03-11 14:46:54,728 | INFO | Python Version : 3.10.6 (main, Nov 14 2022, 16:10:14) [GCC 11.3.0]
2023-03-11 14:46:54,728 | INFO | Platform : Linux
2023-03-11 14:46:54,728 | INFO | author :  AGL 
2023-03-11 14:46:54,728 | INFO | copyright : Copyright 2022, AGL
2023-03-11 14:46:54,728 | INFO | credits : ['Shubham Jangid']
2023-03-11 14:46:54,728 | INFO | license : AGL PVT LIMITED
2023-03-11 14:46:54,728 | INFO | version : 1.0.0
2023-03-11 14:46:54,728 | INFO | maintainer : Shubham Jangid
2023-03-11 14:46:54,728 | INFO | contact_email : jangid.shubham@adglobal360.com
2023-03-11 14:46:54,728 | INFO | status : dev

2023-03-11 14:46:58,045 | INFO | Email inserted.
2023-03-11 14:46:58,249 | INFO | Password inserted.
2023-03-11 14:47:08,326 | INFO | login button clicked.
2023-03-11 14:47:08,326 | INFO | logged in successfully.
2023-03-11 14:47:08,326 | INFO | Process start for PlacementPerformanceReport
2023-03-11 14:47:08,326 | INFO | Process start for SearchTeamReport
2023-03-11 14:47:19,647 | INFO | pop up box removed..
2023-03-11 14:47:25,762 | INFO | ad product dropdown clicked
2023-03-11 14:47:31,898 | INFO | PLA option selected
2023-03-11 14:47:34,979 | INFO | click report for box clicked
2023-03-11 14:47:38,032 | INFO | flipkart supermart option selected
2023-03-11 14:47:43,120 | INFO | report type drop down cliked
2023-03-11 14:47:51,294 | INFO | Report type selected
2023-03-11 14:47:51,294 | INFO | Search Team Report type selected
2023-03-11 14:47:57,417 | INFO | date div box clicked
2023-03-11 14:48:03,486 | INFO | Range selected..
2023-03-11 14:48:08,587 | INFO | Download button clicked
2023-03-11 14:48:13,590 | INFO | Report download completed...
2023-03-11 14:48:18,595 | INFO | Downloaded file name : sxl0mt4u79c.csv
2023-03-11 14:48:18,595 | INFO | changed file name : /home/shubh/Desktop/AGL/chrome-headless/plaReports/downloaded.csv
2023-03-11 14:48:18,596 | INFO | file name changed..
2023-03-11 14:48:18,596 | INFO | Downloaded file name : downloaded.csv
2023-03-11 14:48:18,596 | INFO | changed file name : /home/shubh/Desktop/AGL/chrome-headless/plaReports/downloaded.csv
2023-03-11 14:48:18,597 | INFO | file name changed..
