2023-02-25 12:37:18,169 | INFO | Script Execution start at : 2023-02-25 12:37:18.169711
2023-02-25 12:37:18,542 | ERROR | Module not found error : ModuleNotFoundError("No module named 'pymysql'")
2023-02-25 12:37:18,542 | INFO | Module Description :  Flipkart PCA/PLA reports download module.

2023-02-25 12:37:18,542 | INFO | PyCon: “Code is more often read than written.” — Guido van Rossum
2023-02-25 12:37:18,542 | INFO | “Code tells you how; Comments tell you why.” — Jeff Atwood (aka Coding Horror)

2023-02-25 12:37:18,543 | INFO | Python Version : 3.10.4 (main, Apr  2 2022, 09:04:19) [GCC 11.2.0]
2023-02-25 12:37:18,543 | INFO | Platform : Linux
2023-02-25 12:37:18,543 | INFO | author :  AGL 
2023-02-25 12:37:18,543 | INFO | copyright : Copyright 2022, AGL
2023-02-25 12:37:18,543 | INFO | credits : ['Shubham Jangid']
2023-02-25 12:37:18,543 | INFO | license : AGL PVT LIMITED
2023-02-25 12:37:18,543 | INFO | version : 1.0.0
2023-02-25 12:37:18,543 | INFO | maintainer : Shubham Jangid
2023-02-25 12:37:18,543 | INFO | contact_email : jangid.shubham@adglobal360.com
2023-02-25 12:37:18,543 | INFO | status : dev

2023-02-25 12:37:21,215 | INFO | Email inserted.
2023-02-25 12:37:21,438 | INFO | Password inserted.
2023-02-25 12:37:36,521 | INFO | login button clicked.
2023-02-25 12:37:36,521 | INFO | logged in successfully.
2023-02-25 12:37:44,485 | INFO | pop up box removed..
2023-02-25 12:37:56,545 | INFO | ad product dropdown clicked
2023-02-25 12:38:08,617 | INFO | PCA option selected.
2023-02-25 12:38:10,665 | ERROR | Error click report type drop down NoSuchElementException()
2023-02-25 12:38:12,675 | ERROR | Error selecting report type NoSuchElementException()
2023-02-25 12:38:14,709 | ERROR |  Date div not found NoSuchElementException()
2023-02-25 12:38:16,736 | ERROR | Range not clicked or found NoSuchElementException()
2023-02-25 12:38:18,782 | ERROR | Error downloading selected report.
