2023-03-09 10:41:20,342 | INFO | Script Execution start at : 2023-03-09 10:41:20.342316
2023-03-09 10:41:21,994 | INFO | Module Description :  Flipkart Campaign automation script.

2023-03-09 10:41:21,995 | INFO | PyCon: “Code is more often read than written.” — Guido van Rossum
2023-03-09 10:41:21,995 | INFO | “Code tells you how; Comments tell you why.” — Jeff Atwood (aka Coding Horror)

2023-03-09 10:41:21,995 | INFO | Python Version : 3.10.6 (main, Nov 14 2022, 16:10:14) [GCC 11.3.0]
2023-03-09 10:41:21,995 | INFO | Platform : Linux
2023-03-09 10:41:21,995 | INFO | author :  AGL 
2023-03-09 10:41:21,995 | INFO | copyright : Copyright 2022, AGL
2023-03-09 10:41:21,995 | INFO | credits : ['Shubham Jangid']
2023-03-09 10:41:21,995 | INFO | license : AGL PVT LIMITED
2023-03-09 10:41:21,995 | INFO | version : 1.0.0
2023-03-09 10:41:21,995 | INFO | maintainer : Shubham Jangid
2023-03-09 10:41:21,995 | INFO | contact_email : jangid.shubham@adglobal360.com
2023-03-09 10:41:21,995 | INFO | status : dev

2023-03-09 10:41:25,071 | INFO | Email inserted.
2023-03-09 10:41:25,289 | INFO | Password inserted.
2023-03-09 10:41:35,368 | INFO | login button clicked.
2023-03-09 10:41:35,368 | INFO | logged in successfully.
2023-03-09 10:41:43,394 | ERROR | Error removing pop up box
2023-03-09 10:41:52,403 | INFO | pop up box removed..
