2023-03-10 11:40:34,362 | INFO | Script Execution start at : 2023-03-10 11:40:34.362275
2023-03-10 11:40:35,153 | INFO | Module Description :  Flipkart PCA/PLA Supermart reports download module.

2023-03-10 11:40:35,153 | INFO | PyCon: “Code is more often read than written.” — Guido van Rossum
2023-03-10 11:40:35,153 | INFO | “Code tells you how; Comments tell you why.” — Jeff Atwood (aka Coding Horror)

2023-03-10 11:40:35,154 | INFO | Python Version : 3.10.6 (main, Nov 14 2022, 16:10:14) [GCC 11.3.0]
2023-03-10 11:40:35,154 | INFO | Platform : Linux
2023-03-10 11:40:35,154 | INFO | author :  AGL 
2023-03-10 11:40:35,154 | INFO | copyright : Copyright 2022, AGL
2023-03-10 11:40:35,154 | INFO | credits : ['Shubham Jangid']
2023-03-10 11:40:35,154 | INFO | license : AGL PVT LIMITED
2023-03-10 11:40:35,154 | INFO | version : 1.0.0
2023-03-10 11:40:35,154 | INFO | maintainer : Shubham Jangid
2023-03-10 11:40:35,154 | INFO | contact_email : jangid.shubham@adglobal360.com
2023-03-10 11:40:35,154 | INFO | status : dev

2023-03-10 11:40:38,541 | INFO | Email inserted.
2023-03-10 11:40:38,827 | INFO | Password inserted.
2023-03-10 11:40:48,886 | INFO | login button clicked.
2023-03-10 11:40:48,886 | INFO | logged in successfully.
2023-03-10 11:40:48,887 | INFO | Report downloading and inserting data for supermart pca campaign
2023-03-10 11:40:55,385 | INFO | pop up box removed..
2023-03-10 11:41:01,466 | INFO | drop down clicked
2023-03-10 11:41:09,654 | INFO | supermart option selected...
2023-03-10 11:41:20,742 | INFO | Download btn clicked! Report downloaded
2023-03-10 11:41:25,747 | INFO | Downloaded file name : 0xh5alep18l.csv
2023-03-10 11:41:25,747 | INFO | changed file name : /home/shubh/Desktop/AGL/chrome-headless/pcaPlaReports/downloaded.csv
2023-03-10 11:41:25,747 | INFO | file name changed..
2023-03-10 11:41:25,747 | INFO | Downloaded file name : downloaded.csv
2023-03-10 11:41:25,747 | INFO | changed file name : /home/shubh/Desktop/AGL/chrome-headless/pcaPlaReports/downloaded.csv
2023-03-10 11:41:25,747 | INFO | file name changed..
