2023-02-27 12:09:04,992 | INFO | Script Execution start at : 2023-02-27 12:09:04.992036
2023-02-27 12:09:05,356 | ERROR | Module not found error : ModuleNotFoundError("No module named 'rich'")
2023-02-27 12:09:05,357 | INFO | Module Description :  Flipkart PCA reports download module.

2023-02-27 12:09:05,357 | INFO | PyCon: “Code is more often read than written.” — Guido van Rossum
2023-02-27 12:09:05,357 | INFO | “Code tells you how; Comments tell you why.” — Jeff Atwood (aka Coding Horror)

2023-02-27 12:09:05,357 | INFO | Python Version : 3.10.4 (main, Apr  2 2022, 09:04:19) [GCC 11.2.0]
2023-02-27 12:09:05,357 | INFO | Platform : Linux
2023-02-27 12:09:05,357 | INFO | author :  AGL 
2023-02-27 12:09:05,357 | INFO | copyright : Copyright 2022, AGL
2023-02-27 12:09:05,357 | INFO | credits : ['Shubham Jangid']
2023-02-27 12:09:05,357 | INFO | license : AGL PVT LIMITED
2023-02-27 12:09:05,357 | INFO | version : 1.0.0
2023-02-27 12:09:05,357 | INFO | maintainer : Shubham Jangid
2023-02-27 12:09:05,357 | INFO | contact_email : jangid.shubham@adglobal360.com
2023-02-27 12:09:05,357 | INFO | status : dev

2023-02-27 12:09:08,462 | INFO | Email inserted.
2023-02-27 12:09:08,651 | INFO | Password inserted.
2023-02-27 12:09:18,732 | INFO | login button clicked.
2023-02-27 12:09:18,732 | INFO | logged in successfully.
2023-02-27 12:09:18,732 | INFO | Process start for ConsolidatedDailyReport
2023-02-27 12:09:18,733 | INFO | Process start for PlacementPerformanceReport
2023-02-27 12:09:18,733 | INFO | Process start for SearchTeamReport
2023-02-27 12:09:18,733 | INFO | Process start for Attributed FSN Report
2023-02-27 12:09:18,733 | INFO | Process start for flipkart_supermart_keyword_report_pca
2023-02-27 12:09:18,733 | INFO | flipkart_supermart_seller_report_pca
2023-02-27 12:09:30,454 | INFO | pop up box removed..
2023-02-27 12:09:36,507 | INFO | ad product dropdown clicked
2023-02-27 12:09:42,660 | INFO | PCA option selected.
2023-02-27 12:09:46,737 | INFO | report type drop down cliked
2023-02-27 12:09:54,913 | INFO | Report type selected
2023-02-27 12:09:54,914 | INFO | Attributed Keyword Report...
2023-02-27 12:10:01,156 | INFO | date div box clicked
2023-02-27 12:10:07,270 | INFO | Range selected..
2023-02-27 12:10:12,330 | INFO | Download button clicked
2023-02-27 12:10:17,335 | INFO | Report download completed...
2023-02-27 12:10:19,338 | INFO | Downloaded file name : qh6vn8pv2g.csv
2023-02-27 12:10:19,339 | INFO | changed file name : /home/shubh/Desktop/AGL/chrome-headless/pcaReports/downloaded.csv
2023-02-27 12:10:19,339 | INFO | file name changed..
