2023-03-13 15:48:12,593 | INFO | Script Execution start at : 2023-03-13 15:48:12.593306
2023-03-13 15:48:12,953 | ERROR | Module not found error : ModuleNotFoundError("No module named 'rich'")
2023-03-13 15:48:12,954 | INFO | Module Description :  Flipkart Campaign|AdGroup|Creative|FSN automation script.

2023-03-13 15:48:12,954 | INFO | PyCon: “Code is more often read than written.” — Guido van Rossum
2023-03-13 15:48:12,954 | INFO | “Code tells you how; Comments tell you why.” — Jeff Atwood (aka Coding Horror)

2023-03-13 15:48:12,954 | INFO | Python Version : 3.10.6 (main, Nov 14 2022, 16:10:14) [GCC 11.3.0]
2023-03-13 15:48:12,954 | INFO | Platform : Linux
2023-03-13 15:48:12,954 | INFO | author :  AGL 
2023-03-13 15:48:12,954 | INFO | copyright : Copyright 2022, AGL
2023-03-13 15:48:12,954 | INFO | credits : ['Shubham Jangid']
2023-03-13 15:48:12,954 | INFO | license : AGL PVT LIMITED
2023-03-13 15:48:12,954 | INFO | version : 1.0.0
2023-03-13 15:48:12,954 | INFO | maintainer : Shubham Jangid
2023-03-13 15:48:12,954 | INFO | contact_email : jangid.shubham@adglobal360.com
2023-03-13 15:48:12,954 | INFO | status : dev

2023-03-13 15:48:14,170 | INFO | Logging in ...
2023-03-13 15:48:16,883 | INFO | Email inserted.
2023-03-13 15:48:17,055 | INFO | Password inserted.
2023-03-13 15:48:27,152 | INFO | login button clicked.
2023-03-13 15:48:27,152 | INFO | logged in successfully.
2023-03-13 15:48:38,163 | INFO | Segment pca and campaign_id 3DQQ674515LR and ad_group_id ZDM61QRF9XKC selected.
2023-03-13 15:48:40,307 | INFO | pop up box removed..
2023-03-13 15:48:43,310 | INFO | Pop up box removed...
2023-03-13 15:48:48,458 | INFO | ad group  state changed successfully
